2023-11-21 20:22:47,603 [INFO] Activator:176 - 


2023-11-21 20:22:47,614 [INFO] Activator:177 - !SESSION log4j initialized
2023-11-21 20:22:49,646 [INFO] LogOutputStream:77 - [STDOUT_REDIRECT] 
2023-11-21 20:22:50,970 [INFO] ApplicationProperties:184 - Using Application install path: H:\STM32CubeIDE_1.13.2\STM32CubeIDE\plugins\com.st.stm32cube.common.mx_6.9.2.202309101412
2023-11-21 20:22:50,983 [INFO] DbMcusXml:78 - Set database path to: H:\STM32CubeIDE_1.13.2\STM32CubeIDE\plugins\com.st.stm32cube.common.mx_6.9.2.202309101412\\db\/mcu/
2023-11-21 20:22:50,983 [INFO] ApiDb:274 - Set plugin database path to: H:\STM32CubeIDE_1.13.2\STM32CubeIDE\plugins\com.st.stm32cube.common.mx_6.9.2.202309101412\\db\/plugins/boardmanager/
2023-11-21 20:22:50,984 [WARN] ApiDb:259 - Overriding images path with different value:  => H:\STM32CubeIDE_1.13.2\STM32CubeIDE\plugins\com.st.stm32cube.common.mx_6.9.2.202309101412\\db\/plugins/mcufinder/images/
2023-11-21 20:22:50,989 [INFO] ApiDb:250 - Set database path to: C:\Users\Bence\.stmcufinder\plugins\mcufinder//mcu/
2023-11-21 20:22:50,990 [INFO] DbMcusAds:125 - Set database path to: C:\Users\Bence\.stmcufinder\plugins\mcufinder//mcu/
2023-11-21 20:22:50,992 [INFO] CrossReferenceDbSqlite:203 - Set database path to: C:\Users\Bence\.stmcufinder\plugins\mcufinder//mcu/cs/
2023-11-21 20:22:51,065 [INFO] RulesReader:64 - Compatibility file has been processed (293 Rules)
2023-11-21 20:22:51,115 [INFO] DbMcusXml:78 - Set database path to: H:\STM32CubeIDE_1.13.2\STM32CubeIDE\plugins\com.st.stm32cube.common.mx_6.9.2.202309101412\\db\/mcu/
2023-11-21 20:22:51,115 [INFO] ApiDb:274 - Set plugin database path to: H:\STM32CubeIDE_1.13.2\STM32CubeIDE\plugins\com.st.stm32cube.common.mx_6.9.2.202309101412\\db\/plugins/boardmanager/
2023-11-21 20:22:51,115 [INFO] ApiDb:261 - Set plugin images path to: H:\STM32CubeIDE_1.13.2\STM32CubeIDE\plugins\com.st.stm32cube.common.mx_6.9.2.202309101412\\db\/plugins/mcufinder/images/
2023-11-21 20:22:51,115 [WARN] DbFile:41 - Overriding database path with different value: C:\Users\Bence\.stmcufinder\plugins\mcufinder/ => C:\Users\Bence\.stmcufinder\plugins\mcufinder
2023-11-21 20:22:51,115 [INFO] ApiDb:250 - Set database path to: C:\Users\Bence\.stmcufinder\plugins\mcufinder//mcu/
2023-11-21 20:22:51,115 [WARN] DbFile:41 - Overriding database path with different value: C:\Users\Bence\.stmcufinder\plugins\mcufinder/ => C:\Users\Bence\.stmcufinder\plugins\mcufinder
2023-11-21 20:22:51,115 [INFO] DbMcusAds:125 - Set database path to: C:\Users\Bence\.stmcufinder\plugins\mcufinder//mcu/
2023-11-21 20:22:51,115 [WARN] DbFile:41 - Overriding database path with different value: C:\Users\Bence\.stmcufinder\plugins\mcufinder/ => C:\Users\Bence\.stmcufinder\plugins\mcufinder
2023-11-21 20:22:51,115 [WARN] DbFile:41 - Overriding database path with different value: C:\Users\Bence\.stmcufinder\plugins\mcufinder/ => C:\Users\Bence\.stmcufinder\plugins\mcufinder
2023-11-21 20:22:51,115 [INFO] CrossReferenceDbSqlite:203 - Set database path to: C:\Users\Bence\.stmcufinder\plugins\mcufinder//mcu/cs/
2023-11-21 20:22:51,162 [INFO] MainPanel:262 - HeapMemory: 268435456
2023-11-21 20:22:51,211 [INFO] DbMcusXml:78 - Set database path to: H:\STM32CubeIDE_1.13.2\STM32CubeIDE\plugins\com.st.stm32cube.common.mx_6.9.2.202309101412\\db\/mcu/
2023-11-21 20:22:51,211 [INFO] ApiDb:274 - Set plugin database path to: H:\STM32CubeIDE_1.13.2\STM32CubeIDE\plugins\com.st.stm32cube.common.mx_6.9.2.202309101412\\db\/plugins/boardmanager/
2023-11-21 20:22:51,211 [INFO] ApiDb:261 - Set plugin images path to: H:\STM32CubeIDE_1.13.2\STM32CubeIDE\plugins\com.st.stm32cube.common.mx_6.9.2.202309101412\\db\/plugins/mcufinder/images/
2023-11-21 20:22:51,211 [WARN] DbFile:41 - Overriding database path with different value: C:\Users\Bence\.stmcufinder\plugins\mcufinder/ => C:\Users\Bence\.stmcufinder\plugins\mcufinder
2023-11-21 20:22:51,212 [INFO] ApiDb:250 - Set database path to: C:\Users\Bence\.stmcufinder\plugins\mcufinder//mcu/
2023-11-21 20:22:51,212 [WARN] DbFile:41 - Overriding database path with different value: C:\Users\Bence\.stmcufinder\plugins\mcufinder/ => C:\Users\Bence\.stmcufinder\plugins\mcufinder
2023-11-21 20:22:51,212 [INFO] DbMcusAds:125 - Set database path to: C:\Users\Bence\.stmcufinder\plugins\mcufinder//mcu/
2023-11-21 20:22:51,212 [WARN] DbFile:41 - Overriding database path with different value: C:\Users\Bence\.stmcufinder\plugins\mcufinder/ => C:\Users\Bence\.stmcufinder\plugins\mcufinder
2023-11-21 20:22:51,212 [WARN] DbFile:41 - Overriding database path with different value: C:\Users\Bence\.stmcufinder\plugins\mcufinder/ => C:\Users\Bence\.stmcufinder\plugins\mcufinder
2023-11-21 20:22:51,212 [INFO] CrossReferenceDbSqlite:203 - Set database path to: C:\Users\Bence\.stmcufinder\plugins\mcufinder//mcu/cs/
2023-11-21 20:22:51,224 [INFO] ApplicationProperties:184 - Using Application install path: H:\STM32CubeIDE_1.13.2\STM32CubeIDE\plugins\com.st.stm32cube.common.mx_6.9.2.202309101412
2023-11-21 20:22:51,225 [INFO] PluginManage:196 - Search for loadable plugins [exclusion list=, ]
2023-11-21 20:22:51,226 [INFO] PluginManage:310 - Check plugin analytics
2023-11-21 20:22:51,340 [INFO] AnalyticsPlugin:253 - Accepted Software Licenses: 
2023-11-21 20:22:51,340 [INFO] AnalyticsPlugin:255 - Accepted CMSIS Pack Licenses: 
2023-11-21 20:22:51,340 [INFO] AnalyticsPlugin:257 - Accepted Firmware Licenses: FW.F4.1.27.0
2023-11-21 20:22:51,342 [INFO] PluginManage:359 - Loaded plugin analytics (category:tool,tabindex:-1)
2023-11-21 20:22:51,342 [INFO] PluginManage:310 - Check plugin cadmodel
2023-11-21 20:22:51,345 [INFO] CADModel:105 - Init CAD model plugin
2023-11-21 20:22:51,345 [INFO] PluginManage:359 - Loaded plugin cadmodel (category:power,tabindex:5)
2023-11-21 20:22:51,345 [INFO] PluginManage:310 - Check plugin clock
2023-11-21 20:22:51,351 [INFO] PluginManage:359 - Loaded plugin clock (category:base,tabindex:2)
2023-11-21 20:22:51,351 [INFO] PluginManage:310 - Check plugin ddr
2023-11-21 20:22:51,352 [INFO] PluginManage:359 - Loaded plugin ddr (category:tool,tabindex:6)
2023-11-21 20:22:51,352 [INFO] PluginManage:310 - Check plugin filemanager
2023-11-21 20:22:51,438 [INFO] PluginManage:359 - Loaded plugin filemanager (category:base,tabindex:10)
2023-11-21 20:22:51,439 [INFO] PluginManage:310 - Check plugin ipmanager
2023-11-21 20:22:51,443 [INFO] PluginManage:359 - Loaded plugin ipmanager (category:base,tabindex:5)
2023-11-21 20:22:51,443 [INFO] PluginManage:310 - Check plugin lpbam
2023-11-21 20:22:51,449 [INFO] PluginManage:359 - Loaded plugin lpbam (category:base,tabindex:0)
2023-11-21 20:22:51,449 [INFO] PluginManage:310 - Check plugin memorymap
2023-11-21 20:22:51,456 [INFO] PluginManage:359 - Loaded plugin memorymap (category:base,tabindex:4)
2023-11-21 20:22:51,456 [INFO] PluginManage:310 - Check plugin pinoutandconfiguration
2023-11-21 20:22:51,461 [INFO] PluginManage:359 - Loaded plugin pinoutandconfiguration (category:base,tabindex:1)
2023-11-21 20:22:51,461 [INFO] PluginManage:310 - Check plugin pinoutconfig
2023-11-21 20:22:51,520 [WARN] SupportedApi:132 - Cannot load RTOS API schema: s4s-elt-must-match.1: The content of 'definitions' must match (annotation?, (simpleType | complexType)?, (unique | key | keyref)*)). A problem was found starting at: attribute.
2023-11-21 20:22:51,619 [INFO] PluginManage:359 - Loaded plugin pinoutconfig (category:base,tabindex:0)
2023-11-21 20:22:51,619 [INFO] PluginManage:310 - Check plugin power
2023-11-21 20:22:51,627 [INFO] PluginManage:359 - Loaded plugin power (category:power,tabindex:4)
2023-11-21 20:22:51,627 [INFO] PluginManage:310 - Check plugin projectmanager
2023-11-21 20:22:51,637 [INFO] PluginManage:359 - Loaded plugin projectmanager (category:projectmanager,tabindex:3)
2023-11-21 20:22:51,637 [INFO] PluginManage:310 - Check plugin thirdparty
2023-11-21 20:22:51,731 [INFO] PluginManage:359 - Loaded plugin thirdparty (category:base,tabindex:-1)
2023-11-21 20:22:51,732 [INFO] PluginManage:310 - Check plugin tools
2023-11-21 20:22:51,731 [WARN] IntegrityCheckThread:84 - waiting for thirdparty lock release [integrity check]
2023-11-21 20:22:51,732 [INFO] IntegrityCheckThread:86 - entering critical section [integrity check]
2023-11-21 20:22:51,732 [INFO] ThirdPartyUpdaterWithRetryManager:70 - Updater plugin not ready yet. [1/15]
2023-11-21 20:22:51,733 [INFO] PluginManage:359 - Loaded plugin tools (category:base,tabindex:7)
2023-11-21 20:22:51,733 [INFO] PluginManage:310 - Check plugin tutovideos
2023-11-21 20:22:51,835 [INFO] PluginManage:359 - Loaded plugin tutovideos (category:base,tabindex:-1)
2023-11-21 20:22:51,836 [INFO] PluginManage:310 - Check plugin updater
2023-11-21 20:22:51,841 [INFO] PluginManage:359 - Loaded plugin updater (category:base,tabindex:12)
2023-11-21 20:22:51,841 [INFO] PluginManage:310 - Check plugin userauth
2023-11-21 20:22:51,844 [INFO] UserAuth:113 - Init User Auth plugin
2023-11-21 20:22:51,844 [INFO] PluginManage:359 - Loaded plugin userauth (category:base,tabindex:14)
2023-11-21 20:22:51,845 [INFO] PluginManage:283 - PluginManage : Loaded plugins [17]
2023-11-21 20:22:51,970 [INFO] PinOutPanel:1499 - setPackage(No Configuration,No Configuration)
2023-11-21 20:22:52,043 [INFO] CADModel:165 - CPN selected for project level
2023-11-21 20:22:52,043 [INFO] CADModel:114 - Register for checkConnection events
2023-11-21 20:22:52,052 [INFO] IPUIPlugin:80 - create IPUIPlugin
2023-11-21 20:22:52,053 [INFO] PluginManager:220 - loadIPPluginJar : add adc
2023-11-21 20:22:52,055 [INFO] IPUIPlugin:80 - create IPUIPlugin
2023-11-21 20:22:52,055 [INFO] PluginManager:220 - loadIPPluginJar : add aes
2023-11-21 20:22:52,056 [INFO] IPUIPlugin:80 - create IPUIPlugin
2023-11-21 20:22:52,056 [INFO] PluginManager:220 - loadIPPluginJar : add can
2023-11-21 20:22:52,057 [INFO] IPUIPlugin:80 - create IPUIPlugin
2023-11-21 20:22:52,057 [INFO] PluginManager:220 - loadIPPluginJar : add comp
2023-11-21 20:22:52,059 [INFO] IPUIPlugin:80 - create IPUIPlugin
2023-11-21 20:22:52,059 [INFO] PluginManager:220 - loadIPPluginJar : add cryp
2023-11-21 20:22:52,060 [INFO] IPUIPlugin:80 - create IPUIPlugin
2023-11-21 20:22:52,060 [INFO] PluginManager:220 - loadIPPluginJar : add dfsdm
2023-11-21 20:22:52,064 [INFO] IPUIPlugin:80 - create IPUIPlugin
2023-11-21 20:22:52,064 [INFO] PluginManager:220 - loadIPPluginJar : add dma
2023-11-21 20:22:52,066 [INFO] IPUIPlugin:80 - create IPUIPlugin
2023-11-21 20:22:52,066 [INFO] PluginManager:220 - loadIPPluginJar : add dma3
2023-11-21 20:22:52,067 [INFO] IPUIPlugin:80 - create IPUIPlugin
2023-11-21 20:22:52,067 [INFO] PluginManager:220 - loadIPPluginJar : add fatfs
2023-11-21 20:22:52,069 [INFO] IPUIPlugin:80 - create IPUIPlugin
2023-11-21 20:22:52,069 [INFO] PluginManager:220 - loadIPPluginJar : add fmc
2023-11-21 20:22:52,072 [INFO] IPUIPlugin:80 - create IPUIPlugin
2023-11-21 20:22:52,073 [INFO] PluginManager:220 - loadIPPluginJar : add freertos
2023-11-21 20:22:52,074 [INFO] IPUIPlugin:80 - create IPUIPlugin
2023-11-21 20:22:52,074 [INFO] PluginManager:220 - loadIPPluginJar : add genericplugin
2023-11-21 20:22:52,075 [INFO] IPUIPlugin:80 - create IPUIPlugin
2023-11-21 20:22:52,075 [INFO] PluginManager:220 - loadIPPluginJar : add gfxmmu
2023-11-21 20:22:52,078 [INFO] IPUIPlugin:80 - create IPUIPlugin
2023-11-21 20:22:52,078 [INFO] PluginManager:220 - loadIPPluginJar : add gic
2023-11-21 20:22:52,080 [INFO] IPUIPlugin:80 - create IPUIPlugin
2023-11-21 20:22:52,080 [INFO] PluginManager:220 - loadIPPluginJar : add gpio
2023-11-21 20:22:52,082 [INFO] IPUIPlugin:80 - create IPUIPlugin
2023-11-21 20:22:52,082 [INFO] PluginManager:220 - loadIPPluginJar : add gtzc
2023-11-21 20:22:52,083 [INFO] IPUIPlugin:80 - create IPUIPlugin
2023-11-21 20:22:52,083 [INFO] PluginManager:220 - loadIPPluginJar : add hash
2023-11-21 20:22:52,085 [INFO] IPUIPlugin:80 - create IPUIPlugin
2023-11-21 20:22:52,085 [INFO] PluginManager:220 - loadIPPluginJar : add i2c
2023-11-21 20:22:52,086 [INFO] IPUIPlugin:80 - create IPUIPlugin
2023-11-21 20:22:52,086 [INFO] PluginManager:220 - loadIPPluginJar : add i2s
2023-11-21 20:22:52,088 [INFO] IPUIPlugin:80 - create IPUIPlugin
2023-11-21 20:22:52,088 [INFO] PluginManager:220 - loadIPPluginJar : add i3c
2023-11-21 20:22:52,090 [INFO] IPUIPlugin:80 - create IPUIPlugin
2023-11-21 20:22:52,090 [INFO] PluginManager:220 - loadIPPluginJar : add ipddr
2023-11-21 20:22:52,094 [INFO] IPUIPlugin:80 - create IPUIPlugin
2023-11-21 20:22:52,094 [INFO] PluginManager:220 - loadIPPluginJar : add linkedlist
2023-11-21 20:22:52,096 [INFO] IPUIPlugin:80 - create IPUIPlugin
2023-11-21 20:22:52,096 [INFO] PluginManager:220 - loadIPPluginJar : add lorawan
2023-11-21 20:22:52,097 [INFO] IPUIPlugin:80 - create IPUIPlugin
2023-11-21 20:22:52,097 [INFO] PluginManager:220 - loadIPPluginJar : add ltdc
2023-11-21 20:22:52,100 [INFO] IPUIPlugin:80 - create IPUIPlugin
2023-11-21 20:22:52,100 [INFO] PluginManager:220 - loadIPPluginJar : add mdma
2023-11-21 20:22:52,102 [INFO] IPUIPlugin:80 - create IPUIPlugin
2023-11-21 20:22:52,102 [INFO] PluginManager:220 - loadIPPluginJar : add nvic
2023-11-21 20:22:52,104 [INFO] IPUIPlugin:80 - create IPUIPlugin
2023-11-21 20:22:52,104 [INFO] PluginManager:220 - loadIPPluginJar : add opamp
2023-11-21 20:22:52,106 [INFO] IPUIPlugin:80 - create IPUIPlugin
2023-11-21 20:22:52,106 [INFO] PluginManager:220 - loadIPPluginJar : add openamp
2023-11-21 20:22:52,108 [INFO] IPUIPlugin:80 - create IPUIPlugin
2023-11-21 20:22:52,108 [INFO] PluginManager:220 - loadIPPluginJar : add pdm2pcm
2023-11-21 20:22:52,111 [INFO] IPUIPlugin:80 - create IPUIPlugin
2023-11-21 20:22:52,113 [INFO] PluginManager:220 - loadIPPluginJar : add plateformsettings
2023-11-21 20:22:52,114 [INFO] IPUIPlugin:80 - create IPUIPlugin
2023-11-21 20:22:52,114 [INFO] PluginManager:220 - loadIPPluginJar : add quadspi
2023-11-21 20:22:52,116 [INFO] IPUIPlugin:80 - create IPUIPlugin
2023-11-21 20:22:52,116 [INFO] PluginManager:220 - loadIPPluginJar : add resmgrutility
2023-11-21 20:22:52,117 [INFO] IPUIPlugin:80 - create IPUIPlugin
2023-11-21 20:22:52,118 [INFO] PluginManager:220 - loadIPPluginJar : add sai
2023-11-21 20:22:52,119 [INFO] IPUIPlugin:80 - create IPUIPlugin
2023-11-21 20:22:52,119 [INFO] PluginManager:220 - loadIPPluginJar : add spi
2023-11-21 20:22:52,122 [INFO] IPUIPlugin:80 - create IPUIPlugin
2023-11-21 20:22:52,122 [INFO] PluginManager:220 - loadIPPluginJar : add stm32_wpan
2023-11-21 20:22:52,123 [INFO] IPUIPlugin:80 - create IPUIPlugin
2023-11-21 20:22:52,123 [INFO] PluginManager:220 - loadIPPluginJar : add tim
2023-11-21 20:22:52,125 [INFO] IPUIPlugin:80 - create IPUIPlugin
2023-11-21 20:22:52,125 [INFO] PluginManager:220 - loadIPPluginJar : add touchsensing
2023-11-21 20:22:52,126 [INFO] IPUIPlugin:80 - create IPUIPlugin
2023-11-21 20:22:52,126 [INFO] PluginManager:220 - loadIPPluginJar : add tracer_emb
2023-11-21 20:22:52,127 [INFO] IPUIPlugin:80 - create IPUIPlugin
2023-11-21 20:22:52,128 [INFO] PluginManager:220 - loadIPPluginJar : add ts
2023-11-21 20:22:52,128 [INFO] IPUIPlugin:80 - create IPUIPlugin
2023-11-21 20:22:52,128 [INFO] PluginManager:220 - loadIPPluginJar : add tsc
2023-11-21 20:22:52,129 [INFO] IPUIPlugin:80 - create IPUIPlugin
2023-11-21 20:22:52,130 [INFO] PluginManager:220 - loadIPPluginJar : add ucpd
2023-11-21 20:22:52,131 [INFO] IPUIPlugin:80 - create IPUIPlugin
2023-11-21 20:22:52,131 [INFO] PluginManager:220 - loadIPPluginJar : add usart
2023-11-21 20:22:52,133 [INFO] IPUIPlugin:80 - create IPUIPlugin
2023-11-21 20:22:52,133 [INFO] PluginManager:220 - loadIPPluginJar : add usbx
2023-11-21 20:22:52,242 [INFO] CADModel:165 - CPN selected for project level
2023-11-21 20:22:52,242 [INFO] CADModel:114 - Register for checkConnection events
2023-11-21 20:22:52,242 [FATAL] Updater:308 - Updater called before beeing initialized
2023-11-21 20:22:52,242 [ERROR] CADModel:125 - Updater not yet initialized, retry later 
2023-11-21 20:22:52,327 [INFO] CADModel:165 - CPN selected for project level
2023-11-21 20:22:52,327 [INFO] CADModel:114 - Register for checkConnection events
2023-11-21 20:22:52,327 [FATAL] Updater:308 - Updater called before beeing initialized
2023-11-21 20:22:52,327 [ERROR] CADModel:125 - Updater not yet initialized, retry later 
2023-11-21 20:22:52,329 [FATAL] Updater:308 - Updater called before beeing initialized
2023-11-21 20:22:52,400 [FATAL] Updater:308 - Updater called before beeing initialized
2023-11-21 20:22:52,407 [INFO] DbMcusAds:53 - JSON generation date=Tue Mar 07 09:50:55 CET 2023 (1678179055335)
2023-11-21 20:22:52,407 [FATAL] Updater:308 - Updater called before beeing initialized
2023-11-21 20:22:52,432 [WARN] DetailPanel:346 - Failed to get advertising image, set to default
2023-11-21 20:22:52,506 [FATAL] Updater:308 - Updater called before beeing initialized
2023-11-21 20:22:52,507 [FATAL] Updater:308 - Updater called before beeing initialized
2023-11-21 20:22:52,507 [FATAL] Updater:308 - Updater called before beeing initialized
2023-11-21 20:22:52,508 [WARN] DetailPanel:346 - Failed to get advertising image, set to default
2023-11-21 20:22:52,508 [FATAL] Updater:308 - Updater called before beeing initialized
2023-11-21 20:22:52,536 [ERROR] Updater:1120 - MainUpdater not yet initialized. External WinMGr cannot be set.
2023-11-21 20:22:52,537 [INFO] Updater:1056 - Updater Version found : 6.9.2
2023-11-21 20:22:52,550 [INFO] ApplicationProperties:184 - Using Application install path: H:\STM32CubeIDE_1.13.2\STM32CubeIDE\plugins\com.st.stm32cube.common.mx_6.9.2.202309101412
2023-11-21 20:22:52,625 [INFO] MainUpdater:2868 - connection check result : 10
2023-11-21 20:22:52,625 [INFO] MainUpdater:285 - Updater Check For Update Now.
2023-11-21 20:22:52,625 [INFO] MicroXplorer:498 - Change Database Version : DB.6.0.92
2023-11-21 20:22:52,629 [INFO] McuFinderGlobals:63 - Set McuFinder mode to 2 (CubeIDE integrated)
2023-11-21 20:22:52,629 [INFO] UserAuth:179 - activating auth plugin
2023-11-21 20:22:52,631 [INFO] UserAuth:393 - Internet connection configuration mode: 1
2023-11-21 20:22:52,639 [INFO] JxBrowserEngine:151 - Initiate JxBrowser Engine with user profile folder
2023-11-21 20:22:52,777 [INFO] CheckServerUpdateThread:120 - End of CheckServer Thread
2023-11-21 20:22:52,972 [INFO] WebApp:157 - Instantiating new browser for Auth
2023-11-21 20:22:53,267 [INFO] WebApp:753 - Register for checkConnection events
2023-11-21 20:22:53,267 [INFO] WebApp:390 - Apply proxy settings
2023-11-21 20:22:53,267 [INFO] WebApp:475 - Chromium requires no authentication
2023-11-21 20:22:53,273 [INFO] WebApp:418 - Direct internet connection detected
2023-11-21 20:22:53,363 [INFO] WebApp:188 - Starting web application
2023-11-21 20:22:53,363 [INFO] WebApp:520 - Web application path used H:\STM32CubeIDE_1.13.2\STM32CubeIDE\plugins\com.st.stm32cube.common.mx_6.9.2.202309101412\db\plugins\mcufinder\reactClient1\index.html
2023-11-21 20:22:54,866 [WARN] PackLoader:240 - Cannot read IP mode file for STMicroelectronics.X-CUBE-SMBUS.2.1.0
2023-11-21 20:22:54,892 [WARN] PackLoader:240 - Cannot read IP mode file for STMicroelectronics.X-CUBE-AZRTOS-F7.1.1.0
2023-11-21 20:22:54,901 [WARN] PackLoader:240 - Cannot read IP mode file for STMicroelectronics.FP-SNS-MOTENV1.4.3.2
2023-11-21 20:22:54,906 [ERROR] RealEvaluatedCondition:428 - Found unsupported composite condition: GROUP='STM32_MetaDataManager' CLASS='Data Exchange'
2023-11-21 20:22:54,906 [ERROR] RealEvaluatedCondition:428 - Found unsupported composite condition: GROUP='STM32_MetaDataManager' CLASS='Data Exchange'
2023-11-21 20:22:54,907 [WARN] PackLoader:240 - Cannot read IP mode file for STMicroelectronics.FP-SNS-MOTENV1.4.3.1
2023-11-21 20:22:54,912 [WARN] PackLoader:240 - Cannot read IP mode file for STMicroelectronics.FP-SNS-FLIGHT1.5.0.1
2023-11-21 20:22:54,918 [WARN] PackLoader:240 - Cannot read IP mode file for STMicroelectronics.X-CUBE-BLE1.6.2.4
2023-11-21 20:22:54,922 [WARN] PackLoader:240 - Cannot read IP mode file for STMicroelectronics.X-CUBE-BLE1.6.2.1
2023-11-21 20:22:54,925 [WARN] PackLoader:240 - Cannot read IP mode file for STMicroelectronics.X-CUBE-BLE1.6.2.2
2023-11-21 20:22:54,928 [WARN] PackLoader:240 - Cannot read IP mode file for STMicroelectronics.FP-SNS-FLIGHT1.5.0.2
2023-11-21 20:22:54,932 [WARN] PackLoader:240 - Cannot read IP mode file for STMicroelectronics.X-CUBE-BLE2.3.2.2
2023-11-21 20:22:54,938 [WARN] PackLoader:240 - Cannot read IP mode file for STMicroelectronics.X-CUBE-DISPLAY.3.0.0
2023-11-21 20:22:54,945 [WARN] PackLoader:240 - Cannot read IP mode file for STMicroelectronics.X-CUBE-BLE1.7.0.0
2023-11-21 20:22:54,949 [WARN] PackLoader:240 - Cannot read IP mode file for STMicroelectronics.X-CUBE-TOUCHGFX.4.22.1
2023-11-21 20:22:54,957 [WARN] PackLoader:240 - Cannot read IP mode file for STMicroelectronics.X-CUBE-SUBG2.4.2.0
2023-11-21 20:22:54,963 [WARN] PackLoader:240 - Cannot read IP mode file for STMicroelectronics.FP-SNS-SMARTAG2.1.2.0
2023-11-21 20:22:54,970 [INFO] LogOutputStream:77 - [STDOUT_REDIRECT] 1 : Invalid condition id : UX_CORESTACK_Condition cause : null
2023-11-21 20:22:54,970 [INFO] LogOutputStream:77 - [STDOUT_REDIRECT] 1 : Invalid condition id : UX_CORESTACK_Condition cause : null
2023-11-21 20:22:54,971 [INFO] LogOutputStream:77 - [STDOUT_REDIRECT] 1 : Invalid condition id : UX_CORESTACK_Condition cause : null
2023-11-21 20:22:54,972 [INFO] LogOutputStream:77 - [STDOUT_REDIRECT] 1 : Invalid condition id : UX_CORESTACK_Condition cause : null
2023-11-21 20:22:54,973 [INFO] LogOutputStream:77 - [STDOUT_REDIRECT] 1 : Invalid condition id : UX_CORESTACK_Condition cause : null
2023-11-21 20:22:54,976 [WARN] PackLoader:240 - Cannot read IP mode file for STMicroelectronics.X-CUBE-AZRTOS-WL.2.0.0
2023-11-21 20:22:54,982 [WARN] PackLoader:240 - Cannot read IP mode file for STMicroelectronics.X-CUBE-ALGOBUILD.1.2.1
2023-11-21 20:22:54,988 [WARN] PackLoader:240 - Cannot read IP mode file for WES.I-CUBE-Cesium.1.3.0
2023-11-21 20:22:54,991 [WARN] PackLoader:240 - Cannot read IP mode file for STMicroelectronics.X-CUBE-BLE2.3.3.0
2023-11-21 20:22:54,993 [WARN] PackLoader:240 - Cannot read IP mode file for STMicroelectronics.X-CUBE-TOUCHGFX.4.18.0
2023-11-21 20:22:54,995 [WARN] PackLoader:240 - Cannot read IP mode file for STMicroelectronics.X-CUBE-TOUCHGFX.4.21.4
2023-11-21 20:22:54,999 [WARN] PackLoader:240 - Cannot read IP mode file for STMicroelectronics.X-CUBE-ALGOBUILD.1.3.0
2023-11-21 20:22:55,010 [WARN] PackLoader:240 - Cannot read IP mode file for STMicroelectronics.X-CUBE-AZRTOS-G0.1.1.0
2023-11-21 20:22:55,014 [WARN] PackLoader:240 - Cannot read IP mode file for STMicroelectronics.X-CUBE-NFC4.3.0.0
2023-11-21 20:22:55,037 [WARN] PackLoader:240 - Cannot read IP mode file for SEGGER.I-CUBE-embOS.1.2.0
2023-11-21 20:22:55,060 [WARN] PackLoader:240 - Cannot read IP mode file for STMicroelectronics.X-CUBE-TOUCHGFX.4.17.0
2023-11-21 20:22:55,065 [WARN] PackLoader:240 - Cannot read IP mode file for STMicroelectronics.X-CUBE-BLEMGR.3.0.0
2023-11-21 20:22:55,077 [WARN] PackLoader:240 - Cannot read IP mode file for STMicroelectronics.X-CUBE-AZRTOS-H7.2.0.0
2023-11-21 20:22:55,082 [WARN] PackLoader:240 - Cannot read IP mode file for STMicroelectronics.FP-ATR-SIGFOX1.3.2.0
2023-11-21 20:22:55,104 [WARN] PackLoader:240 - Cannot read IP mode file for SEGGER.I-CUBE-embOS.1.3.1
2023-11-21 20:22:55,141 [WARN] PackLoader:240 - Cannot read IP mode file for STMicroelectronics.X-CUBE-DISPLAY.2.0.0
2023-11-21 20:22:55,145 [WARN] PackLoader:240 - Cannot read IP mode file for STMicroelectronics.X-CUBE-GNSS1.6.0.0
2023-11-21 20:22:55,156 [WARN] PackLoader:240 - Cannot read IP mode file for STMicroelectronics.X-CUBE-AZRTOS-F4.1.1.0
2023-11-21 20:22:55,168 [WARN] PackLoader:240 - Cannot read IP mode file for STMicroelectronics.X-CUBE-AZRTOS-L5.2.0.0
2023-11-21 20:22:55,194 [WARN] PackLoader:240 - Cannot read IP mode file for STMicroelectronics.X-CUBE-MEMS1.9.6.0
2023-11-21 20:22:55,294 [WARN] PackLoader:240 - Cannot read IP mode file for STMicroelectronics.X-CUBE-EEPRMA1.4.2.0
2023-11-21 20:22:55,298 [WARN] PackLoader:240 - Cannot read IP mode file for ITTIA_DB.I-CUBE-ITTIADB.8.8.0
2023-11-21 20:22:55,302 [WARN] PackLoader:240 - Cannot read IP mode file for emotas.I-CUBE-CANOPEN.1.1.3
2023-11-21 20:22:55,306 [WARN] PackLoader:240 - Cannot read IP mode file for STMicroelectronics.X-CUBE-BLEMGR.2.0.0
2023-11-21 20:22:55,310 [WARN] PackLoader:240 - Cannot read IP mode file for STMicroelectronics.X-CUBE-NFC4.2.0.3
2023-11-21 20:22:55,313 [WARN] PackLoader:240 - Cannot read IP mode file for wolfSSL.I-CUBE-wolfSSL.4.8.0
2023-11-21 20:22:55,322 [WARN] ConditionMgr:438 - getConditionDescription Invalid condition id : UX DEVICE CLASS RTOS Condition cause : null
2023-11-21 20:22:55,322 [WARN] ConditionMgr:438 - getConditionDescription Invalid condition id : UX DEVICE CLASS RTOS Condition cause : null
2023-11-21 20:22:55,324 [WARN] PackLoader:240 - Cannot read IP mode file for STMicroelectronics.X-CUBE-AZRTOS-H7.3.1.0
2023-11-21 20:22:55,325 [WARN] ConditionMgr:1039 - genDependencies : Invalid condition id : UX DEVICE CLASS RTOS Condition cause : null
2023-11-21 20:22:55,325 [WARN] ConditionMgr:1039 - genDependencies : Invalid condition id : UX DEVICE CLASS RTOS Condition cause : null
2023-11-21 20:22:55,325 [WARN] ConditionMgr:1039 - genDependencies : Invalid condition id : UX DEVICE CLASS RTOS Condition cause : null
2023-11-21 20:22:55,326 [WARN] ConditionMgr:1039 - genDependencies : Invalid condition id : UX DEVICE CLASS RTOS Condition cause : null
2023-11-21 20:22:55,326 [WARN] ConditionMgr:1039 - genDependencies : Invalid condition id : UX DEVICE CLASS RTOS Condition cause : null
2023-11-21 20:22:55,330 [WARN] PackLoader:240 - Cannot read IP mode file for STMicroelectronics.X-CUBE-SFXS2LP1.3.1.0
2023-11-21 20:22:55,340 [WARN] PackLoader:240 - Cannot read IP mode file for STMicroelectronics.X-CUBE-AZRTOS-F4.1.0.0
2023-11-21 20:22:55,345 [WARN] PackLoader:240 - Cannot read IP mode file for STMicroelectronics.X-CUBE-TOF1.2.0.0
2023-11-21 20:22:55,348 [WARN] PackLoader:240 - Cannot read IP mode file for STMicroelectronics.X-CUBE-NFC7.1.0.1
2023-11-21 20:22:55,351 [WARN] PackLoader:240 - Cannot read IP mode file for STMicroelectronics.X-CUBE-NFC7.1.0.0
2023-11-21 20:22:55,356 [WARN] PackLoader:240 - Cannot read IP mode file for STMicroelectronics.X-CUBE-NFC6.3.0.0
2023-11-21 20:22:55,360 [WARN] PackLoader:240 - Cannot read IP mode file for STMicroelectronics.X-CUBE-EEPRMA1.4.1.0
2023-11-21 20:22:55,362 [WARN] PackLoader:240 - Cannot read IP mode file for STMicroelectronics.X-CUBE-DISPLAY.1.0.0
2023-11-21 20:22:55,364 [WARN] PackLoader:240 - Cannot read IP mode file for STMicroelectronics.X-CUBE-AI.8.1.0
2023-11-21 20:22:55,374 [WARN] ConditionMgr:438 - getConditionDescription Invalid condition id : LAN8742 Phy interface Condition cause : null
2023-11-21 20:22:55,375 [WARN] PackLoader:240 - Cannot read IP mode file for STMicroelectronics.X-CUBE-AZRTOS-L4.2.0.0
2023-11-21 20:22:55,375 [WARN] ConditionMgr:1039 - genDependencies : Invalid condition id : LAN8742 Phy interface Condition cause : null
2023-11-21 20:22:55,376 [WARN] ConditionMgr:1039 - genDependencies : Invalid condition id : LAN8742 Phy interface Condition cause : null
2023-11-21 20:22:55,376 [WARN] ConditionMgr:1039 - genDependencies : Invalid condition id : LAN8742 Phy interface Condition cause : null
2023-11-21 20:22:55,380 [WARN] PackLoader:240 - Cannot read IP mode file for STMicroelectronics.X-CUBE-SFXS2LP1.4.0.0
2023-11-21 20:22:55,383 [WARN] PackLoader:240 - Cannot read IP mode file for STMicroelectronics.X-CUBE-ISPU.1.1.0
2023-11-21 20:22:55,388 [WARN] PackLoader:240 - Cannot read IP mode file for RoweBots.I-CUBE-UNISONRTOS.5.5.0-4
2023-11-21 20:22:55,395 [WARN] ConditionMgr:438 - getConditionDescription Invalid condition id : UX DEVICE CLASS RTOS Condition cause : null
2023-11-21 20:22:55,395 [WARN] ConditionMgr:438 - getConditionDescription Invalid condition id : UX DEVICE CLASS RTOS Condition cause : null
2023-11-21 20:22:55,397 [WARN] PackLoader:240 - Cannot read IP mode file for STMicroelectronics.X-CUBE-AZRTOS-WB.2.0.0
2023-11-21 20:22:55,397 [WARN] ConditionMgr:1039 - genDependencies : Invalid condition id : UX DEVICE CLASS RTOS Condition cause : null
2023-11-21 20:22:55,397 [WARN] ConditionMgr:1039 - genDependencies : Invalid condition id : UX DEVICE CLASS RTOS Condition cause : null
2023-11-21 20:22:55,398 [WARN] ConditionMgr:1039 - genDependencies : Invalid condition id : UX DEVICE CLASS RTOS Condition cause : null
2023-11-21 20:22:55,398 [WARN] ConditionMgr:1039 - genDependencies : Invalid condition id : UX DEVICE CLASS RTOS Condition cause : null
2023-11-21 20:22:55,398 [WARN] ConditionMgr:1039 - genDependencies : Invalid condition id : UX DEVICE CLASS RTOS Condition cause : null
2023-11-21 20:22:55,401 [WARN] PackLoader:240 - Cannot read IP mode file for STMicroelectronics.X-CUBE-FREERTOS.1.0.1
2023-11-21 20:22:55,419 [WARN] PackLoader:240 - Cannot read IP mode file for STMicroelectronics.X-CUBE-MEMS1.9.0.0
2023-11-21 20:22:55,486 [WARN] PackLoader:240 - Cannot read IP mode file for STMicroelectronics.X-CUBE-AZRTOS-L5.1.1.0
2023-11-21 20:22:55,490 [WARN] PackLoader:240 - Cannot read IP mode file for STMicroelectronics.X-CUBE-AI.8.0.1
2023-11-21 20:22:55,494 [WARN] PackLoader:240 - Cannot read IP mode file for STMicroelectronics.X-CUBE-SUBG2.5.0.0
2023-11-21 20:22:55,502 [WARN] PackLoader:240 - Cannot read IP mode file for STMicroelectronics.X-CUBE-TOF1.3.3.1
2023-11-21 20:22:55,515 [WARN] PackLoader:240 - Cannot read IP mode file for STMicroelectronics.X-CUBE-AZRTOS-G4.2.0.0
2023-11-21 20:22:55,521 [WARN] PackLoader:240 - Cannot read IP mode file for STMicroelectronics.X-CUBE-TOF1.3.3.0
2023-11-21 20:22:55,532 [WARN] PackLoader:240 - Cannot read IP mode file for Infineon.AIROC-Wi-Fi-Bluetooth-STM32.1.5.1
2023-11-21 20:22:55,536 [WARN] PackLoader:240 - Cannot read IP mode file for STMicroelectronics.FP-SNS-MOTENVWB1.1.3.0
2023-11-21 20:22:55,543 [WARN] PackLoader:240 - Cannot read IP mode file for STMicroelectronics.X-CUBE-AZRTOS-G4.1.0.0
2023-11-21 20:22:55,555 [WARN] PackLoader:240 - Cannot read IP mode file for STMicroelectronics.X-CUBE-AZRTOS-L4.1.0.0
2023-11-21 20:22:55,579 [WARN] PackLoader:240 - Cannot read IP mode file for STMicroelectronics.X-CUBE-MEMS1.10.0.0
2023-11-21 20:22:55,646 [WARN] PackLoader:240 - Cannot read IP mode file for STMicroelectronics.X-CUBE-FREERTOS.1.1.0
2023-11-21 20:22:55,655 [WARN] PackLoader:240 - Cannot read IP mode file for STMicroelectronics.X-CUBE-AZRTOS-F7.1.0.0
2023-11-21 20:22:55,662 [WARN] PackLoader:240 - Cannot read IP mode file for STMicroelectronics.X-CUBE-AZRTOS-WL.1.0.0
2023-11-21 20:22:55,685 [WARN] PackLoader:240 - Cannot read IP mode file for STMicroelectronics.X-CUBE-MEMS1.9.1.0
2023-11-21 20:22:55,743 [WARN] PackLoader:240 - Cannot read IP mode file for portGmbH.I-Cube-SoM-uGOAL.1.1.0
2023-11-21 20:22:55,746 [WARN] PackLoader:240 - Cannot read IP mode file for STMicroelectronics.X-CUBE-ALS.1.0.1
2023-11-21 20:22:55,749 [WARN] PackLoader:240 - Cannot read IP mode file for STMicroelectronics.X-CUBE-AI.7.0.0
2023-11-21 20:22:55,756 [WARN] PackLoader:240 - Cannot read IP mode file for STMicroelectronics.X-CUBE-AZRTOS-WB.1.1.0
2023-11-21 20:22:55,765 [WARN] PackLoader:240 - Cannot read IP mode file for STMicroelectronics.X-CUBE-AZRTOS-L5.1.0.0
2023-11-21 20:22:55,768 [WARN] PackLoader:240 - Cannot read IP mode file for STMicroelectronics.X-CUBE-EEPRMA1.3.1.0
2023-11-21 20:22:55,771 [WARN] PackLoader:240 - Cannot read IP mode file for STMicroelectronics.X-CUBE-GNSS1.5.2.0
2023-11-21 20:22:55,774 [WARN] PackLoader:240 - Cannot read IP mode file for STMicroelectronics.FP-ATR-ASTRA1.2.0.0
2023-11-21 20:22:55,775 [INFO] ThirdParty:978 - Integrity check success = true
2023-11-21 20:22:55,775 [INFO] IntegrityCheckThread:100 - exiting critical section [integrity check]
2023-11-21 20:22:55,775 [INFO] IntegrityCheckThread:103 - End integrity checks thread
2023-11-21 20:23:01,375 [ERROR] LogOutputStream:75 - [STDERR_REDIRECT] 
