2023-11-22 01:57:48,056 [INFO] WebApp:330 - JxBrowser engine has been closed 
2023-11-22 21:48:01,764 [INFO] Activator:176 - 


2023-11-22 21:48:01,766 [INFO] Activator:177 - !SESSION log4j initialized
2023-11-22 21:48:06,460 [INFO] LogOutputStream:77 - [STDOUT_REDIRECT] 
2023-11-22 21:48:08,178 [INFO] ApplicationProperties:184 - Using Application install path: H:\STM32CubeIDE_1.13.2\STM32CubeIDE\plugins\com.st.stm32cube.common.mx_6.9.2.202309101412
2023-11-22 21:48:08,193 [INFO] DbMcusXml:78 - Set database path to: H:\STM32CubeIDE_1.13.2\STM32CubeIDE\plugins\com.st.stm32cube.common.mx_6.9.2.202309101412\\db\/mcu/
2023-11-22 21:48:08,193 [INFO] ApiDb:274 - Set plugin database path to: H:\STM32CubeIDE_1.13.2\STM32CubeIDE\plugins\com.st.stm32cube.common.mx_6.9.2.202309101412\\db\/plugins/boardmanager/
2023-11-22 21:48:08,193 [WARN] ApiDb:259 - Overriding images path with different value:  => H:\STM32CubeIDE_1.13.2\STM32CubeIDE\plugins\com.st.stm32cube.common.mx_6.9.2.202309101412\\db\/plugins/mcufinder/images/
2023-11-22 21:48:08,201 [INFO] ApiDb:250 - Set database path to: C:\Users\Bence\.stmcufinder\plugins\mcufinder//mcu/
2023-11-22 21:48:08,202 [INFO] DbMcusAds:125 - Set database path to: C:\Users\Bence\.stmcufinder\plugins\mcufinder//mcu/
2023-11-22 21:48:08,204 [INFO] CrossReferenceDbSqlite:203 - Set database path to: C:\Users\Bence\.stmcufinder\plugins\mcufinder//mcu/cs/
2023-11-22 21:48:08,293 [INFO] RulesReader:64 - Compatibility file has been processed (293 Rules)
2023-11-22 21:48:08,357 [INFO] DbMcusXml:78 - Set database path to: H:\STM32CubeIDE_1.13.2\STM32CubeIDE\plugins\com.st.stm32cube.common.mx_6.9.2.202309101412\\db\/mcu/
2023-11-22 21:48:08,357 [INFO] ApiDb:274 - Set plugin database path to: H:\STM32CubeIDE_1.13.2\STM32CubeIDE\plugins\com.st.stm32cube.common.mx_6.9.2.202309101412\\db\/plugins/boardmanager/
2023-11-22 21:48:08,357 [INFO] ApiDb:261 - Set plugin images path to: H:\STM32CubeIDE_1.13.2\STM32CubeIDE\plugins\com.st.stm32cube.common.mx_6.9.2.202309101412\\db\/plugins/mcufinder/images/
2023-11-22 21:48:08,358 [WARN] DbFile:41 - Overriding database path with different value: C:\Users\Bence\.stmcufinder\plugins\mcufinder/ => C:\Users\Bence\.stmcufinder\plugins\mcufinder
2023-11-22 21:48:08,358 [INFO] ApiDb:250 - Set database path to: C:\Users\Bence\.stmcufinder\plugins\mcufinder//mcu/
2023-11-22 21:48:08,358 [WARN] DbFile:41 - Overriding database path with different value: C:\Users\Bence\.stmcufinder\plugins\mcufinder/ => C:\Users\Bence\.stmcufinder\plugins\mcufinder
2023-11-22 21:48:08,358 [INFO] DbMcusAds:125 - Set database path to: C:\Users\Bence\.stmcufinder\plugins\mcufinder//mcu/
2023-11-22 21:48:08,358 [WARN] DbFile:41 - Overriding database path with different value: C:\Users\Bence\.stmcufinder\plugins\mcufinder/ => C:\Users\Bence\.stmcufinder\plugins\mcufinder
2023-11-22 21:48:08,358 [WARN] DbFile:41 - Overriding database path with different value: C:\Users\Bence\.stmcufinder\plugins\mcufinder/ => C:\Users\Bence\.stmcufinder\plugins\mcufinder
2023-11-22 21:48:08,358 [INFO] CrossReferenceDbSqlite:203 - Set database path to: C:\Users\Bence\.stmcufinder\plugins\mcufinder//mcu/cs/
2023-11-22 21:48:08,415 [INFO] MainPanel:262 - HeapMemory: 268435456
2023-11-22 21:48:08,482 [INFO] DbMcusXml:78 - Set database path to: H:\STM32CubeIDE_1.13.2\STM32CubeIDE\plugins\com.st.stm32cube.common.mx_6.9.2.202309101412\\db\/mcu/
2023-11-22 21:48:08,482 [INFO] ApiDb:274 - Set plugin database path to: H:\STM32CubeIDE_1.13.2\STM32CubeIDE\plugins\com.st.stm32cube.common.mx_6.9.2.202309101412\\db\/plugins/boardmanager/
2023-11-22 21:48:08,482 [INFO] ApiDb:261 - Set plugin images path to: H:\STM32CubeIDE_1.13.2\STM32CubeIDE\plugins\com.st.stm32cube.common.mx_6.9.2.202309101412\\db\/plugins/mcufinder/images/
2023-11-22 21:48:08,482 [WARN] DbFile:41 - Overriding database path with different value: C:\Users\Bence\.stmcufinder\plugins\mcufinder/ => C:\Users\Bence\.stmcufinder\plugins\mcufinder
2023-11-22 21:48:08,482 [INFO] ApiDb:250 - Set database path to: C:\Users\Bence\.stmcufinder\plugins\mcufinder//mcu/
2023-11-22 21:48:08,482 [WARN] DbFile:41 - Overriding database path with different value: C:\Users\Bence\.stmcufinder\plugins\mcufinder/ => C:\Users\Bence\.stmcufinder\plugins\mcufinder
2023-11-22 21:48:08,482 [INFO] DbMcusAds:125 - Set database path to: C:\Users\Bence\.stmcufinder\plugins\mcufinder//mcu/
2023-11-22 21:48:08,482 [WARN] DbFile:41 - Overriding database path with different value: C:\Users\Bence\.stmcufinder\plugins\mcufinder/ => C:\Users\Bence\.stmcufinder\plugins\mcufinder
2023-11-22 21:48:08,482 [WARN] DbFile:41 - Overriding database path with different value: C:\Users\Bence\.stmcufinder\plugins\mcufinder/ => C:\Users\Bence\.stmcufinder\plugins\mcufinder
2023-11-22 21:48:08,483 [INFO] CrossReferenceDbSqlite:203 - Set database path to: C:\Users\Bence\.stmcufinder\plugins\mcufinder//mcu/cs/
2023-11-22 21:48:08,496 [INFO] ApplicationProperties:184 - Using Application install path: H:\STM32CubeIDE_1.13.2\STM32CubeIDE\plugins\com.st.stm32cube.common.mx_6.9.2.202309101412
2023-11-22 21:48:08,497 [INFO] PluginManage:196 - Search for loadable plugins [exclusion list=, ]
2023-11-22 21:48:08,498 [INFO] PluginManage:310 - Check plugin analytics
2023-11-22 21:48:08,622 [INFO] AnalyticsPlugin:253 - Accepted Software Licenses: 
2023-11-22 21:48:08,623 [INFO] AnalyticsPlugin:255 - Accepted CMSIS Pack Licenses: 
2023-11-22 21:48:08,623 [INFO] AnalyticsPlugin:257 - Accepted Firmware Licenses: FW.F4.1.27.0
2023-11-22 21:48:08,625 [INFO] PluginManage:359 - Loaded plugin analytics (category:tool,tabindex:-1)
2023-11-22 21:48:08,625 [INFO] PluginManage:310 - Check plugin cadmodel
2023-11-22 21:48:08,636 [INFO] CADModel:105 - Init CAD model plugin
2023-11-22 21:48:08,636 [INFO] PluginManage:359 - Loaded plugin cadmodel (category:power,tabindex:5)
2023-11-22 21:48:08,636 [INFO] PluginManage:310 - Check plugin clock
2023-11-22 21:48:08,650 [INFO] PluginManage:359 - Loaded plugin clock (category:base,tabindex:2)
2023-11-22 21:48:08,650 [INFO] PluginManage:310 - Check plugin ddr
2023-11-22 21:48:08,652 [INFO] PluginManage:359 - Loaded plugin ddr (category:tool,tabindex:6)
2023-11-22 21:48:08,653 [INFO] PluginManage:310 - Check plugin filemanager
2023-11-22 21:48:08,758 [INFO] PluginManage:359 - Loaded plugin filemanager (category:base,tabindex:10)
2023-11-22 21:48:08,758 [INFO] PluginManage:310 - Check plugin ipmanager
2023-11-22 21:48:08,765 [INFO] PluginManage:359 - Loaded plugin ipmanager (category:base,tabindex:5)
2023-11-22 21:48:08,765 [INFO] PluginManage:310 - Check plugin lpbam
2023-11-22 21:48:08,778 [INFO] PluginManage:359 - Loaded plugin lpbam (category:base,tabindex:0)
2023-11-22 21:48:08,779 [INFO] PluginManage:310 - Check plugin memorymap
2023-11-22 21:48:08,795 [INFO] PluginManage:359 - Loaded plugin memorymap (category:base,tabindex:4)
2023-11-22 21:48:08,796 [INFO] PluginManage:310 - Check plugin pinoutandconfiguration
2023-11-22 21:48:08,808 [INFO] PluginManage:359 - Loaded plugin pinoutandconfiguration (category:base,tabindex:1)
2023-11-22 21:48:08,808 [INFO] PluginManage:310 - Check plugin pinoutconfig
2023-11-22 21:48:08,878 [WARN] SupportedApi:132 - Cannot load RTOS API schema: s4s-elt-must-match.1: The content of 'definitions' must match (annotation?, (simpleType | complexType)?, (unique | key | keyref)*)). A problem was found starting at: attribute.
2023-11-22 21:48:08,976 [INFO] PluginManage:359 - Loaded plugin pinoutconfig (category:base,tabindex:0)
2023-11-22 21:48:08,976 [INFO] PluginManage:310 - Check plugin power
2023-11-22 21:48:08,989 [INFO] PluginManage:359 - Loaded plugin power (category:power,tabindex:4)
2023-11-22 21:48:08,990 [INFO] PluginManage:310 - Check plugin projectmanager
2023-11-22 21:48:09,002 [INFO] PluginManage:359 - Loaded plugin projectmanager (category:projectmanager,tabindex:3)
2023-11-22 21:48:09,002 [INFO] PluginManage:310 - Check plugin thirdparty
2023-11-22 21:48:09,195 [WARN] IntegrityCheckThread:84 - waiting for thirdparty lock release [integrity check]
2023-11-22 21:48:09,195 [INFO] IntegrityCheckThread:86 - entering critical section [integrity check]
2023-11-22 21:48:09,197 [INFO] ThirdPartyUpdaterWithRetryManager:70 - Updater plugin not ready yet. [1/15]
2023-11-22 21:48:09,197 [INFO] PluginManage:359 - Loaded plugin thirdparty (category:base,tabindex:-1)
2023-11-22 21:48:09,197 [INFO] PluginManage:310 - Check plugin tools
2023-11-22 21:48:09,222 [INFO] PluginManage:359 - Loaded plugin tools (category:base,tabindex:7)
2023-11-22 21:48:09,222 [INFO] PluginManage:310 - Check plugin tutovideos
2023-11-22 21:48:09,368 [INFO] PluginManage:359 - Loaded plugin tutovideos (category:base,tabindex:-1)
2023-11-22 21:48:09,368 [INFO] PluginManage:310 - Check plugin updater
2023-11-22 21:48:09,375 [INFO] PluginManage:359 - Loaded plugin updater (category:base,tabindex:12)
2023-11-22 21:48:09,375 [INFO] PluginManage:310 - Check plugin userauth
2023-11-22 21:48:09,379 [INFO] UserAuth:113 - Init User Auth plugin
2023-11-22 21:48:09,379 [INFO] PluginManage:359 - Loaded plugin userauth (category:base,tabindex:14)
2023-11-22 21:48:09,380 [INFO] PluginManage:283 - PluginManage : Loaded plugins [17]
2023-11-22 21:48:09,549 [INFO] PinOutPanel:1499 - setPackage(No Configuration,No Configuration)
2023-11-22 21:48:09,626 [INFO] CADModel:165 - CPN selected for project level
2023-11-22 21:48:09,626 [INFO] CADModel:114 - Register for checkConnection events
2023-11-22 21:48:09,645 [INFO] IPUIPlugin:80 - create IPUIPlugin
2023-11-22 21:48:09,645 [INFO] PluginManager:220 - loadIPPluginJar : add adc
2023-11-22 21:48:09,669 [INFO] IPUIPlugin:80 - create IPUIPlugin
2023-11-22 21:48:09,669 [INFO] PluginManager:220 - loadIPPluginJar : add aes
2023-11-22 21:48:09,697 [INFO] IPUIPlugin:80 - create IPUIPlugin
2023-11-22 21:48:09,697 [INFO] PluginManager:220 - loadIPPluginJar : add can
2023-11-22 21:48:09,712 [INFO] IPUIPlugin:80 - create IPUIPlugin
2023-11-22 21:48:09,713 [INFO] PluginManager:220 - loadIPPluginJar : add comp
2023-11-22 21:48:09,735 [INFO] IPUIPlugin:80 - create IPUIPlugin
2023-11-22 21:48:09,735 [INFO] PluginManager:220 - loadIPPluginJar : add cryp
2023-11-22 21:48:09,756 [INFO] IPUIPlugin:80 - create IPUIPlugin
2023-11-22 21:48:09,756 [INFO] PluginManager:220 - loadIPPluginJar : add dfsdm
2023-11-22 21:48:09,766 [INFO] IPUIPlugin:80 - create IPUIPlugin
2023-11-22 21:48:09,766 [INFO] PluginManager:220 - loadIPPluginJar : add dma
2023-11-22 21:48:09,795 [INFO] IPUIPlugin:80 - create IPUIPlugin
2023-11-22 21:48:09,795 [INFO] PluginManager:220 - loadIPPluginJar : add dma3
2023-11-22 21:48:09,808 [INFO] IPUIPlugin:80 - create IPUIPlugin
2023-11-22 21:48:09,808 [INFO] PluginManager:220 - loadIPPluginJar : add fatfs
2023-11-22 21:48:09,841 [INFO] IPUIPlugin:80 - create IPUIPlugin
2023-11-22 21:48:09,841 [INFO] PluginManager:220 - loadIPPluginJar : add fmc
2023-11-22 21:48:09,851 [INFO] IPUIPlugin:80 - create IPUIPlugin
2023-11-22 21:48:09,851 [INFO] PluginManager:220 - loadIPPluginJar : add freertos
2023-11-22 21:48:09,865 [INFO] IPUIPlugin:80 - create IPUIPlugin
2023-11-22 21:48:09,865 [INFO] PluginManager:220 - loadIPPluginJar : add genericplugin
2023-11-22 21:48:09,927 [INFO] IPUIPlugin:80 - create IPUIPlugin
2023-11-22 21:48:09,927 [INFO] PluginManager:220 - loadIPPluginJar : add gfxmmu
2023-11-22 21:48:10,015 [INFO] IPUIPlugin:80 - create IPUIPlugin
2023-11-22 21:48:10,016 [INFO] PluginManager:220 - loadIPPluginJar : add gic
2023-11-22 21:48:10,025 [INFO] IPUIPlugin:80 - create IPUIPlugin
2023-11-22 21:48:10,025 [INFO] PluginManager:220 - loadIPPluginJar : add gpio
2023-11-22 21:48:10,088 [INFO] IPUIPlugin:80 - create IPUIPlugin
2023-11-22 21:48:10,088 [INFO] PluginManager:220 - loadIPPluginJar : add gtzc
2023-11-22 21:48:10,110 [INFO] IPUIPlugin:80 - create IPUIPlugin
2023-11-22 21:48:10,110 [INFO] PluginManager:220 - loadIPPluginJar : add hash
2023-11-22 21:48:10,145 [INFO] IPUIPlugin:80 - create IPUIPlugin
2023-11-22 21:48:10,145 [INFO] PluginManager:220 - loadIPPluginJar : add i2c
2023-11-22 21:48:10,172 [INFO] IPUIPlugin:80 - create IPUIPlugin
2023-11-22 21:48:10,172 [INFO] PluginManager:220 - loadIPPluginJar : add i2s
2023-11-22 21:48:10,200 [INFO] IPUIPlugin:80 - create IPUIPlugin
2023-11-22 21:48:10,200 [INFO] PluginManager:220 - loadIPPluginJar : add i3c
2023-11-22 21:48:10,275 [INFO] IPUIPlugin:80 - create IPUIPlugin
2023-11-22 21:48:10,275 [INFO] PluginManager:220 - loadIPPluginJar : add ipddr
2023-11-22 21:48:10,338 [INFO] IPUIPlugin:80 - create IPUIPlugin
2023-11-22 21:48:10,338 [INFO] PluginManager:220 - loadIPPluginJar : add linkedlist
2023-11-22 21:48:10,362 [INFO] IPUIPlugin:80 - create IPUIPlugin
2023-11-22 21:48:10,362 [INFO] PluginManager:220 - loadIPPluginJar : add lorawan
2023-11-22 21:48:10,387 [INFO] IPUIPlugin:80 - create IPUIPlugin
2023-11-22 21:48:10,387 [INFO] PluginManager:220 - loadIPPluginJar : add ltdc
2023-11-22 21:48:10,397 [INFO] IPUIPlugin:80 - create IPUIPlugin
2023-11-22 21:48:10,398 [INFO] PluginManager:220 - loadIPPluginJar : add mdma
2023-11-22 21:48:10,406 [INFO] IPUIPlugin:80 - create IPUIPlugin
2023-11-22 21:48:10,406 [INFO] PluginManager:220 - loadIPPluginJar : add nvic
2023-11-22 21:48:10,430 [INFO] IPUIPlugin:80 - create IPUIPlugin
2023-11-22 21:48:10,430 [INFO] PluginManager:220 - loadIPPluginJar : add opamp
2023-11-22 21:48:10,470 [INFO] IPUIPlugin:80 - create IPUIPlugin
2023-11-22 21:48:10,470 [INFO] PluginManager:220 - loadIPPluginJar : add openamp
2023-11-22 21:48:10,499 [INFO] IPUIPlugin:80 - create IPUIPlugin
2023-11-22 21:48:10,499 [INFO] PluginManager:220 - loadIPPluginJar : add pdm2pcm
2023-11-22 21:48:10,509 [INFO] IPUIPlugin:80 - create IPUIPlugin
2023-11-22 21:48:10,510 [INFO] PluginManager:220 - loadIPPluginJar : add plateformsettings
2023-11-22 21:48:10,525 [INFO] IPUIPlugin:80 - create IPUIPlugin
2023-11-22 21:48:10,525 [INFO] PluginManager:220 - loadIPPluginJar : add quadspi
2023-11-22 21:48:10,534 [INFO] IPUIPlugin:80 - create IPUIPlugin
2023-11-22 21:48:10,534 [INFO] PluginManager:220 - loadIPPluginJar : add resmgrutility
2023-11-22 21:48:10,567 [INFO] IPUIPlugin:80 - create IPUIPlugin
2023-11-22 21:48:10,568 [INFO] PluginManager:220 - loadIPPluginJar : add sai
2023-11-22 21:48:10,592 [INFO] IPUIPlugin:80 - create IPUIPlugin
2023-11-22 21:48:10,592 [INFO] PluginManager:220 - loadIPPluginJar : add spi
2023-11-22 21:48:10,632 [INFO] IPUIPlugin:80 - create IPUIPlugin
2023-11-22 21:48:10,633 [INFO] PluginManager:220 - loadIPPluginJar : add stm32_wpan
2023-11-22 21:48:10,648 [INFO] IPUIPlugin:80 - create IPUIPlugin
2023-11-22 21:48:10,648 [INFO] PluginManager:220 - loadIPPluginJar : add tim
2023-11-22 21:48:10,686 [INFO] IPUIPlugin:80 - create IPUIPlugin
2023-11-22 21:48:10,686 [INFO] PluginManager:220 - loadIPPluginJar : add touchsensing
2023-11-22 21:48:10,701 [INFO] IPUIPlugin:80 - create IPUIPlugin
2023-11-22 21:48:10,702 [INFO] PluginManager:220 - loadIPPluginJar : add tracer_emb
2023-11-22 21:48:10,717 [INFO] IPUIPlugin:80 - create IPUIPlugin
2023-11-22 21:48:10,717 [INFO] PluginManager:220 - loadIPPluginJar : add ts
2023-11-22 21:48:10,732 [INFO] IPUIPlugin:80 - create IPUIPlugin
2023-11-22 21:48:10,732 [INFO] PluginManager:220 - loadIPPluginJar : add tsc
2023-11-22 21:48:10,747 [INFO] IPUIPlugin:80 - create IPUIPlugin
2023-11-22 21:48:10,747 [INFO] PluginManager:220 - loadIPPluginJar : add ucpd
2023-11-22 21:48:10,778 [INFO] IPUIPlugin:80 - create IPUIPlugin
2023-11-22 21:48:10,778 [INFO] PluginManager:220 - loadIPPluginJar : add usart
2023-11-22 21:48:10,807 [INFO] IPUIPlugin:80 - create IPUIPlugin
2023-11-22 21:48:10,807 [INFO] PluginManager:220 - loadIPPluginJar : add usbx
2023-11-22 21:48:10,915 [INFO] CADModel:165 - CPN selected for project level
2023-11-22 21:48:10,915 [INFO] CADModel:114 - Register for checkConnection events
2023-11-22 21:48:10,916 [FATAL] Updater:308 - Updater called before beeing initialized
2023-11-22 21:48:10,916 [ERROR] CADModel:125 - Updater not yet initialized, retry later 
2023-11-22 21:48:11,026 [INFO] CADModel:165 - CPN selected for project level
2023-11-22 21:48:11,026 [INFO] CADModel:114 - Register for checkConnection events
2023-11-22 21:48:11,026 [FATAL] Updater:308 - Updater called before beeing initialized
2023-11-22 21:48:11,026 [ERROR] CADModel:125 - Updater not yet initialized, retry later 
2023-11-22 21:48:11,029 [FATAL] Updater:308 - Updater called before beeing initialized
2023-11-22 21:48:11,104 [FATAL] Updater:308 - Updater called before beeing initialized
2023-11-22 21:48:11,113 [INFO] DbMcusAds:53 - JSON generation date=Tue Mar 07 09:50:55 CET 2023 (1678179055335)
2023-11-22 21:48:11,113 [FATAL] Updater:308 - Updater called before beeing initialized
2023-11-22 21:48:11,168 [WARN] DetailPanel:346 - Failed to get advertising image, set to default
2023-11-22 21:48:11,243 [FATAL] Updater:308 - Updater called before beeing initialized
2023-11-22 21:48:11,245 [FATAL] Updater:308 - Updater called before beeing initialized
2023-11-22 21:48:11,245 [FATAL] Updater:308 - Updater called before beeing initialized
2023-11-22 21:48:11,245 [WARN] DetailPanel:346 - Failed to get advertising image, set to default
2023-11-22 21:48:11,245 [FATAL] Updater:308 - Updater called before beeing initialized
2023-11-22 21:48:11,288 [ERROR] Updater:1120 - MainUpdater not yet initialized. External WinMGr cannot be set.
2023-11-22 21:48:11,295 [INFO] Updater:1056 - Updater Version found : 6.9.2
2023-11-22 21:48:11,309 [INFO] ApplicationProperties:184 - Using Application install path: H:\STM32CubeIDE_1.13.2\STM32CubeIDE\plugins\com.st.stm32cube.common.mx_6.9.2.202309101412
2023-11-22 21:48:11,442 [INFO] MainUpdater:2868 - connection check result : 10
2023-11-22 21:48:11,443 [INFO] MainUpdater:285 - Updater Check For Update Now.
2023-11-22 21:48:11,443 [INFO] MicroXplorer:498 - Change Database Version : DB.6.0.92
2023-11-22 21:48:11,456 [INFO] McuFinderGlobals:63 - Set McuFinder mode to 2 (CubeIDE integrated)
2023-11-22 21:48:11,456 [INFO] UserAuth:179 - activating auth plugin
2023-11-22 21:48:11,458 [INFO] UserAuth:393 - Internet connection configuration mode: 1
2023-11-22 21:48:11,476 [INFO] JxBrowserEngine:151 - Initiate JxBrowser Engine with user profile folder
2023-11-22 21:48:11,615 [INFO] CheckServerUpdateThread:120 - End of CheckServer Thread
2023-11-22 21:48:12,349 [WARN] PackLoader:240 - Cannot read IP mode file for STMicroelectronics.X-CUBE-SMBUS.2.1.0
2023-11-22 21:48:12,382 [WARN] PackLoader:240 - Cannot read IP mode file for STMicroelectronics.X-CUBE-AZRTOS-F7.1.1.0
2023-11-22 21:48:12,396 [WARN] PackLoader:240 - Cannot read IP mode file for STMicroelectronics.FP-SNS-MOTENV1.4.3.2
2023-11-22 21:48:12,406 [ERROR] RealEvaluatedCondition:428 - Found unsupported composite condition: GROUP='STM32_MetaDataManager' CLASS='Data Exchange'
2023-11-22 21:48:12,407 [ERROR] RealEvaluatedCondition:428 - Found unsupported composite condition: GROUP='STM32_MetaDataManager' CLASS='Data Exchange'
2023-11-22 21:48:12,408 [WARN] PackLoader:240 - Cannot read IP mode file for STMicroelectronics.FP-SNS-MOTENV1.4.3.1
2023-11-22 21:48:12,419 [WARN] PackLoader:240 - Cannot read IP mode file for STMicroelectronics.FP-SNS-FLIGHT1.5.0.1
2023-11-22 21:48:12,432 [WARN] PackLoader:240 - Cannot read IP mode file for STMicroelectronics.X-CUBE-BLE1.6.2.4
2023-11-22 21:48:12,441 [WARN] PackLoader:240 - Cannot read IP mode file for STMicroelectronics.X-CUBE-BLE1.6.2.1
2023-11-22 21:48:12,449 [WARN] PackLoader:240 - Cannot read IP mode file for STMicroelectronics.X-CUBE-BLE1.6.2.2
2023-11-22 21:48:12,457 [WARN] PackLoader:240 - Cannot read IP mode file for STMicroelectronics.FP-SNS-FLIGHT1.5.0.2
2023-11-22 21:48:12,466 [WARN] PackLoader:240 - Cannot read IP mode file for STMicroelectronics.X-CUBE-BLE2.3.2.2
2023-11-22 21:48:12,478 [WARN] PackLoader:240 - Cannot read IP mode file for STMicroelectronics.X-CUBE-DISPLAY.3.0.0
2023-11-22 21:48:12,489 [WARN] PackLoader:240 - Cannot read IP mode file for STMicroelectronics.X-CUBE-BLE1.7.0.0
2023-11-22 21:48:12,499 [WARN] PackLoader:240 - Cannot read IP mode file for STMicroelectronics.X-CUBE-TOUCHGFX.4.22.1
2023-11-22 21:48:12,513 [WARN] PackLoader:240 - Cannot read IP mode file for STMicroelectronics.X-CUBE-SUBG2.4.2.0
2023-11-22 21:48:12,525 [WARN] PackLoader:240 - Cannot read IP mode file for STMicroelectronics.FP-SNS-SMARTAG2.1.2.0
2023-11-22 21:48:12,539 [INFO] LogOutputStream:77 - [STDOUT_REDIRECT] 1 : Invalid condition id : UX_CORESTACK_Condition cause : null
2023-11-22 21:48:12,539 [INFO] LogOutputStream:77 - [STDOUT_REDIRECT] 1 : Invalid condition id : UX_CORESTACK_Condition cause : null
2023-11-22 21:48:12,540 [INFO] LogOutputStream:77 - [STDOUT_REDIRECT] 1 : Invalid condition id : UX_CORESTACK_Condition cause : null
2023-11-22 21:48:12,541 [INFO] LogOutputStream:77 - [STDOUT_REDIRECT] 1 : Invalid condition id : UX_CORESTACK_Condition cause : null
2023-11-22 21:48:12,542 [INFO] LogOutputStream:77 - [STDOUT_REDIRECT] 1 : Invalid condition id : UX_CORESTACK_Condition cause : null
2023-11-22 21:48:12,545 [WARN] PackLoader:240 - Cannot read IP mode file for STMicroelectronics.X-CUBE-AZRTOS-WL.2.0.0
2023-11-22 21:48:12,555 [WARN] PackLoader:240 - Cannot read IP mode file for STMicroelectronics.X-CUBE-ALGOBUILD.1.2.1
2023-11-22 21:48:12,565 [WARN] PackLoader:240 - Cannot read IP mode file for WES.I-CUBE-Cesium.1.3.0
2023-11-22 21:48:12,573 [WARN] PackLoader:240 - Cannot read IP mode file for STMicroelectronics.X-CUBE-BLE2.3.3.0
2023-11-22 21:48:12,581 [WARN] PackLoader:240 - Cannot read IP mode file for STMicroelectronics.X-CUBE-TOUCHGFX.4.18.0
2023-11-22 21:48:12,589 [WARN] PackLoader:240 - Cannot read IP mode file for STMicroelectronics.X-CUBE-TOUCHGFX.4.21.4
2023-11-22 21:48:12,597 [WARN] PackLoader:240 - Cannot read IP mode file for STMicroelectronics.X-CUBE-ALGOBUILD.1.3.0
2023-11-22 21:48:12,617 [WARN] PackLoader:240 - Cannot read IP mode file for STMicroelectronics.X-CUBE-AZRTOS-G0.1.1.0
2023-11-22 21:48:12,628 [WARN] PackLoader:240 - Cannot read IP mode file for STMicroelectronics.X-CUBE-NFC4.3.0.0
2023-11-22 21:48:12,658 [WARN] PackLoader:240 - Cannot read IP mode file for SEGGER.I-CUBE-embOS.1.2.0
2023-11-22 21:48:12,686 [WARN] PackLoader:240 - Cannot read IP mode file for STMicroelectronics.X-CUBE-TOUCHGFX.4.17.0
2023-11-22 21:48:12,701 [WARN] PackLoader:240 - Cannot read IP mode file for STMicroelectronics.X-CUBE-BLEMGR.3.0.0
2023-11-22 21:48:12,726 [WARN] PackLoader:240 - Cannot read IP mode file for STMicroelectronics.X-CUBE-AZRTOS-H7.2.0.0
2023-11-22 21:48:12,737 [WARN] PackLoader:240 - Cannot read IP mode file for STMicroelectronics.FP-ATR-SIGFOX1.3.2.0
2023-11-22 21:48:12,759 [WARN] PackLoader:240 - Cannot read IP mode file for SEGGER.I-CUBE-embOS.1.3.1
2023-11-22 21:48:12,791 [WARN] PackLoader:240 - Cannot read IP mode file for STMicroelectronics.X-CUBE-DISPLAY.2.0.0
2023-11-22 21:48:12,803 [WARN] PackLoader:240 - Cannot read IP mode file for STMicroelectronics.X-CUBE-GNSS1.6.0.0
2023-11-22 21:48:12,823 [WARN] PackLoader:240 - Cannot read IP mode file for STMicroelectronics.X-CUBE-AZRTOS-F4.1.1.0
2023-11-22 21:48:12,890 [WARN] PackLoader:240 - Cannot read IP mode file for STMicroelectronics.X-CUBE-AZRTOS-L5.2.0.0
2023-11-22 21:48:12,926 [WARN] PackLoader:240 - Cannot read IP mode file for STMicroelectronics.X-CUBE-MEMS1.9.6.0
2023-11-22 21:48:13,033 [WARN] PackLoader:240 - Cannot read IP mode file for STMicroelectronics.X-CUBE-EEPRMA1.4.2.0
2023-11-22 21:48:13,043 [WARN] PackLoader:240 - Cannot read IP mode file for ITTIA_DB.I-CUBE-ITTIADB.8.8.0
2023-11-22 21:48:13,053 [WARN] PackLoader:240 - Cannot read IP mode file for emotas.I-CUBE-CANOPEN.1.1.3
2023-11-22 21:48:13,063 [WARN] PackLoader:240 - Cannot read IP mode file for STMicroelectronics.X-CUBE-BLEMGR.2.0.0
2023-11-22 21:48:13,073 [WARN] PackLoader:240 - Cannot read IP mode file for STMicroelectronics.X-CUBE-NFC4.2.0.3
2023-11-22 21:48:13,082 [WARN] PackLoader:240 - Cannot read IP mode file for wolfSSL.I-CUBE-wolfSSL.4.8.0
2023-11-22 21:48:13,102 [WARN] ConditionMgr:438 - getConditionDescription Invalid condition id : UX DEVICE CLASS RTOS Condition cause : null
2023-11-22 21:48:13,102 [WARN] ConditionMgr:438 - getConditionDescription Invalid condition id : UX DEVICE CLASS RTOS Condition cause : null
2023-11-22 21:48:13,105 [WARN] PackLoader:240 - Cannot read IP mode file for STMicroelectronics.X-CUBE-AZRTOS-H7.3.1.0
2023-11-22 21:48:13,106 [WARN] ConditionMgr:1039 - genDependencies : Invalid condition id : UX DEVICE CLASS RTOS Condition cause : null
2023-11-22 21:48:13,107 [WARN] ConditionMgr:1039 - genDependencies : Invalid condition id : UX DEVICE CLASS RTOS Condition cause : null
2023-11-22 21:48:13,107 [WARN] ConditionMgr:1039 - genDependencies : Invalid condition id : UX DEVICE CLASS RTOS Condition cause : null
2023-11-22 21:48:13,107 [WARN] ConditionMgr:1039 - genDependencies : Invalid condition id : UX DEVICE CLASS RTOS Condition cause : null
2023-11-22 21:48:13,108 [WARN] ConditionMgr:1039 - genDependencies : Invalid condition id : UX DEVICE CLASS RTOS Condition cause : null
2023-11-22 21:48:13,132 [WARN] PackLoader:240 - Cannot read IP mode file for STMicroelectronics.X-CUBE-SFXS2LP1.3.1.0
2023-11-22 21:48:13,189 [WARN] PackLoader:240 - Cannot read IP mode file for STMicroelectronics.X-CUBE-AZRTOS-F4.1.0.0
2023-11-22 21:48:13,214 [WARN] PackLoader:240 - Cannot read IP mode file for STMicroelectronics.X-CUBE-TOF1.2.0.0
2023-11-22 21:48:13,231 [WARN] PackLoader:240 - Cannot read IP mode file for STMicroelectronics.X-CUBE-NFC7.1.0.1
2023-11-22 21:48:13,246 [WARN] PackLoader:240 - Cannot read IP mode file for STMicroelectronics.X-CUBE-NFC7.1.0.0
2023-11-22 21:48:13,258 [WARN] PackLoader:240 - Cannot read IP mode file for STMicroelectronics.X-CUBE-NFC6.3.0.0
2023-11-22 21:48:13,270 [WARN] PackLoader:240 - Cannot read IP mode file for STMicroelectronics.X-CUBE-EEPRMA1.4.1.0
2023-11-22 21:48:13,279 [WARN] PackLoader:240 - Cannot read IP mode file for STMicroelectronics.X-CUBE-DISPLAY.1.0.0
2023-11-22 21:48:13,287 [WARN] PackLoader:240 - Cannot read IP mode file for STMicroelectronics.X-CUBE-AI.8.1.0
2023-11-22 21:48:13,296 [INFO] WebApp:157 - Instantiating new browser for Auth
2023-11-22 21:48:13,325 [WARN] ConditionMgr:438 - getConditionDescription Invalid condition id : LAN8742 Phy interface Condition cause : null
2023-11-22 21:48:13,326 [WARN] PackLoader:240 - Cannot read IP mode file for STMicroelectronics.X-CUBE-AZRTOS-L4.2.0.0
2023-11-22 21:48:13,327 [WARN] ConditionMgr:1039 - genDependencies : Invalid condition id : LAN8742 Phy interface Condition cause : null
2023-11-22 21:48:13,328 [WARN] ConditionMgr:1039 - genDependencies : Invalid condition id : LAN8742 Phy interface Condition cause : null
2023-11-22 21:48:13,328 [WARN] ConditionMgr:1039 - genDependencies : Invalid condition id : LAN8742 Phy interface Condition cause : null
2023-11-22 21:48:13,343 [WARN] PackLoader:240 - Cannot read IP mode file for STMicroelectronics.X-CUBE-SFXS2LP1.4.0.0
2023-11-22 21:48:13,355 [WARN] PackLoader:240 - Cannot read IP mode file for STMicroelectronics.X-CUBE-ISPU.1.1.0
2023-11-22 21:48:13,367 [WARN] PackLoader:240 - Cannot read IP mode file for RoweBots.I-CUBE-UNISONRTOS.5.5.0-4
2023-11-22 21:48:13,385 [WARN] ConditionMgr:438 - getConditionDescription Invalid condition id : UX DEVICE CLASS RTOS Condition cause : null
2023-11-22 21:48:13,385 [WARN] ConditionMgr:438 - getConditionDescription Invalid condition id : UX DEVICE CLASS RTOS Condition cause : null
2023-11-22 21:48:13,386 [WARN] PackLoader:240 - Cannot read IP mode file for STMicroelectronics.X-CUBE-AZRTOS-WB.2.0.0
2023-11-22 21:48:13,387 [WARN] ConditionMgr:1039 - genDependencies : Invalid condition id : UX DEVICE CLASS RTOS Condition cause : null
2023-11-22 21:48:13,387 [WARN] ConditionMgr:1039 - genDependencies : Invalid condition id : UX DEVICE CLASS RTOS Condition cause : null
2023-11-22 21:48:13,387 [WARN] ConditionMgr:1039 - genDependencies : Invalid condition id : UX DEVICE CLASS RTOS Condition cause : null
2023-11-22 21:48:13,387 [WARN] ConditionMgr:1039 - genDependencies : Invalid condition id : UX DEVICE CLASS RTOS Condition cause : null
2023-11-22 21:48:13,387 [WARN] ConditionMgr:1039 - genDependencies : Invalid condition id : UX DEVICE CLASS RTOS Condition cause : null
2023-11-22 21:48:13,397 [WARN] PackLoader:240 - Cannot read IP mode file for STMicroelectronics.X-CUBE-FREERTOS.1.0.1
2023-11-22 21:48:13,427 [WARN] PackLoader:240 - Cannot read IP mode file for STMicroelectronics.X-CUBE-MEMS1.9.0.0
2023-11-22 21:48:13,504 [WARN] PackLoader:240 - Cannot read IP mode file for STMicroelectronics.X-CUBE-AZRTOS-L5.1.1.0
2023-11-22 21:48:13,513 [WARN] PackLoader:240 - Cannot read IP mode file for STMicroelectronics.X-CUBE-AI.8.0.1
2023-11-22 21:48:13,528 [WARN] PackLoader:240 - Cannot read IP mode file for STMicroelectronics.X-CUBE-SUBG2.5.0.0
2023-11-22 21:48:13,545 [WARN] PackLoader:240 - Cannot read IP mode file for STMicroelectronics.X-CUBE-TOF1.3.3.1
2023-11-22 21:48:13,571 [WARN] PackLoader:240 - Cannot read IP mode file for STMicroelectronics.X-CUBE-AZRTOS-G4.2.0.0
2023-11-22 21:48:13,595 [WARN] PackLoader:240 - Cannot read IP mode file for STMicroelectronics.X-CUBE-TOF1.3.3.0
2023-11-22 21:48:13,615 [WARN] PackLoader:240 - Cannot read IP mode file for Infineon.AIROC-Wi-Fi-Bluetooth-STM32.1.5.1
2023-11-22 21:48:13,627 [WARN] PackLoader:240 - Cannot read IP mode file for STMicroelectronics.FP-SNS-MOTENVWB1.1.3.0
2023-11-22 21:48:13,644 [WARN] PackLoader:240 - Cannot read IP mode file for STMicroelectronics.X-CUBE-AZRTOS-G4.1.0.0
2023-11-22 21:48:13,663 [WARN] PackLoader:240 - Cannot read IP mode file for STMicroelectronics.X-CUBE-AZRTOS-L4.1.0.0
2023-11-22 21:48:13,694 [WARN] PackLoader:240 - Cannot read IP mode file for STMicroelectronics.X-CUBE-MEMS1.10.0.0
2023-11-22 21:48:13,759 [INFO] WebApp:753 - Register for checkConnection events
2023-11-22 21:48:13,759 [INFO] WebApp:390 - Apply proxy settings
2023-11-22 21:48:13,759 [INFO] WebApp:475 - Chromium requires no authentication
2023-11-22 21:48:13,766 [INFO] WebApp:418 - Direct internet connection detected
2023-11-22 21:48:13,776 [WARN] PackLoader:240 - Cannot read IP mode file for STMicroelectronics.X-CUBE-FREERTOS.1.1.0
2023-11-22 21:48:13,794 [WARN] PackLoader:240 - Cannot read IP mode file for STMicroelectronics.X-CUBE-AZRTOS-F7.1.0.0
2023-11-22 21:48:13,809 [WARN] PackLoader:240 - Cannot read IP mode file for STMicroelectronics.X-CUBE-AZRTOS-WL.1.0.0
2023-11-22 21:48:13,837 [WARN] PackLoader:240 - Cannot read IP mode file for STMicroelectronics.X-CUBE-MEMS1.9.1.0
2023-11-22 21:48:13,908 [INFO] WebApp:188 - Starting web application
2023-11-22 21:48:13,908 [INFO] WebApp:520 - Web application path used H:\STM32CubeIDE_1.13.2\STM32CubeIDE\plugins\com.st.stm32cube.common.mx_6.9.2.202309101412\db\plugins\mcufinder\reactClient1\index.html
2023-11-22 21:48:13,909 [WARN] PackLoader:240 - Cannot read IP mode file for portGmbH.I-Cube-SoM-uGOAL.1.1.0
2023-11-22 21:48:13,918 [WARN] PackLoader:240 - Cannot read IP mode file for STMicroelectronics.X-CUBE-ALS.1.0.1
2023-11-22 21:48:13,931 [WARN] PackLoader:240 - Cannot read IP mode file for STMicroelectronics.X-CUBE-AI.7.0.0
2023-11-22 21:48:13,948 [WARN] PackLoader:240 - Cannot read IP mode file for STMicroelectronics.X-CUBE-AZRTOS-WB.1.1.0
2023-11-22 21:48:13,967 [WARN] PackLoader:240 - Cannot read IP mode file for STMicroelectronics.X-CUBE-AZRTOS-L5.1.0.0
2023-11-22 21:48:13,976 [WARN] PackLoader:240 - Cannot read IP mode file for STMicroelectronics.X-CUBE-EEPRMA1.3.1.0
2023-11-22 21:48:13,985 [WARN] PackLoader:240 - Cannot read IP mode file for STMicroelectronics.X-CUBE-GNSS1.5.2.0
2023-11-22 21:48:13,993 [WARN] PackLoader:240 - Cannot read IP mode file for STMicroelectronics.FP-ATR-ASTRA1.2.0.0
2023-11-22 21:48:13,994 [INFO] ThirdParty:978 - Integrity check success = true
2023-11-22 21:48:13,994 [INFO] IntegrityCheckThread:100 - exiting critical section [integrity check]
2023-11-22 21:48:13,994 [INFO] IntegrityCheckThread:103 - End integrity checks thread
2023-11-22 21:48:34,524 [ERROR] LogOutputStream:75 - [STDERR_REDIRECT] SLF4J: Failed to load class "org.slf4j.impl.StaticLoggerBinder".
2023-11-22 21:48:34,524 [ERROR] LogOutputStream:75 - [STDERR_REDIRECT] SLF4J: Defaulting to no-operation (NOP) logger implementation
2023-11-22 21:48:34,525 [ERROR] LogOutputStream:75 - [STDERR_REDIRECT] SLF4J: See http://www.slf4j.org/codes.html#StaticLoggerBinder for further details.
2023-11-22 22:21:13,122 [INFO] McuFinderGlobals:63 - Set McuFinder mode to 2 (CubeIDE integrated)
2023-11-22 22:21:14,279 [INFO] MainUpdater:2868 - connection check result : 10
2023-11-22 22:21:14,284 [INFO] MainUpdater:2868 - connection check result : 10
2023-11-22 22:21:14,419 [INFO] MicroXplorer:468 - Change Database Path : 
2023-11-22 22:21:14,419 [INFO] MicroXplorer:498 - Change Database Version : DB.6.0.92
2023-11-22 22:21:14,422 [WARN] ThirdParty:871 - waiting for thirdparty lock release [close project]
2023-11-22 22:21:14,422 [INFO] ThirdParty:873 - entering critical section [close project]
2023-11-22 22:21:14,423 [INFO] ThirdParty:883 - exiting critical section [close project]
2023-11-22 22:21:14,424 [INFO] PinOutPanel:1499 - setPackage(No Configuration,No Configuration)
2023-11-22 22:21:14,429 [INFO] UtilMem:75 - Begin LoadConfig() Used Memory: 303989384 Bytes (646971392)
2023-11-22 22:21:14,430 [INFO] MicroXplorer:468 - Change Database Path : 
2023-11-22 22:21:14,430 [INFO] MicroXplorer:498 - Change Database Version : DB.6.0.92
2023-11-22 22:21:14,430 [INFO] OpenFileManager:308 - Change cursor
2023-11-22 22:21:14,456 [INFO] Mcu:1946 - Initializing MCU STM32F401R(D-E)Tx STM32F401RETx STM32F401RET6
2023-11-22 22:21:15,360 [INFO] Context:659 - Trying to add GPIOservice into a context  which must be forbidden
2023-11-22 22:21:15,750 [INFO] RtosManager:555 - Registered RTOS mode: class=CMSIS, group=RTOS, mode=CMSIS_V1, owner=FREERTOS
2023-11-22 22:21:15,750 [INFO] RtosManager:555 - Registered RTOS mode: class=CMSIS, group=RTOS2, mode=CMSIS_V2, owner=FREERTOS
2023-11-22 22:21:15,750 [INFO] RtosManager:555 - Registered RTOS mode: class=RTOS, group=Core, mode=CMSIS_V1, owner=FREERTOS
2023-11-22 22:21:15,750 [INFO] RtosManager:555 - Registered RTOS mode: class=RTOS, group=Core, mode=CMSIS_V2, owner=FREERTOS
2023-11-22 22:21:15,750 [WARN] ModelIntegratedComponent:184 - Missing modes for component STMicroelectronics:FreeRTOS:0.0.1:STMicroelectronics:RTOS:FreeRTOS:Core:::10.2.0:
2023-11-22 22:21:15,756 [WARN] ModelIntegratedComponent:63 - No mode defined for component null
2023-11-22 22:21:15,756 [WARN] ModelIntegratedComponent:63 - No mode defined for component null
2023-11-22 22:21:15,756 [WARN] ModelIntegratedComponent:63 - No mode defined for component null
2023-11-22 22:21:15,756 [WARN] ModelIntegratedComponent:63 - No mode defined for component null
2023-11-22 22:21:15,756 [WARN] ModelIntegratedComponent:63 - No mode defined for component null
2023-11-22 22:21:15,756 [WARN] ModelIntegratedComponent:63 - No mode defined for component null
2023-11-22 22:21:15,756 [WARN] ModelIntegratedComponent:63 - No mode defined for component null
2023-11-22 22:21:15,757 [WARN] ModelIntegratedComponent:63 - No mode defined for component null
2023-11-22 22:21:15,757 [WARN] ModelIntegratedComponent:63 - No mode defined for component null
2023-11-22 22:21:15,757 [WARN] ModelIntegratedComponent:63 - No mode defined for component null
2023-11-22 22:21:15,757 [WARN] ModelIntegratedComponent:63 - No mode defined for component null
2023-11-22 22:21:15,757 [WARN] ModelIntegratedComponent:63 - No mode defined for component null
2023-11-22 22:21:15,757 [WARN] ModelIntegratedComponent:63 - No mode defined for component null
2023-11-22 22:21:15,757 [WARN] ModelIntegratedComponent:63 - No mode defined for component null
2023-11-22 22:21:15,757 [WARN] ModelIntegratedComponent:63 - No mode defined for component null
2023-11-22 22:21:15,757 [WARN] ModelIntegratedComponent:63 - No mode defined for component null
2023-11-22 22:21:15,757 [WARN] ModelIntegratedComponent:63 - No mode defined for component null
2023-11-22 22:21:15,757 [WARN] ModelIntegratedComponent:63 - No mode defined for component null
2023-11-22 22:21:15,757 [WARN] ModelIntegratedComponent:63 - No mode defined for component null
2023-11-22 22:21:15,757 [WARN] ModelIntegratedComponent:63 - No mode defined for component null
2023-11-22 22:21:15,757 [WARN] ModelIntegratedComponent:63 - No mode defined for component null
2023-11-22 22:21:15,757 [WARN] ModelIntegratedComponent:63 - No mode defined for component null
2023-11-22 22:21:15,757 [WARN] ModelIntegratedComponent:63 - No mode defined for component null
2023-11-22 22:21:15,757 [WARN] ModelIntegratedComponent:63 - No mode defined for component null
2023-11-22 22:21:15,757 [WARN] ModelIntegratedComponent:63 - No mode defined for component null
2023-11-22 22:21:15,757 [WARN] ModelIntegratedComponent:63 - No mode defined for component null
2023-11-22 22:21:15,757 [WARN] ModelIntegratedComponent:63 - No mode defined for component null
2023-11-22 22:21:15,757 [WARN] ModelIntegratedComponent:63 - No mode defined for component null
2023-11-22 22:21:15,758 [WARN] ModelIntegratedComponent:63 - No mode defined for component null
2023-11-22 22:21:15,758 [WARN] ModelIntegratedComponent:63 - No mode defined for component null
2023-11-22 22:21:15,758 [WARN] ModelIntegratedComponent:63 - No mode defined for component null
2023-11-22 22:21:15,758 [WARN] ModelIntegratedComponent:63 - No mode defined for component null
2023-11-22 22:21:15,758 [WARN] ModelIntegratedComponent:63 - No mode defined for component null
2023-11-22 22:21:15,926 [INFO] ThirdPartyModel:298 - Start build external matchings
2023-11-22 22:21:17,359 [INFO] ThirdPartyModel:316 - End build external matchings
2023-11-22 22:21:17,385 [INFO] RtosManager:919 - Current active RTOS is FREERTOS [Cortex-M4NS]
2023-11-22 22:21:17,393 [INFO] ImportTextPane:194 - (OptionalMessage_ERROR) IP (RCC) : Parameter (RTCHSEDivFreq_Value) has invalid value (12500000)
2023-11-22 22:21:17,396 [WARN] IP:2114 - DEVICE_SERIAL0_CDC_FS not found: check if there is a RefParameter without a condition.
2023-11-22 22:21:17,396 [WARN] IP:2114 - DEVICE_SERIAL1_CDC_FS not found: check if there is a RefParameter without a condition.
2023-11-22 22:21:17,396 [WARN] IP:2114 - DEVICE_SERIAL2_CDC_FS not found: check if there is a RefParameter without a condition.
2023-11-22 22:21:17,555 [INFO] UtilMem:75 - End LoadConfig() Used Memory: 636947072 Bytes (780140544)
2023-11-22 22:21:17,639 [INFO] ApiDb:581 - Connected to CubeFinder SQLite database (C:\Users\Bence\.stmcufinder\plugins\mcufinder\mcu\cube-finder-db.db)
2023-11-22 22:21:17,702 [INFO] ApiDb:668 - CubeFinder database Data Model version=2.1
2023-11-22 22:21:17,702 [INFO] ApiDb:669 - CubeFinder database Configuration version=3.0.37
2023-11-22 22:21:17,703 [INFO] ApiDb:670 - CubeFinder database generation date=2023-10-13 (1697197505)
2023-11-22 22:21:17,703 [INFO] ApiDb:671 - CubeFinder database FW Pack versions=[FP-ATR-ASTRA1_V2.0.0, FP-SNS-FLIGHT1_V5.0.1, FP-SNS-FLIGHT1_V5.0.2, FP-SNS-MOTENV1_V4.3.1, FP-SNS-MOTENV1_V4.3.2, FP-SNS-SMARTAG2_V1.2.0, I-CUBE-ITTIADB_V8.6.3-1, STM32Cube_FW_C0_V1.1.0, STM32Cube_FW_F4_V1.27.1, STM32Cube_FW_F7_V1.17.0, STM32Cube_FW_G0_V1.6.1, STM32Cube_FW_G4_V1.5.1, STM32Cube_FW_H5_V0.5.1, STM32Cube_FW_H5_V1.1.1, STM32Cube_FW_H7_V1.11.0, STM32Cube_FW_L0_V1.12.2, STM32Cube_FW_L5_V1.5.0, STM32Cube_FW_U5_V1.3.0, STM32Cube_FW_U5_V1.3.0RC4, STM32Cube_FW_WBA_V1.0.0RC1, STM32Cube_FW_WBA_V1.1.0RC1, STM32Cube_FW_WBA_V1.1.1, STM32Cube_FW_WB_V1.15.0RC1, STM32Cube_FW_WB_V1.16.0, STM32Cube_FW_WB_V1.16.0RC2, STM32Cube_FW_WB_V1.17.3, STM32Cube_FW_WL_V1.3.0, X-CUBE-ALGOBUILD_V1.3.0, X-CUBE-ALS_V1.0.1, X-CUBE-AZRTOS-F4_V1.1.0, X-CUBE-AZRTOS-F7_V1.1.0, X-CUBE-AZRTOS-G0_V1.1.0, X-CUBE-AZRTOS-G4_V2.0.0, X-CUBE-AZRTOS-H7_V3.1.0, X-CUBE-AZRTOS-L4_V1.0.0, X-CUBE-AZRTOS-L4_V2.0.0, X-CUBE-AZRTOS-L5_V1.1.0, X-CUBE-AZRTOS-WB_V2.0.0, X-CUBE-AZRTOS-WL_V2.0.0, X-CUBE-BLE1_V7.0.0, X-CUBE-BLE2_V3.3.0, X-CUBE-BLEMGR_V2.0.0, X-CUBE-EEPRMA1_V4.1.0, X-CUBE-FREERTOS_V1.1.0, X-CUBE-GNSS1_V6.0.0, X-CUBE-MEMS1_V10.0.0, X-CUBE-MEMS1_V9.1.0, X-CUBE-MEMS1_V9.4.0, X-CUBE-MEMS1_V9.6.0, X-CUBE-NFC4_V3.0.0, X-CUBE-NFC7_V1.0.1, X-CUBE-SFXS2LP1_V4.0.0, X-CUBE-SUBG2_V5.0.0, X-CUBE-TOF1_V3.3.1]
2023-11-22 22:21:19,761 [INFO] ApiDb:240 - Found 323 in-development CPN: [B-G473E-ZEST1S, B-WB1M-WPAN1, B-WL5M-SUBG1, NUCLEO-C031C6, NUCLEO-H503RB, NUCLEO-H563ZI, NUCLEO-U545RE-Q, NUCLEO-U5A5ZJ-Q, NUCLEO-WBA52CG, STEVAL-PROTEUS1, STEVAL-SMARTAG2, STEVAL-STWINBX1, STM320518-EVAL, STM32C0116-DK, STM32C011D6Y3TR, STM32C011D6Y6TR, STM32C011F4P3, STM32C011F4P6, STM32C011F4U3, STM32C011F4U6TR, STM32C011F6P3, STM32C011F6P6, STM32C011F6U3, STM32C011F6U6TR, STM32C011J4M3, STM32C011J4M6, STM32C011J6M3, STM32C011J6M6, STM32C0316-DK, STM32C031C4T3, STM32C031C4T6, STM32C031C4U3, STM32C031C4U6, STM32C031C6T3, STM32C031C6T6, STM32C031C6U3, STM32C031C6U6, STM32C031F4P3, STM32C031F4P6, STM32C031F6P3, STM32C031F6P6, STM32C031G4U3, STM32C031G4U6, STM32C031G6U3, STM32C031G6U6, STM32C031K4T3, STM32C031K4T6, STM32C031K4U3, STM32C031K4U6, STM32C031K6T3, STM32C031K6T6, STM32C031K6U3, STM32C031K6U6, STM32G071K8TXN, STM32G071K8UXN, STM32G081GBU6N, STM32G081KBT6N, STM32G081KBUXN, STM32G0B1CCT6N, STM32G0B1KCT6, STM32G0B1NEY6TR, STM32G0B1RCT6N, STM32G0C1CCT6, STM32G0C1CCT6N, STM32G0C1CCU6N, STM32G0C1CET6N, STM32G0C1CEU6N, STM32G0C1KCT6, STM32G0C1NEY6TR, STM32G0C1RCI6N, STM32G0C1RCT6N, STM32G0C1REI6N, STM32G0C1RET6N, STM32G0C1VCI6, STM32G0C1VEI6, STM32G471CCT6, STM32G471CCU6, STM32G471CET3, STM32G471CET6, STM32G471CEU3, STM32G471CEU6, STM32G471MCT6, STM32G471MET3, STM32G471MET6, STM32G471MEY6TR, STM32G471QCT6, STM32G471QET3, STM32G471RCT6, STM32G471RET3, STM32G471RET6, STM32G471VCH6, STM32G471VCI6, STM32G471VCT6, STM32G471VEH3, STM32G471VEH6, STM32G471VEI3, STM32G471VEI6, STM32G471VET3, STM32G471VET6, STM32G474CCT6, STM32H503CBT6, STM32H503CBU6, STM32H503EBY6TR, STM32H503KBU6, STM32H503RBT6, STM32H562AGI6, STM32H562AII6, STM32H562IGK6, STM32H562IGT6, STM32H562IIK6, STM32H562IIT6, STM32H562RGT6, STM32H562RGV6, STM32H562RIT6, STM32H562RIV6, STM32H562VGT6, STM32H562VIT6, STM32H562ZGT6, STM32H562ZIT6, STM32H563AGI6, STM32H563AII3Q, STM32H563AII6, STM32H563IGK6, STM32H563IGT6, STM32H563IIK3Q, STM32H563IIK6, STM32H563IIT3Q, STM32H563IIT6, STM32H563MIY3QTR, STM32H563RGT6, STM32H563RGV6, STM32H563RIT6, STM32H563RIV6, STM32H563VGT6, STM32H563VIT3Q, STM32H563VIT6, STM32H563ZGT6, STM32H563ZIT3Q, STM32H563ZIT6, STM32H573AII3Q, STM32H573AII6, STM32H573I-DK, STM32H573IIK3Q, STM32H573IIK6, STM32H573IIT3Q, STM32H573IIT6, STM32H573MIY3QTR, STM32H573RIT6, STM32H573RIV6, STM32H573VIT3Q, STM32H573VIT6, STM32H573ZIT3Q, STM32H573ZIT6, STM32L4R5QGI6STR, STM32MP131AAE3, STM32MP131AAF3, STM32MP131AAG3, STM32MP131CAE3, STM32MP131CAF3, STM32MP131CAG3, STM32MP131DAE7, STM32MP131DAF7, STM32MP131DAG7, STM32MP131FAE7, STM32MP131FAF7, STM32MP131FAG7, STM32MP133AAE3, STM32MP133AAF3, STM32MP133AAG3, STM32MP133CAE3, STM32MP133CAF3, STM32MP133CAG3, STM32MP133DAE7, STM32MP133DAF7, STM32MP133DAG7, STM32MP133FAE7, STM32MP133FAF7, STM32MP133FAG7, STM32MP135AAE3, STM32MP135AAF3, STM32MP135AAG3, STM32MP135CAE3, STM32MP135CAF3, STM32MP135CAG3, STM32MP135DAE7, STM32MP135DAF7, STM32MP135DAG7, STM32MP135F-DK, STM32MP135FAE7, STM32MP135FAF7, STM32MP135FAF7T, STM32MP135FAF7U, STM32MP135FAG7, STM32U535CBT6, STM32U535CBT6Q, STM32U535CBU6, STM32U535CBU6Q, STM32U535CCT6, STM32U535CCT6Q, STM32U535CCU6, STM32U535CCU6Q, STM32U535CET6, STM32U535CET6Q, STM32U535CEU6, STM32U535CEU6Q, STM32U535JEY6QTR, STM32U535NCY6QTR, STM32U535NEY6QTR, STM32U535RBI6, STM32U535RBI6Q, STM32U535RBT6, STM32U535RBT6Q, STM32U535RCI6, STM32U535RCI6Q, STM32U535RCT6, STM32U535RCT6Q, STM32U535REI6, STM32U535REI6Q, STM32U535RET6, STM32U535RET6Q, STM32U535VCI6, STM32U535VCI6Q, STM32U535VCT6, STM32U535VCT6Q, STM32U535VEI6, STM32U535VEI6Q, STM32U535VET6, STM32U535VET6Q, STM32U545CET6, STM32U545CET6Q, STM32U545CEU6, STM32U545CEU6Q, STM32U545JEY6QTR, STM32U545NEY6QTR, STM32U545REI6, STM32U545REI6Q, STM32U545RET6, STM32U545RET6Q, STM32U545VEI6, STM32U545VEI6Q, STM32U545VET6, STM32U545VET6Q, STM32U595AIH6, STM32U595AIH6Q, STM32U595AJH6, STM32U595AJH6Q, STM32U595QII6, STM32U595QII6Q, STM32U595QJI6, STM32U595QJI6Q, STM32U595RIT6, STM32U595RIT6Q, STM32U595RJT6, STM32U595RJT6Q, STM32U595VIT6, STM32U595VIT6Q, STM32U595VJT6, STM32U595VJT6Q, STM32U595ZIT6, STM32U595ZIT6Q, STM32U595ZIY6QTR, STM32U595ZJT6, STM32U595ZJT6Q, STM32U595ZJY6QTR, STM32U599BJY6QTR, STM32U599NIH6Q, STM32U599NJH6Q, STM32U599VIT6Q, STM32U599VJT6, STM32U599VJT6Q, STM32U599ZIT6Q, STM32U599ZIY6QTR, STM32U599ZJT6Q, STM32U599ZJY6QTR, STM32U5A5AJH6, STM32U5A5AJH6Q, STM32U5A5QJI6, STM32U5A5QJI6Q, STM32U5A5RJT6, STM32U5A5RJT6Q, STM32U5A5VJT6, STM32U5A5VJT6Q, STM32U5A5ZJT6, STM32U5A5ZJT6Q, STM32U5A5ZJY6QTR, STM32U5A9BJY6QTR, STM32U5A9J-DK, STM32U5A9NJH6Q, STM32U5A9VJT6Q, STM32U5A9ZJT6Q, STM32U5A9ZJY6QTR, STM32U5F7VIT6, STM32U5F7VIT6Q, STM32U5F7VJT6, STM32U5F7VJT6Q, STM32U5F9BJY6QTR, STM32U5F9NJH6Q, STM32U5F9VIT6Q, STM32U5F9VJT6Q, STM32U5F9ZIJ6QTR, STM32U5F9ZIT6Q, STM32U5F9ZJJ6QTR, STM32U5F9ZJT6Q, STM32U5G7VJT6, STM32U5G7VJT6Q, STM32U5G9BJY6QTR, STM32U5G9J-DK1, STM32U5G9J-DK2, STM32U5G9NJH6Q, STM32U5G9VJT6Q, STM32U5G9ZJJ6QTR, STM32U5G9ZJT6Q, STM32WB1MMCH6, STM32WBA52CEU6, STM32WBA52CEU6T, STM32WBA52CGU6, STM32WBA52CGU6T, STM32WBA52KEU6, STM32WBA52KEU6T, STM32WBA52KGU6, STM32WBA52KGU6T, STM32WL5MOCH6, STM32WL5MOCH6TR]
2023-11-22 22:21:19,763 [INFO] DbMcus:217 - Found 3848 MCUs, 3848 are supported
2023-11-22 22:21:19,764 [INFO] ApiDb:423 - Load user favorites file C:\Users\Bence/.stm32cubeide/favorites.mcus.txt: 0 item(s)
2023-11-22 22:21:19,764 [INFO] ApiDb:427 - User favorites MCUs=[]
2023-11-22 22:21:19,764 [INFO] DbMcus:223 - Set 0 / 0 favorites MCUs
2023-11-22 22:21:20,040 [WARN] ThirdParty:833 - waiting for thirdparty lock release [change project]
2023-11-22 22:21:20,040 [INFO] ThirdParty:835 - entering critical section [change project]
2023-11-22 22:21:20,040 [INFO] ThirdParty:1030 - CMSIS Pack Vendor :STMicroelectronics USBPD 4.1
2023-11-22 22:21:20,040 [INFO] ThirdParty:1030 - CMSIS Pack Vendor :STMicroelectronics X-CUBE-GNSS1 6.0.0
2023-11-22 22:21:20,040 [INFO] ThirdParty:1030 - CMSIS Pack Vendor :STMicroelectronics USB_HOST 2.0.0
2023-11-22 22:21:20,040 [INFO] ThirdParty:1030 - CMSIS Pack Vendor :STMicroelectronics X-CUBE-AZRTOS-F4 1.1.0
2023-11-22 22:21:20,040 [INFO] ThirdParty:1030 - CMSIS Pack Vendor :STMicroelectronics LIBJPEG 8.0.0
2023-11-22 22:21:20,040 [INFO] ThirdParty:1030 - CMSIS Pack Vendor :STMicroelectronics X-CUBE-SMBUS 2.1.0
2023-11-22 22:21:20,040 [INFO] ThirdParty:1030 - CMSIS Pack Vendor :STMicroelectronics X-CUBE-AZRTOS-F7 1.1.0
2023-11-22 22:21:20,040 [INFO] ThirdParty:1030 - CMSIS Pack Vendor :STMicroelectronics X-CUBE-AZRTOS-L5 2.0.0
2023-11-22 22:21:20,040 [INFO] ThirdParty:1030 - CMSIS Pack Vendor :STMicroelectronics USB_DEVICE 2.0.0
2023-11-22 22:21:20,040 [INFO] ThirdParty:1030 - CMSIS Pack Vendor :STMicroelectronics X-CUBE-MEMS1 9.6.0
2023-11-22 22:21:20,040 [INFO] ThirdParty:1030 - CMSIS Pack Vendor :STMicroelectronics X-CUBE-EEPRMA1 4.2.0
2023-11-22 22:21:20,040 [INFO] ThirdParty:1030 - CMSIS Pack Vendor :ITTIA_DB I-CUBE-ITTIADB 8.8.0
2023-11-22 22:21:20,040 [INFO] ThirdParty:1030 - CMSIS Pack Vendor :STMicroelectronics FP-SNS-MOTENV1 4.3.2
2023-11-22 22:21:20,040 [INFO] ThirdParty:1030 - CMSIS Pack Vendor :STMicroelectronics FP-SNS-MOTENV1 4.3.1
2023-11-22 22:21:20,040 [INFO] ThirdParty:1030 - CMSIS Pack Vendor :STMicroelectronics FP-SNS-FLIGHT1 5.0.1
2023-11-22 22:21:20,040 [INFO] ThirdParty:1030 - CMSIS Pack Vendor :STMicroelectronics X-CUBE-BLE1 6.2.4
2023-11-22 22:21:20,041 [INFO] ThirdParty:1030 - CMSIS Pack Vendor :STMicroelectronics FreeRTOS 0.0.1
2023-11-22 22:21:20,041 [INFO] ThirdParty:1030 - CMSIS Pack Vendor :emotas I-CUBE-CANOPEN 1.1.3
2023-11-22 22:21:20,041 [INFO] ThirdParty:1030 - CMSIS Pack Vendor :STMicroelectronics X-CUBE-BLEMGR 2.0.0
2023-11-22 22:21:20,041 [INFO] ThirdParty:1030 - CMSIS Pack Vendor :STMicroelectronics X-CUBE-BLE1 6.2.1
2023-11-22 22:21:20,041 [INFO] ThirdParty:1030 - CMSIS Pack Vendor :STMicroelectronics X-CUBE-BLE1 6.2.2
2023-11-22 22:21:20,041 [INFO] ThirdParty:1030 - CMSIS Pack Vendor :STMicroelectronics FP-SNS-FLIGHT1 5.0.2
2023-11-22 22:21:20,041 [INFO] ThirdParty:1030 - CMSIS Pack Vendor :STMicroelectronics X-CUBE-BLE2 3.2.2
2023-11-22 22:21:20,041 [INFO] ThirdParty:1030 - CMSIS Pack Vendor :STMicroelectronics X-CUBE-NFC4 2.0.3
2023-11-22 22:21:20,041 [INFO] ThirdParty:1030 - CMSIS Pack Vendor :wolfSSL I-CUBE-wolfSSL 4.8.0
2023-11-22 22:21:20,041 [INFO] ThirdParty:1030 - CMSIS Pack Vendor :STMicroelectronics X-CUBE-AZRTOS-H7 3.1.0
2023-11-22 22:21:20,041 [INFO] ThirdParty:1030 - CMSIS Pack Vendor :STMicroelectronics PDM2PCM 3.3.0
2023-11-22 22:21:20,041 [INFO] ThirdParty:1030 - CMSIS Pack Vendor :STMicroelectronics X-CUBE-SFXS2LP1 3.1.0
2023-11-22 22:21:20,041 [INFO] ThirdParty:1030 - CMSIS Pack Vendor :STMicroelectronics X-CUBE-DISPLAY 3.0.0
2023-11-22 22:21:20,041 [INFO] ThirdParty:1030 - CMSIS Pack Vendor :STMicroelectronics X-CUBE-AZRTOS-F4 1.0.0
2023-11-22 22:21:20,041 [INFO] ThirdParty:1030 - CMSIS Pack Vendor :STMicroelectronics X-CUBE-BLE1 7.0.0
2023-11-22 22:21:20,041 [INFO] ThirdParty:1030 - CMSIS Pack Vendor :STMicroelectronics X-CUBE-TOF1 2.0.0
2023-11-22 22:21:20,041 [INFO] ThirdParty:1030 - CMSIS Pack Vendor :STMicroelectronics HAL Drivers 0.0.0
2023-11-22 22:21:20,041 [INFO] ThirdParty:1030 - CMSIS Pack Vendor :STMicroelectronics X-CUBE-NFC7 1.0.1
2023-11-22 22:21:20,041 [INFO] ThirdParty:1030 - CMSIS Pack Vendor :STMicroelectronics MBEDTLS 2.14.1
2023-11-22 22:21:20,041 [INFO] ThirdParty:1030 - CMSIS Pack Vendor :STMicroelectronics X-CUBE-NFC7 1.0.0
2023-11-22 22:21:20,041 [INFO] ThirdParty:1030 - CMSIS Pack Vendor :STMicroelectronics X-CUBE-TOUCHGFX 4.22.1
2023-11-22 22:21:20,041 [INFO] ThirdParty:1030 - CMSIS Pack Vendor :STMicroelectronics X-CUBE-SUBG2 4.2.0
2023-11-22 22:21:20,041 [INFO] ThirdParty:1030 - CMSIS Pack Vendor :STMicroelectronics X-CUBE-NFC6 3.0.0
2023-11-22 22:21:20,041 [INFO] ThirdParty:1030 - CMSIS Pack Vendor :STMicroelectronics X-CUBE-EEPRMA1 4.1.0
2023-11-22 22:21:20,041 [INFO] ThirdParty:1030 - CMSIS Pack Vendor :STMicroelectronics FP-SNS-SMARTAG2 1.2.0
2023-11-22 22:21:20,041 [INFO] ThirdParty:1030 - CMSIS Pack Vendor :STMicroelectronics X-CUBE-AZRTOS-WL 2.0.0
2023-11-22 22:21:20,041 [INFO] ThirdParty:1030 - CMSIS Pack Vendor :STMicroelectronics X-CUBE-ALGOBUILD 1.2.1
2023-11-22 22:21:20,041 [INFO] ThirdParty:1030 - CMSIS Pack Vendor :STMicroelectronics X-CUBE-DISPLAY 1.0.0
2023-11-22 22:21:20,041 [INFO] ThirdParty:1030 - CMSIS Pack Vendor :STMicroelectronics USB_DEVICE 1.0.0
2023-11-22 22:21:20,042 [INFO] ThirdParty:1030 - CMSIS Pack Vendor :STMicroelectronics X-CUBE-AI 8.1.0
2023-11-22 22:21:20,042 [INFO] ThirdParty:1030 - CMSIS Pack Vendor :STMicroelectronics X-CUBE-AZRTOS-L4 2.0.0
2023-11-22 22:21:20,042 [INFO] ThirdParty:1030 - CMSIS Pack Vendor :STMicroelectronics ThreadX 0.0.2
2023-11-22 22:21:20,042 [INFO] ThirdParty:1030 - CMSIS Pack Vendor :WES I-CUBE-Cesium 1.3.0
2023-11-22 22:21:20,042 [INFO] ThirdParty:1030 - CMSIS Pack Vendor :STMicroelectronics lwIP 2.1.2
2023-11-22 22:21:20,042 [INFO] ThirdParty:1030 - CMSIS Pack Vendor :STMicroelectronics X-CUBE-SFXS2LP1 4.0.0
2023-11-22 22:21:20,042 [INFO] ThirdParty:1030 - CMSIS Pack Vendor :STMicroelectronics X-CUBE-BLE2 3.3.0
2023-11-22 22:21:20,042 [INFO] ThirdParty:1030 - CMSIS Pack Vendor :STMicroelectronics PDM2PCM 3.2.0
2023-11-22 22:21:20,042 [INFO] ThirdParty:1030 - CMSIS Pack Vendor :STMicroelectronics X-CUBE-TOUCHGFX 4.18.0
2023-11-22 22:21:20,042 [INFO] ThirdParty:1030 - CMSIS Pack Vendor :STMicroelectronics X-CUBE-ISPU 1.1.0
2023-11-22 22:21:20,042 [INFO] ThirdParty:1030 - CMSIS Pack Vendor :RoweBots I-CUBE-UNISONRTOS 5.5.0-4
2023-11-22 22:21:20,042 [INFO] ThirdParty:1030 - CMSIS Pack Vendor :STMicroelectronics USB_DEVICE 3.0.0
2023-11-22 22:21:20,042 [INFO] ThirdParty:1030 - CMSIS Pack Vendor :STMicroelectronics X-CUBE-AZRTOS-WB 2.0.0
2023-11-22 22:21:20,042 [INFO] ThirdParty:1030 - CMSIS Pack Vendor :STMicroelectronics X-CUBE-FREERTOS 1.0.1
2023-11-22 22:21:20,042 [INFO] ThirdParty:1030 - CMSIS Pack Vendor :STMicroelectronics X-CUBE-MEMS1 9.0.0
2023-11-22 22:21:20,042 [INFO] ThirdParty:1030 - CMSIS Pack Vendor :STMicroelectronics X-CUBE-TOUCHGFX 4.21.4
2023-11-22 22:21:20,042 [INFO] ThirdParty:1030 - CMSIS Pack Vendor :STMicroelectronics X-CUBE-ALGOBUILD 1.3.0
2023-11-22 22:21:20,042 [INFO] ThirdParty:1030 - CMSIS Pack Vendor :STMicroelectronics X-CUBE-AZRTOS-L5 1.1.0
2023-11-22 22:21:20,042 [INFO] ThirdParty:1030 - CMSIS Pack Vendor :STMicroelectronics X-CUBE-AZRTOS-G0 1.1.0
2023-11-22 22:21:20,042 [INFO] ThirdParty:1030 - CMSIS Pack Vendor :STMicroelectronics X-CUBE-AI 8.0.1
2023-11-22 22:21:20,042 [INFO] ThirdParty:1030 - CMSIS Pack Vendor :STMicroelectronics X-CUBE-NFC4 3.0.0
2023-11-22 22:21:20,042 [INFO] ThirdParty:1030 - CMSIS Pack Vendor :SEGGER I-CUBE-embOS 1.2.0
2023-11-22 22:21:20,042 [INFO] ThirdParty:1030 - CMSIS Pack Vendor :STMicroelectronics X-CUBE-SUBG2 5.0.0
2023-11-22 22:21:20,042 [INFO] ThirdParty:1030 - CMSIS Pack Vendor :STMicroelectronics STM32_WPAN 1.0.0
2023-11-22 22:21:20,042 [INFO] ThirdParty:1030 - CMSIS Pack Vendor :STMicroelectronics lwIP 2.0.3
2023-11-22 22:21:20,042 [INFO] ThirdParty:1030 - CMSIS Pack Vendor :STMicroelectronics USB_HOST 1.0.0
2023-11-22 22:21:20,042 [INFO] ThirdParty:1030 - CMSIS Pack Vendor :STMicroelectronics X-CUBE-TOF1 3.3.1
2023-11-22 22:21:20,042 [INFO] ThirdParty:1030 - CMSIS Pack Vendor :STMicroelectronics X-CUBE-AZRTOS-G4 2.0.0
2023-11-22 22:21:20,042 [INFO] ThirdParty:1030 - CMSIS Pack Vendor :STMicroelectronics X-CUBE-TOUCHGFX 4.17.0
2023-11-22 22:21:20,042 [INFO] ThirdParty:1030 - CMSIS Pack Vendor :STMicroelectronics PDM2PCM 3.1.0
2023-11-22 22:21:20,043 [INFO] ThirdParty:1030 - CMSIS Pack Vendor :STMicroelectronics X-CUBE-TOF1 3.3.0
2023-11-22 22:21:20,043 [INFO] ThirdParty:1030 - CMSIS Pack Vendor :Infineon AIROC-Wi-Fi-Bluetooth-STM32 1.5.1
2023-11-22 22:21:20,043 [INFO] ThirdParty:1030 - CMSIS Pack Vendor :STMicroelectronics X-CUBE-BLEMGR 3.0.0
2023-11-22 22:21:20,043 [INFO] ThirdParty:1030 - CMSIS Pack Vendor :STMicroelectronics FP-SNS-MOTENVWB1 1.3.0
2023-11-22 22:21:20,043 [INFO] ThirdParty:1030 - CMSIS Pack Vendor :STMicroelectronics X-CUBE-AZRTOS-H7 2.0.0
2023-11-22 22:21:20,043 [INFO] ThirdParty:1030 - CMSIS Pack Vendor :STMicroelectronics FP-ATR-SIGFOX1 3.2.0
2023-11-22 22:21:20,043 [INFO] ThirdParty:1030 - CMSIS Pack Vendor :STMicroelectronics X-CUBE-AZRTOS-G4 1.0.0
2023-11-22 22:21:20,043 [INFO] ThirdParty:1030 - CMSIS Pack Vendor :STMicroelectronics X-CUBE-AZRTOS-L4 1.0.0
2023-11-22 22:21:20,043 [INFO] ThirdParty:1030 - CMSIS Pack Vendor :STMicroelectronics MBEDTLS 2.16.2
2023-11-22 22:21:20,043 [INFO] ThirdParty:1030 - CMSIS Pack Vendor :STMicroelectronics X-CUBE-MEMS1 10.0.0
2023-11-22 22:21:20,043 [INFO] ThirdParty:1030 - CMSIS Pack Vendor :STMicroelectronics X-CUBE-FREERTOS 1.1.0
2023-11-22 22:21:20,043 [INFO] ThirdParty:1030 - CMSIS Pack Vendor :STMicroelectronics X-CUBE-AZRTOS-F7 1.0.0
2023-11-22 22:21:20,043 [INFO] ThirdParty:1030 - CMSIS Pack Vendor :STMicroelectronics X-CUBE-AZRTOS-WL 1.0.0
2023-11-22 22:21:20,043 [INFO] ThirdParty:1030 - CMSIS Pack Vendor :STMicroelectronics X-CUBE-MEMS1 9.1.0
2023-11-22 22:21:20,043 [INFO] ThirdParty:1030 - CMSIS Pack Vendor :portGmbH I-Cube-SoM-uGOAL 1.1.0
2023-11-22 22:21:20,043 [INFO] ThirdParty:1030 - CMSIS Pack Vendor :STMicroelectronics X-CUBE-ALS 1.0.1
2023-11-22 22:21:20,043 [INFO] ThirdParty:1030 - CMSIS Pack Vendor :STMicroelectronics X-CUBE-AI 7.0.0
2023-11-22 22:21:20,043 [INFO] ThirdParty:1030 - CMSIS Pack Vendor :STMicroelectronics ThreadX 1.0.0
2023-11-22 22:21:20,043 [INFO] ThirdParty:1030 - CMSIS Pack Vendor :STMicroelectronics X-CUBE-AZRTOS-WB 1.1.0
2023-11-22 22:21:20,043 [INFO] ThirdParty:1030 - CMSIS Pack Vendor :SEGGER I-CUBE-embOS 1.3.1
2023-11-22 22:21:20,043 [INFO] ThirdParty:1030 - CMSIS Pack Vendor :STMicroelectronics X-CUBE-AZRTOS-L5 1.0.0
2023-11-22 22:21:20,043 [INFO] ThirdParty:1030 - CMSIS Pack Vendor :STMicroelectronics X-CUBE-EEPRMA1 3.1.0
2023-11-22 22:21:20,043 [INFO] ThirdParty:1030 - CMSIS Pack Vendor :STMicroelectronics X-CUBE-GNSS1 5.2.0
2023-11-22 22:21:20,043 [INFO] ThirdParty:1030 - CMSIS Pack Vendor :STMicroelectronics FP-ATR-ASTRA1 2.0.0
2023-11-22 22:21:20,043 [INFO] ThirdParty:1030 - CMSIS Pack Vendor :STMicroelectronics X-CUBE-DISPLAY 2.0.0
2023-11-22 22:21:20,043 [INFO] ThirdParty:841 - exiting critical section [change project]
2023-11-22 22:21:20,282 [INFO] PinOutPanel:1499 - setPackage(No Configuration,No Configuration)
2023-11-22 22:21:20,283 [INFO] PinOutPanel:1499 - setPackage(STM32F401RETx,LQFP64)
2023-11-22 22:21:20,604 [INFO] UtilMem:75 - Before build in PCC Used Memory: 243027080 Bytes (780140544)
2023-11-22 22:21:21,148 [INFO] UtilMem:75 - After build in PCC Used Memory: 331336128 Bytes (780140544)
2023-11-22 22:21:21,217 [INFO] ApiDbMcu:507 - Load IP Config File for FREERTOS
2023-11-22 22:21:21,235 [INFO] ApiDbMcu:507 - Load IP Config File for USB_DEVICE
2023-11-22 22:21:21,258 [INFO] IPUIPlugin:80 - create IPUIPlugin
2023-11-22 22:21:21,258 [INFO] IPUIPlugin:80 - create IPUIPlugin
2023-11-22 22:21:21,258 [INFO] IPUIPlugin:80 - create IPUIPlugin
2023-11-22 22:21:21,258 [INFO] IPUIPlugin:80 - create IPUIPlugin
2023-11-22 22:21:21,259 [INFO] IPUIPlugin:80 - create IPUIPlugin
2023-11-22 22:21:21,259 [INFO] IPUIPlugin:80 - create IPUIPlugin
2023-11-22 22:21:21,259 [INFO] IPUIPlugin:80 - create IPUIPlugin
2023-11-22 22:21:21,259 [INFO] IPUIPlugin:80 - create IPUIPlugin
2023-11-22 22:21:21,259 [INFO] IPUIPlugin:80 - create IPUIPlugin
2023-11-22 22:21:21,259 [INFO] IPUIPlugin:80 - create IPUIPlugin
2023-11-22 22:21:21,259 [INFO] IPUIPlugin:80 - create IPUIPlugin
2023-11-22 22:21:21,259 [INFO] IPUIPlugin:80 - create IPUIPlugin
2023-11-22 22:21:21,259 [INFO] IPUIPlugin:80 - create IPUIPlugin
2023-11-22 22:21:21,259 [INFO] IPUIPlugin:80 - create IPUIPlugin
2023-11-22 22:21:21,259 [INFO] IPUIPlugin:80 - create IPUIPlugin
2023-11-22 22:21:21,260 [INFO] IPUIPlugin:80 - create IPUIPlugin
2023-11-22 22:21:21,260 [INFO] IPUIPlugin:80 - create IPUIPlugin
2023-11-22 22:21:21,260 [INFO] IPUIPlugin:80 - create IPUIPlugin
2023-11-22 22:21:21,260 [INFO] IPUIPlugin:80 - create IPUIPlugin
2023-11-22 22:21:21,260 [INFO] IPUIPlugin:80 - create IPUIPlugin
2023-11-22 22:21:21,260 [INFO] IPUIPlugin:80 - create IPUIPlugin
2023-11-22 22:21:21,260 [INFO] IPUIPlugin:80 - create IPUIPlugin
2023-11-22 22:21:21,261 [INFO] IPUIPlugin:80 - create IPUIPlugin
2023-11-22 22:21:21,261 [INFO] IPUIPlugin:80 - create IPUIPlugin
2023-11-22 22:21:21,261 [INFO] IPUIPlugin:80 - create IPUIPlugin
2023-11-22 22:21:21,261 [INFO] IPUIPlugin:80 - create IPUIPlugin
2023-11-22 22:21:21,261 [INFO] IPUIPlugin:80 - create IPUIPlugin
2023-11-22 22:21:21,261 [INFO] IPUIPlugin:80 - create IPUIPlugin
2023-11-22 22:21:21,262 [INFO] IPUIPlugin:80 - create IPUIPlugin
2023-11-22 22:21:21,262 [INFO] IPUIPlugin:80 - create IPUIPlugin
2023-11-22 22:21:21,262 [INFO] IPUIPlugin:80 - create IPUIPlugin
2023-11-22 22:21:21,263 [INFO] IPUIPlugin:80 - create IPUIPlugin
2023-11-22 22:21:21,263 [INFO] IPUIPlugin:80 - create IPUIPlugin
2023-11-22 22:21:21,263 [INFO] IPUIPlugin:80 - create IPUIPlugin
2023-11-22 22:21:21,263 [INFO] IPUIPlugin:80 - create IPUIPlugin
2023-11-22 22:21:21,263 [INFO] IPUIPlugin:80 - create IPUIPlugin
2023-11-22 22:21:21,264 [INFO] IPUIPlugin:80 - create IPUIPlugin
2023-11-22 22:21:21,264 [INFO] IPUIPlugin:80 - create IPUIPlugin
2023-11-22 22:21:21,276 [INFO] ApiDbMcu:507 - Load IP Config File for PDM2PCM
2023-11-22 22:21:21,301 [WARN] FreeRTOS:1023 - Null or empty value: should not occur! (nothing added to the table)
2023-11-22 22:21:21,451 [INFO] CADModel:165 - CPN selected for project levelSTM32F401RET6
2023-11-22 22:21:21,451 [INFO] CADModel:114 - Register for checkConnection events
2023-11-22 22:21:21,453 [INFO] RtosManager:697 - Active RTOS found at IOC load: FREERTOS [Cortex-M4NS]
2023-11-22 22:21:21,501 [INFO] OpenFileManager:328 - Restore cursor
2023-11-22 22:21:21,631 [WARN] IP:2114 - DEVICE_SERIAL0_CDC_FS not found: check if there is a RefParameter without a condition.
2023-11-22 22:21:21,631 [WARN] IP:2114 - DEVICE_SERIAL1_CDC_FS not found: check if there is a RefParameter without a condition.
2023-11-22 22:21:21,631 [WARN] IP:2114 - DEVICE_SERIAL2_CDC_FS not found: check if there is a RefParameter without a condition.
2023-11-22 22:21:21,632 [WARN] IP:2114 - DEVICE_SERIAL0_CDC_FS not found: check if there is a RefParameter without a condition.
2023-11-22 22:21:21,632 [WARN] IP:2114 - DEVICE_SERIAL1_CDC_FS not found: check if there is a RefParameter without a condition.
2023-11-22 22:21:21,632 [WARN] IP:2114 - DEVICE_SERIAL2_CDC_FS not found: check if there is a RefParameter without a condition.
2023-11-22 22:53:49,973 [ERROR] LogOutputStream:75 - [STDERR_REDIRECT] 
