2023-11-21 02:18:14,388 [ERROR] LogOutputStream:75 - [STDERR_REDIRECT] [Fatal Error] :1:1: Premature end of file.
2023-11-21 02:18:14,396 [ERROR] LogOutputStream:75 - [STDERR_REDIRECT] 
2023-11-21 02:18:15,387 [ERROR] LogOutputStream:75 - [STDERR_REDIRECT] [Fatal Error] :1:1: Premature end of file.
2023-11-21 02:18:15,387 [ERROR] LogOutputStream:75 - [STDERR_REDIRECT] 
2023-11-21 02:18:16,387 [ERROR] LogOutputStream:75 - [STDERR_REDIRECT] [Fatal Error] :1:1: Premature end of file.
2023-11-21 02:18:16,388 [ERROR] LogOutputStream:75 - [STDERR_REDIRECT] 
2023-11-21 02:18:17,386 [ERROR] LogOutputStream:75 - [STDERR_REDIRECT] [Fatal Error] :1:1: Premature end of file.
2023-11-21 02:18:17,387 [ERROR] LogOutputStream:75 - [STDERR_REDIRECT] 
2023-11-21 02:18:18,386 [ERROR] LogOutputStream:75 - [STDERR_REDIRECT] [Fatal Error] :1:1: Premature end of file.
2023-11-21 02:18:18,387 [ERROR] LogOutputStream:75 - [STDERR_REDIRECT] 
2023-11-21 02:18:19,387 [ERROR] LogOutputStream:75 - [STDERR_REDIRECT] [Fatal Error] :1:1: Premature end of file.
2023-11-21 02:18:19,387 [ERROR] LogOutputStream:75 - [STDERR_REDIRECT] 
2023-11-21 02:18:20,387 [ERROR] LogOutputStream:75 - [STDERR_REDIRECT] [Fatal Error] :1:1: Premature end of file.
2023-11-21 02:18:20,387 [ERROR] LogOutputStream:75 - [STDERR_REDIRECT] 
2023-11-21 02:18:21,386 [ERROR] LogOutputStream:75 - [STDERR_REDIRECT] [Fatal Error] :1:1: Premature end of file.
2023-11-21 02:18:21,386 [ERROR] LogOutputStream:75 - [STDERR_REDIRECT] 
2023-11-21 02:18:22,387 [ERROR] LogOutputStream:75 - [STDERR_REDIRECT] [Fatal Error] :1:1: Premature end of file.
2023-11-21 02:18:22,387 [ERROR] LogOutputStream:75 - [STDERR_REDIRECT] 
2023-11-21 02:18:23,388 [ERROR] LogOutputStream:75 - [STDERR_REDIRECT] [Fatal Error] :1:1: Premature end of file.
2023-11-21 02:18:23,388 [ERROR] LogOutputStream:75 - [STDERR_REDIRECT] 
2023-11-21 02:18:24,386 [ERROR] LogOutputStream:75 - [STDERR_REDIRECT] [Fatal Error] :1:1: Premature end of file.
2023-11-21 02:18:24,387 [ERROR] LogOutputStream:75 - [STDERR_REDIRECT] 
2023-11-21 02:18:25,388 [ERROR] LogOutputStream:75 - [STDERR_REDIRECT] [Fatal Error] :1:1: Premature end of file.
2023-11-21 02:18:25,388 [ERROR] LogOutputStream:75 - [STDERR_REDIRECT] 
2023-11-21 02:18:26,387 [ERROR] LogOutputStream:75 - [STDERR_REDIRECT] [Fatal Error] :1:1: Premature end of file.
2023-11-21 02:18:26,387 [ERROR] LogOutputStream:75 - [STDERR_REDIRECT] 
2023-11-21 02:18:27,386 [ERROR] LogOutputStream:75 - [STDERR_REDIRECT] [Fatal Error] :1:1: Premature end of file.
2023-11-21 02:18:27,387 [ERROR] LogOutputStream:75 - [STDERR_REDIRECT] 
2023-11-21 02:18:28,387 [ERROR] LogOutputStream:75 - [STDERR_REDIRECT] [Fatal Error] :1:1: Premature end of file.
2023-11-21 02:18:28,387 [ERROR] LogOutputStream:75 - [STDERR_REDIRECT] 
2023-11-21 02:18:29,386 [ERROR] LogOutputStream:75 - [STDERR_REDIRECT] [Fatal Error] :1:1: Premature end of file.
2023-11-21 02:18:29,387 [ERROR] LogOutputStream:75 - [STDERR_REDIRECT] 
2023-11-21 02:18:30,387 [ERROR] LogOutputStream:75 - [STDERR_REDIRECT] [Fatal Error] :1:1: Premature end of file.
2023-11-21 02:18:30,388 [ERROR] LogOutputStream:75 - [STDERR_REDIRECT] 
2023-11-21 02:18:31,386 [ERROR] LogOutputStream:75 - [STDERR_REDIRECT] [Fatal Error] :1:1: Premature end of file.
2023-11-21 02:18:31,386 [ERROR] LogOutputStream:75 - [STDERR_REDIRECT] 
2023-11-21 02:18:32,387 [ERROR] LogOutputStream:75 - [STDERR_REDIRECT] [Fatal Error] :1:1: Premature end of file.
2023-11-21 02:18:32,387 [ERROR] LogOutputStream:75 - [STDERR_REDIRECT] 
2023-11-21 02:18:33,387 [ERROR] LogOutputStream:75 - [STDERR_REDIRECT] [Fatal Error] :1:1: Premature end of file.
2023-11-21 02:18:33,387 [ERROR] LogOutputStream:75 - [STDERR_REDIRECT] 
2023-11-21 02:18:34,387 [ERROR] LogOutputStream:75 - [STDERR_REDIRECT] [Fatal Error] :1:1: Premature end of file.
2023-11-21 02:18:34,387 [ERROR] LogOutputStream:75 - [STDERR_REDIRECT] 
2023-11-21 02:18:35,387 [ERROR] LogOutputStream:75 - [STDERR_REDIRECT] [Fatal Error] :1:1: Premature end of file.
2023-11-21 02:18:35,388 [ERROR] LogOutputStream:75 - [STDERR_REDIRECT] 
2023-11-21 02:18:36,386 [ERROR] LogOutputStream:75 - [STDERR_REDIRECT] [Fatal Error] :1:1: Premature end of file.
2023-11-21 02:18:36,386 [ERROR] LogOutputStream:75 - [STDERR_REDIRECT] 
2023-11-21 02:18:37,386 [ERROR] LogOutputStream:75 - [STDERR_REDIRECT] [Fatal Error] :1:1: Premature end of file.
2023-11-21 02:18:37,386 [ERROR] LogOutputStream:75 - [STDERR_REDIRECT] 
2023-11-21 02:18:38,387 [ERROR] LogOutputStream:75 - [STDERR_REDIRECT] [Fatal Error] :1:1: Premature end of file.
2023-11-21 02:18:38,387 [ERROR] LogOutputStream:75 - [STDERR_REDIRECT] 
2023-11-21 02:18:39,387 [ERROR] LogOutputStream:75 - [STDERR_REDIRECT] [Fatal Error] :1:1: Premature end of file.
2023-11-21 02:18:39,387 [ERROR] LogOutputStream:75 - [STDERR_REDIRECT] 
2023-11-21 02:18:40,387 [ERROR] LogOutputStream:75 - [STDERR_REDIRECT] [Fatal Error] :1:1: Premature end of file.
2023-11-21 02:18:40,387 [ERROR] LogOutputStream:75 - [STDERR_REDIRECT] 
2023-11-21 02:18:41,386 [ERROR] LogOutputStream:75 - [STDERR_REDIRECT] [Fatal Error] :1:1: Premature end of file.
2023-11-21 02:18:41,387 [ERROR] LogOutputStream:75 - [STDERR_REDIRECT] 
2023-11-21 02:18:42,386 [ERROR] LogOutputStream:75 - [STDERR_REDIRECT] [Fatal Error] :1:1: Premature end of file.
2023-11-21 02:18:42,387 [ERROR] LogOutputStream:75 - [STDERR_REDIRECT] 
2023-11-21 02:18:43,387 [ERROR] LogOutputStream:75 - [STDERR_REDIRECT] [Fatal Error] :1:1: Premature end of file.
2023-11-21 02:18:43,387 [ERROR] LogOutputStream:75 - [STDERR_REDIRECT] 
2023-11-21 02:18:44,386 [ERROR] LogOutputStream:75 - [STDERR_REDIRECT] [Fatal Error] :1:1: Premature end of file.
2023-11-21 02:18:44,386 [ERROR] LogOutputStream:75 - [STDERR_REDIRECT] 
2023-11-21 02:18:45,386 [ERROR] LogOutputStream:75 - [STDERR_REDIRECT] [Fatal Error] :1:1: Premature end of file.
2023-11-21 02:18:45,387 [ERROR] LogOutputStream:75 - [STDERR_REDIRECT] 
2023-11-21 02:18:46,386 [ERROR] LogOutputStream:75 - [STDERR_REDIRECT] [Fatal Error] :1:1: Premature end of file.
2023-11-21 02:18:46,386 [ERROR] LogOutputStream:75 - [STDERR_REDIRECT] 
2023-11-21 02:18:47,386 [ERROR] LogOutputStream:75 - [STDERR_REDIRECT] [Fatal Error] :1:1: Premature end of file.
2023-11-21 02:18:47,386 [ERROR] LogOutputStream:75 - [STDERR_REDIRECT] 
2023-11-21 02:18:48,386 [ERROR] LogOutputStream:75 - [STDERR_REDIRECT] [Fatal Error] :1:1: Premature end of file.
2023-11-21 02:18:48,387 [ERROR] LogOutputStream:75 - [STDERR_REDIRECT] 
2023-11-21 02:18:49,388 [ERROR] LogOutputStream:75 - [STDERR_REDIRECT] [Fatal Error] :1:1: Premature end of file.
2023-11-21 02:18:49,388 [ERROR] LogOutputStream:75 - [STDERR_REDIRECT] 
2023-11-21 02:18:50,386 [ERROR] LogOutputStream:75 - [STDERR_REDIRECT] [Fatal Error] :1:1: Premature end of file.
2023-11-21 02:18:50,386 [ERROR] LogOutputStream:75 - [STDERR_REDIRECT] 
2023-11-21 02:18:51,387 [ERROR] LogOutputStream:75 - [STDERR_REDIRECT] [Fatal Error] :1:1: Premature end of file.
2023-11-21 02:18:51,388 [ERROR] LogOutputStream:75 - [STDERR_REDIRECT] 
2023-11-21 02:18:52,386 [ERROR] LogOutputStream:75 - [STDERR_REDIRECT] [Fatal Error] :1:1: Premature end of file.
2023-11-21 02:18:52,387 [ERROR] LogOutputStream:75 - [STDERR_REDIRECT] 
2023-11-21 02:18:53,386 [ERROR] LogOutputStream:75 - [STDERR_REDIRECT] [Fatal Error] :1:1: Premature end of file.
2023-11-21 02:18:53,386 [ERROR] LogOutputStream:75 - [STDERR_REDIRECT] 
2023-11-21 02:18:54,387 [ERROR] LogOutputStream:75 - [STDERR_REDIRECT] [Fatal Error] :1:1: Premature end of file.
2023-11-21 02:18:54,388 [ERROR] LogOutputStream:75 - [STDERR_REDIRECT] 
2023-11-21 02:18:55,386 [ERROR] LogOutputStream:75 - [STDERR_REDIRECT] [Fatal Error] :1:1: Premature end of file.
2023-11-21 02:18:55,387 [ERROR] LogOutputStream:75 - [STDERR_REDIRECT] 
2023-11-21 02:18:56,387 [ERROR] LogOutputStream:75 - [STDERR_REDIRECT] [Fatal Error] :1:1: Premature end of file.
2023-11-21 02:18:56,387 [ERROR] LogOutputStream:75 - [STDERR_REDIRECT] 
2023-11-21 02:18:57,387 [ERROR] LogOutputStream:75 - [STDERR_REDIRECT] [Fatal Error] :1:1: Premature end of file.
2023-11-21 02:18:57,387 [ERROR] LogOutputStream:75 - [STDERR_REDIRECT] 
2023-11-21 02:18:58,387 [ERROR] LogOutputStream:75 - [STDERR_REDIRECT] [Fatal Error] :1:1: Premature end of file.
2023-11-21 02:18:58,388 [ERROR] LogOutputStream:75 - [STDERR_REDIRECT] 
2023-11-21 02:18:59,386 [ERROR] LogOutputStream:75 - [STDERR_REDIRECT] [Fatal Error] :1:1: Premature end of file.
2023-11-21 02:18:59,386 [ERROR] LogOutputStream:75 - [STDERR_REDIRECT] 
2023-11-21 02:19:00,388 [ERROR] LogOutputStream:75 - [STDERR_REDIRECT] [Fatal Error] :1:1: Premature end of file.
2023-11-21 02:19:00,388 [ERROR] LogOutputStream:75 - [STDERR_REDIRECT] 
2023-11-21 02:19:01,386 [ERROR] LogOutputStream:75 - [STDERR_REDIRECT] [Fatal Error] :1:1: Premature end of file.
2023-11-21 02:19:01,386 [ERROR] LogOutputStream:75 - [STDERR_REDIRECT] 
2023-11-21 02:19:02,387 [ERROR] LogOutputStream:75 - [STDERR_REDIRECT] [Fatal Error] :1:1: Premature end of file.
2023-11-21 02:19:02,388 [ERROR] LogOutputStream:75 - [STDERR_REDIRECT] 
2023-11-21 02:19:03,386 [ERROR] LogOutputStream:75 - [STDERR_REDIRECT] [Fatal Error] :1:1: Premature end of file.
2023-11-21 02:19:03,386 [ERROR] LogOutputStream:75 - [STDERR_REDIRECT] 
2023-11-21 02:19:04,387 [ERROR] LogOutputStream:75 - [STDERR_REDIRECT] [Fatal Error] :1:1: Premature end of file.
2023-11-21 02:19:04,387 [ERROR] LogOutputStream:75 - [STDERR_REDIRECT] 
2023-11-21 02:19:05,386 [ERROR] LogOutputStream:75 - [STDERR_REDIRECT] [Fatal Error] :1:1: Premature end of file.
2023-11-21 02:19:05,386 [ERROR] LogOutputStream:75 - [STDERR_REDIRECT] 
2023-11-21 02:19:06,387 [ERROR] LogOutputStream:75 - [STDERR_REDIRECT] [Fatal Error] :1:1: Premature end of file.
2023-11-21 02:19:06,388 [ERROR] LogOutputStream:75 - [STDERR_REDIRECT] 
2023-11-21 02:19:07,387 [ERROR] LogOutputStream:75 - [STDERR_REDIRECT] [Fatal Error] :1:1: Premature end of file.
2023-11-21 02:19:07,387 [ERROR] LogOutputStream:75 - [STDERR_REDIRECT] 
2023-11-21 02:19:08,386 [ERROR] LogOutputStream:75 - [STDERR_REDIRECT] [Fatal Error] :1:1: Premature end of file.
2023-11-21 02:19:08,386 [ERROR] LogOutputStream:75 - [STDERR_REDIRECT] 
2023-11-21 02:19:09,387 [ERROR] LogOutputStream:75 - [STDERR_REDIRECT] [Fatal Error] :1:1: Premature end of file.
2023-11-21 02:19:09,388 [ERROR] LogOutputStream:75 - [STDERR_REDIRECT] 
2023-11-21 02:19:10,386 [ERROR] LogOutputStream:75 - [STDERR_REDIRECT] [Fatal Error] :1:1: Premature end of file.
2023-11-21 02:19:10,386 [ERROR] LogOutputStream:75 - [STDERR_REDIRECT] 
2023-11-21 02:19:11,387 [ERROR] LogOutputStream:75 - [STDERR_REDIRECT] [Fatal Error] :1:1: Premature end of file.
2023-11-21 02:19:11,388 [ERROR] LogOutputStream:75 - [STDERR_REDIRECT] 
2023-11-21 02:19:12,387 [ERROR] LogOutputStream:75 - [STDERR_REDIRECT] [Fatal Error] :1:1: Premature end of file.
2023-11-21 02:19:12,387 [ERROR] LogOutputStream:75 - [STDERR_REDIRECT] 
2023-11-21 02:19:13,386 [ERROR] LogOutputStream:75 - [STDERR_REDIRECT] [Fatal Error] :1:1: Premature end of file.
2023-11-21 02:19:13,387 [ERROR] LogOutputStream:75 - [STDERR_REDIRECT] 
2023-11-21 02:19:14,387 [ERROR] LogOutputStream:75 - [STDERR_REDIRECT] [Fatal Error] :1:1: Premature end of file.
2023-11-21 02:19:14,387 [ERROR] LogOutputStream:75 - [STDERR_REDIRECT] 
2023-11-21 02:19:15,386 [ERROR] LogOutputStream:75 - [STDERR_REDIRECT] [Fatal Error] :1:1: Premature end of file.
2023-11-21 02:19:15,386 [ERROR] LogOutputStream:75 - [STDERR_REDIRECT] 
2023-11-21 02:19:16,387 [ERROR] LogOutputStream:75 - [STDERR_REDIRECT] [Fatal Error] :1:1: Premature end of file.
2023-11-21 02:19:16,387 [ERROR] LogOutputStream:75 - [STDERR_REDIRECT] 
2023-11-21 02:22:03,367 [ERROR] LogOutputStream:75 - [STDERR_REDIRECT] 
2023-11-21 20:23:05,189 [INFO] Activator:176 - 


2023-11-21 20:23:05,191 [INFO] Activator:177 - !SESSION log4j initialized
2023-11-21 20:23:08,967 [INFO] LogOutputStream:77 - [STDOUT_REDIRECT] 
2023-11-21 20:23:10,281 [INFO] ApplicationProperties:184 - Using Application install path: H:\STM32CubeIDE_1.13.2\STM32CubeIDE\plugins\com.st.stm32cube.common.mx_6.9.2.202309101412
2023-11-21 20:23:10,299 [INFO] DbMcusXml:78 - Set database path to: H:\STM32CubeIDE_1.13.2\STM32CubeIDE\plugins\com.st.stm32cube.common.mx_6.9.2.202309101412\\db\/mcu/
2023-11-21 20:23:10,299 [INFO] ApiDb:274 - Set plugin database path to: H:\STM32CubeIDE_1.13.2\STM32CubeIDE\plugins\com.st.stm32cube.common.mx_6.9.2.202309101412\\db\/plugins/boardmanager/
2023-11-21 20:23:10,299 [WARN] ApiDb:259 - Overriding images path with different value:  => H:\STM32CubeIDE_1.13.2\STM32CubeIDE\plugins\com.st.stm32cube.common.mx_6.9.2.202309101412\\db\/plugins/mcufinder/images/
2023-11-21 20:23:10,305 [INFO] ApiDb:250 - Set database path to: C:\Users\Bence\.stmcufinder\plugins\mcufinder//mcu/
2023-11-21 20:23:10,306 [INFO] DbMcusAds:125 - Set database path to: C:\Users\Bence\.stmcufinder\plugins\mcufinder//mcu/
2023-11-21 20:23:10,308 [INFO] CrossReferenceDbSqlite:203 - Set database path to: C:\Users\Bence\.stmcufinder\plugins\mcufinder//mcu/cs/
2023-11-21 20:23:10,389 [INFO] RulesReader:64 - Compatibility file has been processed (293 Rules)
2023-11-21 20:23:10,439 [INFO] DbMcusXml:78 - Set database path to: H:\STM32CubeIDE_1.13.2\STM32CubeIDE\plugins\com.st.stm32cube.common.mx_6.9.2.202309101412\\db\/mcu/
2023-11-21 20:23:10,439 [INFO] ApiDb:274 - Set plugin database path to: H:\STM32CubeIDE_1.13.2\STM32CubeIDE\plugins\com.st.stm32cube.common.mx_6.9.2.202309101412\\db\/plugins/boardmanager/
2023-11-21 20:23:10,440 [INFO] ApiDb:261 - Set plugin images path to: H:\STM32CubeIDE_1.13.2\STM32CubeIDE\plugins\com.st.stm32cube.common.mx_6.9.2.202309101412\\db\/plugins/mcufinder/images/
2023-11-21 20:23:10,440 [WARN] DbFile:41 - Overriding database path with different value: C:\Users\Bence\.stmcufinder\plugins\mcufinder/ => C:\Users\Bence\.stmcufinder\plugins\mcufinder
2023-11-21 20:23:10,440 [INFO] ApiDb:250 - Set database path to: C:\Users\Bence\.stmcufinder\plugins\mcufinder//mcu/
2023-11-21 20:23:10,440 [WARN] DbFile:41 - Overriding database path with different value: C:\Users\Bence\.stmcufinder\plugins\mcufinder/ => C:\Users\Bence\.stmcufinder\plugins\mcufinder
2023-11-21 20:23:10,440 [INFO] DbMcusAds:125 - Set database path to: C:\Users\Bence\.stmcufinder\plugins\mcufinder//mcu/
2023-11-21 20:23:10,440 [WARN] DbFile:41 - Overriding database path with different value: C:\Users\Bence\.stmcufinder\plugins\mcufinder/ => C:\Users\Bence\.stmcufinder\plugins\mcufinder
2023-11-21 20:23:10,440 [WARN] DbFile:41 - Overriding database path with different value: C:\Users\Bence\.stmcufinder\plugins\mcufinder/ => C:\Users\Bence\.stmcufinder\plugins\mcufinder
2023-11-21 20:23:10,440 [INFO] CrossReferenceDbSqlite:203 - Set database path to: C:\Users\Bence\.stmcufinder\plugins\mcufinder//mcu/cs/
2023-11-21 20:23:10,486 [INFO] MainPanel:262 - HeapMemory: 268435456
2023-11-21 20:23:10,538 [INFO] DbMcusXml:78 - Set database path to: H:\STM32CubeIDE_1.13.2\STM32CubeIDE\plugins\com.st.stm32cube.common.mx_6.9.2.202309101412\\db\/mcu/
2023-11-21 20:23:10,538 [INFO] ApiDb:274 - Set plugin database path to: H:\STM32CubeIDE_1.13.2\STM32CubeIDE\plugins\com.st.stm32cube.common.mx_6.9.2.202309101412\\db\/plugins/boardmanager/
2023-11-21 20:23:10,538 [INFO] ApiDb:261 - Set plugin images path to: H:\STM32CubeIDE_1.13.2\STM32CubeIDE\plugins\com.st.stm32cube.common.mx_6.9.2.202309101412\\db\/plugins/mcufinder/images/
2023-11-21 20:23:10,538 [WARN] DbFile:41 - Overriding database path with different value: C:\Users\Bence\.stmcufinder\plugins\mcufinder/ => C:\Users\Bence\.stmcufinder\plugins\mcufinder
2023-11-21 20:23:10,538 [INFO] ApiDb:250 - Set database path to: C:\Users\Bence\.stmcufinder\plugins\mcufinder//mcu/
2023-11-21 20:23:10,538 [WARN] DbFile:41 - Overriding database path with different value: C:\Users\Bence\.stmcufinder\plugins\mcufinder/ => C:\Users\Bence\.stmcufinder\plugins\mcufinder
2023-11-21 20:23:10,539 [INFO] DbMcusAds:125 - Set database path to: C:\Users\Bence\.stmcufinder\plugins\mcufinder//mcu/
2023-11-21 20:23:10,539 [WARN] DbFile:41 - Overriding database path with different value: C:\Users\Bence\.stmcufinder\plugins\mcufinder/ => C:\Users\Bence\.stmcufinder\plugins\mcufinder
2023-11-21 20:23:10,539 [WARN] DbFile:41 - Overriding database path with different value: C:\Users\Bence\.stmcufinder\plugins\mcufinder/ => C:\Users\Bence\.stmcufinder\plugins\mcufinder
2023-11-21 20:23:10,539 [INFO] CrossReferenceDbSqlite:203 - Set database path to: C:\Users\Bence\.stmcufinder\plugins\mcufinder//mcu/cs/
2023-11-21 20:23:10,550 [INFO] ApplicationProperties:184 - Using Application install path: H:\STM32CubeIDE_1.13.2\STM32CubeIDE\plugins\com.st.stm32cube.common.mx_6.9.2.202309101412
2023-11-21 20:23:10,551 [INFO] PluginManage:196 - Search for loadable plugins [exclusion list=, ]
2023-11-21 20:23:10,552 [INFO] PluginManage:310 - Check plugin analytics
2023-11-21 20:23:10,666 [INFO] AnalyticsPlugin:253 - Accepted Software Licenses: 
2023-11-21 20:23:10,666 [INFO] AnalyticsPlugin:255 - Accepted CMSIS Pack Licenses: 
2023-11-21 20:23:10,667 [INFO] AnalyticsPlugin:257 - Accepted Firmware Licenses: FW.F4.1.27.0
2023-11-21 20:23:10,669 [INFO] PluginManage:359 - Loaded plugin analytics (category:tool,tabindex:-1)
2023-11-21 20:23:10,669 [INFO] PluginManage:310 - Check plugin cadmodel
2023-11-21 20:23:10,672 [INFO] CADModel:105 - Init CAD model plugin
2023-11-21 20:23:10,672 [INFO] PluginManage:359 - Loaded plugin cadmodel (category:power,tabindex:5)
2023-11-21 20:23:10,672 [INFO] PluginManage:310 - Check plugin clock
2023-11-21 20:23:10,679 [INFO] PluginManage:359 - Loaded plugin clock (category:base,tabindex:2)
2023-11-21 20:23:10,679 [INFO] PluginManage:310 - Check plugin ddr
2023-11-21 20:23:10,680 [INFO] PluginManage:359 - Loaded plugin ddr (category:tool,tabindex:6)
2023-11-21 20:23:10,680 [INFO] PluginManage:310 - Check plugin filemanager
2023-11-21 20:23:10,765 [INFO] PluginManage:359 - Loaded plugin filemanager (category:base,tabindex:10)
2023-11-21 20:23:10,765 [INFO] PluginManage:310 - Check plugin ipmanager
2023-11-21 20:23:10,770 [INFO] PluginManage:359 - Loaded plugin ipmanager (category:base,tabindex:5)
2023-11-21 20:23:10,770 [INFO] PluginManage:310 - Check plugin lpbam
2023-11-21 20:23:10,776 [INFO] PluginManage:359 - Loaded plugin lpbam (category:base,tabindex:0)
2023-11-21 20:23:10,776 [INFO] PluginManage:310 - Check plugin memorymap
2023-11-21 20:23:10,786 [INFO] PluginManage:359 - Loaded plugin memorymap (category:base,tabindex:4)
2023-11-21 20:23:10,786 [INFO] PluginManage:310 - Check plugin pinoutandconfiguration
2023-11-21 20:23:10,791 [INFO] PluginManage:359 - Loaded plugin pinoutandconfiguration (category:base,tabindex:1)
2023-11-21 20:23:10,791 [INFO] PluginManage:310 - Check plugin pinoutconfig
2023-11-21 20:23:10,855 [WARN] SupportedApi:132 - Cannot load RTOS API schema: s4s-elt-must-match.1: The content of 'definitions' must match (annotation?, (simpleType | complexType)?, (unique | key | keyref)*)). A problem was found starting at: attribute.
2023-11-21 20:23:10,942 [INFO] PluginManage:359 - Loaded plugin pinoutconfig (category:base,tabindex:0)
2023-11-21 20:23:10,942 [INFO] PluginManage:310 - Check plugin power
2023-11-21 20:23:10,948 [INFO] PluginManage:359 - Loaded plugin power (category:power,tabindex:4)
2023-11-21 20:23:10,949 [INFO] PluginManage:310 - Check plugin projectmanager
2023-11-21 20:23:10,960 [INFO] PluginManage:359 - Loaded plugin projectmanager (category:projectmanager,tabindex:3)
2023-11-21 20:23:10,960 [INFO] PluginManage:310 - Check plugin thirdparty
2023-11-21 20:23:11,048 [INFO] PluginManage:359 - Loaded plugin thirdparty (category:base,tabindex:-1)
2023-11-21 20:23:11,048 [WARN] IntegrityCheckThread:84 - waiting for thirdparty lock release [integrity check]
2023-11-21 20:23:11,048 [INFO] PluginManage:310 - Check plugin tools
2023-11-21 20:23:11,048 [INFO] IntegrityCheckThread:86 - entering critical section [integrity check]
2023-11-21 20:23:11,048 [INFO] ThirdPartyUpdaterWithRetryManager:70 - Updater plugin not ready yet. [1/15]
2023-11-21 20:23:11,050 [INFO] PluginManage:359 - Loaded plugin tools (category:base,tabindex:7)
2023-11-21 20:23:11,050 [INFO] PluginManage:310 - Check plugin tutovideos
2023-11-21 20:23:11,167 [INFO] PluginManage:359 - Loaded plugin tutovideos (category:base,tabindex:-1)
2023-11-21 20:23:11,167 [INFO] PluginManage:310 - Check plugin updater
2023-11-21 20:23:11,175 [INFO] PluginManage:359 - Loaded plugin updater (category:base,tabindex:12)
2023-11-21 20:23:11,176 [INFO] PluginManage:310 - Check plugin userauth
2023-11-21 20:23:11,179 [INFO] UserAuth:113 - Init User Auth plugin
2023-11-21 20:23:11,179 [INFO] PluginManage:359 - Loaded plugin userauth (category:base,tabindex:14)
2023-11-21 20:23:11,179 [INFO] PluginManage:283 - PluginManage : Loaded plugins [17]
2023-11-21 20:23:11,333 [INFO] PinOutPanel:1499 - setPackage(No Configuration,No Configuration)
2023-11-21 20:23:11,403 [INFO] CADModel:165 - CPN selected for project level
2023-11-21 20:23:11,403 [INFO] CADModel:114 - Register for checkConnection events
2023-11-21 20:23:11,413 [INFO] IPUIPlugin:80 - create IPUIPlugin
2023-11-21 20:23:11,414 [INFO] PluginManager:220 - loadIPPluginJar : add adc
2023-11-21 20:23:11,415 [INFO] IPUIPlugin:80 - create IPUIPlugin
2023-11-21 20:23:11,415 [INFO] PluginManager:220 - loadIPPluginJar : add aes
2023-11-21 20:23:11,417 [INFO] IPUIPlugin:80 - create IPUIPlugin
2023-11-21 20:23:11,417 [INFO] PluginManager:220 - loadIPPluginJar : add can
2023-11-21 20:23:11,417 [INFO] IPUIPlugin:80 - create IPUIPlugin
2023-11-21 20:23:11,418 [INFO] PluginManager:220 - loadIPPluginJar : add comp
2023-11-21 20:23:11,419 [INFO] IPUIPlugin:80 - create IPUIPlugin
2023-11-21 20:23:11,419 [INFO] PluginManager:220 - loadIPPluginJar : add cryp
2023-11-21 20:23:11,420 [INFO] IPUIPlugin:80 - create IPUIPlugin
2023-11-21 20:23:11,420 [INFO] PluginManager:220 - loadIPPluginJar : add dfsdm
2023-11-21 20:23:11,423 [INFO] IPUIPlugin:80 - create IPUIPlugin
2023-11-21 20:23:11,424 [INFO] PluginManager:220 - loadIPPluginJar : add dma
2023-11-21 20:23:11,425 [INFO] IPUIPlugin:80 - create IPUIPlugin
2023-11-21 20:23:11,425 [INFO] PluginManager:220 - loadIPPluginJar : add dma3
2023-11-21 20:23:11,426 [INFO] IPUIPlugin:80 - create IPUIPlugin
2023-11-21 20:23:11,426 [INFO] PluginManager:220 - loadIPPluginJar : add fatfs
2023-11-21 20:23:11,428 [INFO] IPUIPlugin:80 - create IPUIPlugin
2023-11-21 20:23:11,429 [INFO] PluginManager:220 - loadIPPluginJar : add fmc
2023-11-21 20:23:11,432 [INFO] IPUIPlugin:80 - create IPUIPlugin
2023-11-21 20:23:11,432 [INFO] PluginManager:220 - loadIPPluginJar : add freertos
2023-11-21 20:23:11,433 [INFO] IPUIPlugin:80 - create IPUIPlugin
2023-11-21 20:23:11,433 [INFO] PluginManager:220 - loadIPPluginJar : add genericplugin
2023-11-21 20:23:11,434 [INFO] IPUIPlugin:80 - create IPUIPlugin
2023-11-21 20:23:11,434 [INFO] PluginManager:220 - loadIPPluginJar : add gfxmmu
2023-11-21 20:23:11,437 [INFO] IPUIPlugin:80 - create IPUIPlugin
2023-11-21 20:23:11,437 [INFO] PluginManager:220 - loadIPPluginJar : add gic
2023-11-21 20:23:11,439 [INFO] IPUIPlugin:80 - create IPUIPlugin
2023-11-21 20:23:11,439 [INFO] PluginManager:220 - loadIPPluginJar : add gpio
2023-11-21 20:23:11,440 [INFO] IPUIPlugin:80 - create IPUIPlugin
2023-11-21 20:23:11,440 [INFO] PluginManager:220 - loadIPPluginJar : add gtzc
2023-11-21 20:23:11,442 [INFO] IPUIPlugin:80 - create IPUIPlugin
2023-11-21 20:23:11,442 [INFO] PluginManager:220 - loadIPPluginJar : add hash
2023-11-21 20:23:11,443 [INFO] IPUIPlugin:80 - create IPUIPlugin
2023-11-21 20:23:11,443 [INFO] PluginManager:220 - loadIPPluginJar : add i2c
2023-11-21 20:23:11,444 [INFO] IPUIPlugin:80 - create IPUIPlugin
2023-11-21 20:23:11,444 [INFO] PluginManager:220 - loadIPPluginJar : add i2s
2023-11-21 20:23:11,446 [INFO] IPUIPlugin:80 - create IPUIPlugin
2023-11-21 20:23:11,446 [INFO] PluginManager:220 - loadIPPluginJar : add i3c
2023-11-21 20:23:11,448 [INFO] IPUIPlugin:80 - create IPUIPlugin
2023-11-21 20:23:11,448 [INFO] PluginManager:220 - loadIPPluginJar : add ipddr
2023-11-21 20:23:11,452 [INFO] IPUIPlugin:80 - create IPUIPlugin
2023-11-21 20:23:11,452 [INFO] PluginManager:220 - loadIPPluginJar : add linkedlist
2023-11-21 20:23:11,453 [INFO] IPUIPlugin:80 - create IPUIPlugin
2023-11-21 20:23:11,454 [INFO] PluginManager:220 - loadIPPluginJar : add lorawan
2023-11-21 20:23:11,454 [INFO] IPUIPlugin:80 - create IPUIPlugin
2023-11-21 20:23:11,454 [INFO] PluginManager:220 - loadIPPluginJar : add ltdc
2023-11-21 20:23:11,458 [INFO] IPUIPlugin:80 - create IPUIPlugin
2023-11-21 20:23:11,458 [INFO] PluginManager:220 - loadIPPluginJar : add mdma
2023-11-21 20:23:11,460 [INFO] IPUIPlugin:80 - create IPUIPlugin
2023-11-21 20:23:11,460 [INFO] PluginManager:220 - loadIPPluginJar : add nvic
2023-11-21 20:23:11,461 [INFO] IPUIPlugin:80 - create IPUIPlugin
2023-11-21 20:23:11,461 [INFO] PluginManager:220 - loadIPPluginJar : add opamp
2023-11-21 20:23:11,463 [INFO] IPUIPlugin:80 - create IPUIPlugin
2023-11-21 20:23:11,463 [INFO] PluginManager:220 - loadIPPluginJar : add openamp
2023-11-21 20:23:11,464 [INFO] IPUIPlugin:80 - create IPUIPlugin
2023-11-21 20:23:11,464 [INFO] PluginManager:220 - loadIPPluginJar : add pdm2pcm
2023-11-21 20:23:11,468 [INFO] IPUIPlugin:80 - create IPUIPlugin
2023-11-21 20:23:11,470 [INFO] PluginManager:220 - loadIPPluginJar : add plateformsettings
2023-11-21 20:23:11,470 [INFO] IPUIPlugin:80 - create IPUIPlugin
2023-11-21 20:23:11,470 [INFO] PluginManager:220 - loadIPPluginJar : add quadspi
2023-11-21 20:23:11,472 [INFO] IPUIPlugin:80 - create IPUIPlugin
2023-11-21 20:23:11,472 [INFO] PluginManager:220 - loadIPPluginJar : add resmgrutility
2023-11-21 20:23:11,474 [INFO] IPUIPlugin:80 - create IPUIPlugin
2023-11-21 20:23:11,474 [INFO] PluginManager:220 - loadIPPluginJar : add sai
2023-11-21 20:23:11,475 [INFO] IPUIPlugin:80 - create IPUIPlugin
2023-11-21 20:23:11,475 [INFO] PluginManager:220 - loadIPPluginJar : add spi
2023-11-21 20:23:11,478 [INFO] IPUIPlugin:80 - create IPUIPlugin
2023-11-21 20:23:11,478 [INFO] PluginManager:220 - loadIPPluginJar : add stm32_wpan
2023-11-21 20:23:11,479 [INFO] IPUIPlugin:80 - create IPUIPlugin
2023-11-21 20:23:11,479 [INFO] PluginManager:220 - loadIPPluginJar : add tim
2023-11-21 20:23:11,480 [INFO] IPUIPlugin:80 - create IPUIPlugin
2023-11-21 20:23:11,480 [INFO] PluginManager:220 - loadIPPluginJar : add touchsensing
2023-11-21 20:23:11,482 [INFO] IPUIPlugin:80 - create IPUIPlugin
2023-11-21 20:23:11,482 [INFO] PluginManager:220 - loadIPPluginJar : add tracer_emb
2023-11-21 20:23:11,483 [INFO] IPUIPlugin:80 - create IPUIPlugin
2023-11-21 20:23:11,483 [INFO] PluginManager:220 - loadIPPluginJar : add ts
2023-11-21 20:23:11,484 [INFO] IPUIPlugin:80 - create IPUIPlugin
2023-11-21 20:23:11,484 [INFO] PluginManager:220 - loadIPPluginJar : add tsc
2023-11-21 20:23:11,485 [INFO] IPUIPlugin:80 - create IPUIPlugin
2023-11-21 20:23:11,485 [INFO] PluginManager:220 - loadIPPluginJar : add ucpd
2023-11-21 20:23:11,487 [INFO] IPUIPlugin:80 - create IPUIPlugin
2023-11-21 20:23:11,487 [INFO] PluginManager:220 - loadIPPluginJar : add usart
2023-11-21 20:23:11,489 [INFO] IPUIPlugin:80 - create IPUIPlugin
2023-11-21 20:23:11,489 [INFO] PluginManager:220 - loadIPPluginJar : add usbx
2023-11-21 20:23:11,596 [INFO] CADModel:165 - CPN selected for project level
2023-11-21 20:23:11,596 [INFO] CADModel:114 - Register for checkConnection events
2023-11-21 20:23:11,596 [FATAL] Updater:308 - Updater called before beeing initialized
2023-11-21 20:23:11,596 [ERROR] CADModel:125 - Updater not yet initialized, retry later 
2023-11-21 20:23:11,689 [INFO] CADModel:165 - CPN selected for project level
2023-11-21 20:23:11,689 [INFO] CADModel:114 - Register for checkConnection events
2023-11-21 20:23:11,689 [FATAL] Updater:308 - Updater called before beeing initialized
2023-11-21 20:23:11,689 [ERROR] CADModel:125 - Updater not yet initialized, retry later 
2023-11-21 20:23:11,691 [FATAL] Updater:308 - Updater called before beeing initialized
2023-11-21 20:23:11,764 [FATAL] Updater:308 - Updater called before beeing initialized
2023-11-21 20:23:11,768 [INFO] DbMcusAds:53 - JSON generation date=Tue Mar 07 09:50:55 CET 2023 (1678179055335)
2023-11-21 20:23:11,769 [FATAL] Updater:308 - Updater called before beeing initialized
2023-11-21 20:23:11,794 [WARN] DetailPanel:346 - Failed to get advertising image, set to default
2023-11-21 20:23:11,867 [FATAL] Updater:308 - Updater called before beeing initialized
2023-11-21 20:23:11,868 [FATAL] Updater:308 - Updater called before beeing initialized
2023-11-21 20:23:11,868 [FATAL] Updater:308 - Updater called before beeing initialized
2023-11-21 20:23:11,868 [WARN] DetailPanel:346 - Failed to get advertising image, set to default
2023-11-21 20:23:11,869 [FATAL] Updater:308 - Updater called before beeing initialized
2023-11-21 20:23:11,895 [ERROR] Updater:1120 - MainUpdater not yet initialized. External WinMGr cannot be set.
2023-11-21 20:23:11,896 [INFO] Updater:1056 - Updater Version found : 6.9.2
2023-11-21 20:23:11,908 [INFO] ApplicationProperties:184 - Using Application install path: H:\STM32CubeIDE_1.13.2\STM32CubeIDE\plugins\com.st.stm32cube.common.mx_6.9.2.202309101412
2023-11-21 20:23:11,990 [INFO] MainUpdater:2868 - connection check result : 10
2023-11-21 20:23:11,990 [INFO] MainUpdater:285 - Updater Check For Update Now.
2023-11-21 20:23:11,990 [INFO] MicroXplorer:498 - Change Database Version : DB.6.0.92
2023-11-21 20:23:11,994 [INFO] McuFinderGlobals:63 - Set McuFinder mode to 2 (CubeIDE integrated)
2023-11-21 20:23:11,994 [INFO] UserAuth:179 - activating auth plugin
2023-11-21 20:23:11,997 [INFO] UserAuth:393 - Internet connection configuration mode: 1
2023-11-21 20:23:12,007 [INFO] JxBrowserEngine:151 - Initiate JxBrowser Engine with user profile folder
2023-11-21 20:23:12,141 [INFO] CheckServerUpdateThread:120 - End of CheckServer Thread
2023-11-21 20:23:12,346 [INFO] WebApp:157 - Instantiating new browser for Auth
2023-11-21 20:23:12,667 [INFO] WebApp:753 - Register for checkConnection events
2023-11-21 20:23:12,667 [INFO] WebApp:390 - Apply proxy settings
2023-11-21 20:23:12,667 [INFO] WebApp:475 - Chromium requires no authentication
2023-11-21 20:23:12,670 [INFO] WebApp:418 - Direct internet connection detected
2023-11-21 20:23:12,770 [INFO] WebApp:188 - Starting web application
2023-11-21 20:23:12,770 [INFO] WebApp:520 - Web application path used H:\STM32CubeIDE_1.13.2\STM32CubeIDE\plugins\com.st.stm32cube.common.mx_6.9.2.202309101412\db\plugins\mcufinder\reactClient1\index.html
2023-11-21 20:23:13,461 [INFO] McuFinderGlobals:63 - Set McuFinder mode to 2 (CubeIDE integrated)
2023-11-21 20:23:14,174 [WARN] PackLoader:240 - Cannot read IP mode file for STMicroelectronics.X-CUBE-SMBUS.2.1.0
2023-11-21 20:23:14,197 [WARN] PackLoader:240 - Cannot read IP mode file for STMicroelectronics.X-CUBE-AZRTOS-F7.1.1.0
2023-11-21 20:23:14,205 [WARN] PackLoader:240 - Cannot read IP mode file for STMicroelectronics.FP-SNS-MOTENV1.4.3.2
2023-11-21 20:23:14,209 [ERROR] RealEvaluatedCondition:428 - Found unsupported composite condition: CLASS='Data Exchange' GROUP='STM32_MetaDataManager'
2023-11-21 20:23:14,209 [ERROR] RealEvaluatedCondition:428 - Found unsupported composite condition: GROUP='STM32_MetaDataManager' CLASS='Data Exchange'
2023-11-21 20:23:14,210 [WARN] PackLoader:240 - Cannot read IP mode file for STMicroelectronics.FP-SNS-MOTENV1.4.3.1
2023-11-21 20:23:14,215 [WARN] PackLoader:240 - Cannot read IP mode file for STMicroelectronics.FP-SNS-FLIGHT1.5.0.1
2023-11-21 20:23:14,220 [WARN] PackLoader:240 - Cannot read IP mode file for STMicroelectronics.X-CUBE-BLE1.6.2.4
2023-11-21 20:23:14,223 [WARN] PackLoader:240 - Cannot read IP mode file for STMicroelectronics.X-CUBE-BLE1.6.2.1
2023-11-21 20:23:14,227 [WARN] PackLoader:240 - Cannot read IP mode file for STMicroelectronics.X-CUBE-BLE1.6.2.2
2023-11-21 20:23:14,229 [WARN] PackLoader:240 - Cannot read IP mode file for STMicroelectronics.FP-SNS-FLIGHT1.5.0.2
2023-11-21 20:23:14,233 [WARN] PackLoader:240 - Cannot read IP mode file for STMicroelectronics.X-CUBE-BLE2.3.2.2
2023-11-21 20:23:14,239 [WARN] PackLoader:240 - Cannot read IP mode file for STMicroelectronics.X-CUBE-DISPLAY.3.0.0
2023-11-21 20:23:14,244 [WARN] PackLoader:240 - Cannot read IP mode file for STMicroelectronics.X-CUBE-BLE1.7.0.0
2023-11-21 20:23:14,248 [WARN] PackLoader:240 - Cannot read IP mode file for STMicroelectronics.X-CUBE-TOUCHGFX.4.22.1
2023-11-21 20:23:14,255 [WARN] PackLoader:240 - Cannot read IP mode file for STMicroelectronics.X-CUBE-SUBG2.4.2.0
2023-11-21 20:23:14,262 [WARN] PackLoader:240 - Cannot read IP mode file for STMicroelectronics.FP-SNS-SMARTAG2.1.2.0
2023-11-21 20:23:14,268 [INFO] LogOutputStream:77 - [STDOUT_REDIRECT] 1 : Invalid condition id : UX_CORESTACK_Condition cause : null
2023-11-21 20:23:14,269 [INFO] LogOutputStream:77 - [STDOUT_REDIRECT] 1 : Invalid condition id : UX_CORESTACK_Condition cause : null
2023-11-21 20:23:14,270 [INFO] LogOutputStream:77 - [STDOUT_REDIRECT] 1 : Invalid condition id : UX_CORESTACK_Condition cause : null
2023-11-21 20:23:14,271 [INFO] LogOutputStream:77 - [STDOUT_REDIRECT] 1 : Invalid condition id : UX_CORESTACK_Condition cause : null
2023-11-21 20:23:14,272 [INFO] LogOutputStream:77 - [STDOUT_REDIRECT] 1 : Invalid condition id : UX_CORESTACK_Condition cause : null
2023-11-21 20:23:14,275 [WARN] PackLoader:240 - Cannot read IP mode file for STMicroelectronics.X-CUBE-AZRTOS-WL.2.0.0
2023-11-21 20:23:14,280 [WARN] PackLoader:240 - Cannot read IP mode file for STMicroelectronics.X-CUBE-ALGOBUILD.1.2.1
2023-11-21 20:23:14,285 [WARN] PackLoader:240 - Cannot read IP mode file for WES.I-CUBE-Cesium.1.3.0
2023-11-21 20:23:14,288 [WARN] PackLoader:240 - Cannot read IP mode file for STMicroelectronics.X-CUBE-BLE2.3.3.0
2023-11-21 20:23:14,290 [WARN] PackLoader:240 - Cannot read IP mode file for STMicroelectronics.X-CUBE-TOUCHGFX.4.18.0
2023-11-21 20:23:14,292 [WARN] PackLoader:240 - Cannot read IP mode file for STMicroelectronics.X-CUBE-TOUCHGFX.4.21.4
2023-11-21 20:23:14,295 [WARN] PackLoader:240 - Cannot read IP mode file for STMicroelectronics.X-CUBE-ALGOBUILD.1.3.0
2023-11-21 20:23:14,305 [WARN] PackLoader:240 - Cannot read IP mode file for STMicroelectronics.X-CUBE-AZRTOS-G0.1.1.0
2023-11-21 20:23:14,310 [WARN] PackLoader:240 - Cannot read IP mode file for STMicroelectronics.X-CUBE-NFC4.3.0.0
2023-11-21 20:23:14,333 [WARN] PackLoader:240 - Cannot read IP mode file for SEGGER.I-CUBE-embOS.1.2.0
2023-11-21 20:23:14,355 [WARN] PackLoader:240 - Cannot read IP mode file for STMicroelectronics.X-CUBE-TOUCHGFX.4.17.0
2023-11-21 20:23:14,360 [WARN] PackLoader:240 - Cannot read IP mode file for STMicroelectronics.X-CUBE-BLEMGR.3.0.0
2023-11-21 20:23:14,373 [WARN] PackLoader:240 - Cannot read IP mode file for STMicroelectronics.X-CUBE-AZRTOS-H7.2.0.0
2023-11-21 20:23:14,378 [WARN] PackLoader:240 - Cannot read IP mode file for STMicroelectronics.FP-ATR-SIGFOX1.3.2.0
2023-11-21 20:23:14,399 [WARN] PackLoader:240 - Cannot read IP mode file for SEGGER.I-CUBE-embOS.1.3.1
2023-11-21 20:23:14,423 [WARN] PackLoader:240 - Cannot read IP mode file for STMicroelectronics.X-CUBE-DISPLAY.2.0.0
2023-11-21 20:23:14,427 [WARN] PackLoader:240 - Cannot read IP mode file for STMicroelectronics.X-CUBE-GNSS1.6.0.0
2023-11-21 20:23:14,436 [WARN] PackLoader:240 - Cannot read IP mode file for STMicroelectronics.X-CUBE-AZRTOS-F4.1.1.0
2023-11-21 20:23:14,448 [WARN] PackLoader:240 - Cannot read IP mode file for STMicroelectronics.X-CUBE-AZRTOS-L5.2.0.0
2023-11-21 20:23:14,473 [WARN] PackLoader:240 - Cannot read IP mode file for STMicroelectronics.X-CUBE-MEMS1.9.6.0
2023-11-21 20:23:14,515 [INFO] MainUpdater:2868 - connection check result : 10
2023-11-21 20:23:14,515 [INFO] MainUpdater:2868 - connection check result : 10
2023-11-21 20:23:14,535 [INFO] MicroXplorer:468 - Change Database Path : 
2023-11-21 20:23:14,535 [INFO] MicroXplorer:498 - Change Database Version : DB.6.0.92
2023-11-21 20:23:14,538 [WARN] ThirdParty:871 - waiting for thirdparty lock release [close project]
2023-11-21 20:23:14,582 [WARN] PackLoader:240 - Cannot read IP mode file for STMicroelectronics.X-CUBE-EEPRMA1.4.2.0
2023-11-21 20:23:14,586 [WARN] PackLoader:240 - Cannot read IP mode file for ITTIA_DB.I-CUBE-ITTIADB.8.8.0
2023-11-21 20:23:14,591 [WARN] PackLoader:240 - Cannot read IP mode file for emotas.I-CUBE-CANOPEN.1.1.3
2023-11-21 20:23:14,596 [WARN] PackLoader:240 - Cannot read IP mode file for STMicroelectronics.X-CUBE-BLEMGR.2.0.0
2023-11-21 20:23:14,600 [WARN] PackLoader:240 - Cannot read IP mode file for STMicroelectronics.X-CUBE-NFC4.2.0.3
2023-11-21 20:23:14,603 [WARN] PackLoader:240 - Cannot read IP mode file for wolfSSL.I-CUBE-wolfSSL.4.8.0
2023-11-21 20:23:14,613 [WARN] ConditionMgr:438 - getConditionDescription Invalid condition id : UX DEVICE CLASS RTOS Condition cause : null
2023-11-21 20:23:14,613 [WARN] ConditionMgr:438 - getConditionDescription Invalid condition id : UX DEVICE CLASS RTOS Condition cause : null
2023-11-21 20:23:14,615 [WARN] PackLoader:240 - Cannot read IP mode file for STMicroelectronics.X-CUBE-AZRTOS-H7.3.1.0
2023-11-21 20:23:14,616 [WARN] ConditionMgr:1039 - genDependencies : Invalid condition id : UX DEVICE CLASS RTOS Condition cause : null
2023-11-21 20:23:14,616 [WARN] ConditionMgr:1039 - genDependencies : Invalid condition id : UX DEVICE CLASS RTOS Condition cause : null
2023-11-21 20:23:14,617 [WARN] ConditionMgr:1039 - genDependencies : Invalid condition id : UX DEVICE CLASS RTOS Condition cause : null
2023-11-21 20:23:14,617 [WARN] ConditionMgr:1039 - genDependencies : Invalid condition id : UX DEVICE CLASS RTOS Condition cause : null
2023-11-21 20:23:14,617 [WARN] ConditionMgr:1039 - genDependencies : Invalid condition id : UX DEVICE CLASS RTOS Condition cause : null
2023-11-21 20:23:14,622 [WARN] PackLoader:240 - Cannot read IP mode file for STMicroelectronics.X-CUBE-SFXS2LP1.3.1.0
2023-11-21 20:23:14,632 [WARN] PackLoader:240 - Cannot read IP mode file for STMicroelectronics.X-CUBE-AZRTOS-F4.1.0.0
2023-11-21 20:23:14,637 [WARN] PackLoader:240 - Cannot read IP mode file for STMicroelectronics.X-CUBE-TOF1.2.0.0
2023-11-21 20:23:14,641 [WARN] PackLoader:240 - Cannot read IP mode file for STMicroelectronics.X-CUBE-NFC7.1.0.1
2023-11-21 20:23:14,644 [WARN] PackLoader:240 - Cannot read IP mode file for STMicroelectronics.X-CUBE-NFC7.1.0.0
2023-11-21 20:23:14,649 [WARN] PackLoader:240 - Cannot read IP mode file for STMicroelectronics.X-CUBE-NFC6.3.0.0
2023-11-21 20:23:14,653 [WARN] PackLoader:240 - Cannot read IP mode file for STMicroelectronics.X-CUBE-EEPRMA1.4.1.0
2023-11-21 20:23:14,656 [WARN] PackLoader:240 - Cannot read IP mode file for STMicroelectronics.X-CUBE-DISPLAY.1.0.0
2023-11-21 20:23:14,659 [WARN] PackLoader:240 - Cannot read IP mode file for STMicroelectronics.X-CUBE-AI.8.1.0
2023-11-21 20:23:14,675 [WARN] ConditionMgr:438 - getConditionDescription Invalid condition id : LAN8742 Phy interface Condition cause : null
2023-11-21 20:23:14,675 [WARN] PackLoader:240 - Cannot read IP mode file for STMicroelectronics.X-CUBE-AZRTOS-L4.2.0.0
2023-11-21 20:23:14,676 [WARN] ConditionMgr:1039 - genDependencies : Invalid condition id : LAN8742 Phy interface Condition cause : null
2023-11-21 20:23:14,676 [WARN] ConditionMgr:1039 - genDependencies : Invalid condition id : LAN8742 Phy interface Condition cause : null
2023-11-21 20:23:14,677 [WARN] ConditionMgr:1039 - genDependencies : Invalid condition id : LAN8742 Phy interface Condition cause : null
2023-11-21 20:23:14,682 [WARN] PackLoader:240 - Cannot read IP mode file for STMicroelectronics.X-CUBE-SFXS2LP1.4.0.0
2023-11-21 20:23:14,687 [WARN] PackLoader:240 - Cannot read IP mode file for STMicroelectronics.X-CUBE-ISPU.1.1.0
2023-11-21 20:23:14,692 [WARN] PackLoader:240 - Cannot read IP mode file for RoweBots.I-CUBE-UNISONRTOS.5.5.0-4
2023-11-21 20:23:14,700 [WARN] ConditionMgr:438 - getConditionDescription Invalid condition id : UX DEVICE CLASS RTOS Condition cause : null
2023-11-21 20:23:14,700 [WARN] ConditionMgr:438 - getConditionDescription Invalid condition id : UX DEVICE CLASS RTOS Condition cause : null
2023-11-21 20:23:14,702 [WARN] PackLoader:240 - Cannot read IP mode file for STMicroelectronics.X-CUBE-AZRTOS-WB.2.0.0
2023-11-21 20:23:14,702 [WARN] ConditionMgr:1039 - genDependencies : Invalid condition id : UX DEVICE CLASS RTOS Condition cause : null
2023-11-21 20:23:14,702 [WARN] ConditionMgr:1039 - genDependencies : Invalid condition id : UX DEVICE CLASS RTOS Condition cause : null
2023-11-21 20:23:14,702 [WARN] ConditionMgr:1039 - genDependencies : Invalid condition id : UX DEVICE CLASS RTOS Condition cause : null
2023-11-21 20:23:14,703 [WARN] ConditionMgr:1039 - genDependencies : Invalid condition id : UX DEVICE CLASS RTOS Condition cause : null
2023-11-21 20:23:14,703 [WARN] ConditionMgr:1039 - genDependencies : Invalid condition id : UX DEVICE CLASS RTOS Condition cause : null
2023-11-21 20:23:14,706 [WARN] PackLoader:240 - Cannot read IP mode file for STMicroelectronics.X-CUBE-FREERTOS.1.0.1
2023-11-21 20:23:14,726 [WARN] PackLoader:240 - Cannot read IP mode file for STMicroelectronics.X-CUBE-MEMS1.9.0.0
2023-11-21 20:23:14,794 [WARN] PackLoader:240 - Cannot read IP mode file for STMicroelectronics.X-CUBE-AZRTOS-L5.1.1.0
2023-11-21 20:23:14,797 [WARN] PackLoader:240 - Cannot read IP mode file for STMicroelectronics.X-CUBE-AI.8.0.1
2023-11-21 20:23:14,802 [WARN] PackLoader:240 - Cannot read IP mode file for STMicroelectronics.X-CUBE-SUBG2.5.0.0
2023-11-21 20:23:14,811 [WARN] PackLoader:240 - Cannot read IP mode file for STMicroelectronics.X-CUBE-TOF1.3.3.1
2023-11-21 20:23:14,827 [WARN] PackLoader:240 - Cannot read IP mode file for STMicroelectronics.X-CUBE-AZRTOS-G4.2.0.0
2023-11-21 20:23:14,833 [WARN] PackLoader:240 - Cannot read IP mode file for STMicroelectronics.X-CUBE-TOF1.3.3.0
2023-11-21 20:23:14,845 [WARN] PackLoader:240 - Cannot read IP mode file for Infineon.AIROC-Wi-Fi-Bluetooth-STM32.1.5.1
2023-11-21 20:23:14,849 [WARN] PackLoader:240 - Cannot read IP mode file for STMicroelectronics.FP-SNS-MOTENVWB1.1.3.0
2023-11-21 20:23:14,857 [WARN] PackLoader:240 - Cannot read IP mode file for STMicroelectronics.X-CUBE-AZRTOS-G4.1.0.0
2023-11-21 20:23:14,866 [WARN] PackLoader:240 - Cannot read IP mode file for STMicroelectronics.X-CUBE-AZRTOS-L4.1.0.0
2023-11-21 20:23:14,890 [WARN] PackLoader:240 - Cannot read IP mode file for STMicroelectronics.X-CUBE-MEMS1.10.0.0
2023-11-21 20:23:14,964 [WARN] PackLoader:240 - Cannot read IP mode file for STMicroelectronics.X-CUBE-FREERTOS.1.1.0
2023-11-21 20:23:14,972 [WARN] PackLoader:240 - Cannot read IP mode file for STMicroelectronics.X-CUBE-AZRTOS-F7.1.0.0
2023-11-21 20:23:14,979 [WARN] PackLoader:240 - Cannot read IP mode file for STMicroelectronics.X-CUBE-AZRTOS-WL.1.0.0
2023-11-21 20:23:14,999 [WARN] PackLoader:240 - Cannot read IP mode file for STMicroelectronics.X-CUBE-MEMS1.9.1.0
2023-11-21 20:23:15,060 [WARN] PackLoader:240 - Cannot read IP mode file for portGmbH.I-Cube-SoM-uGOAL.1.1.0
2023-11-21 20:23:15,063 [WARN] PackLoader:240 - Cannot read IP mode file for STMicroelectronics.X-CUBE-ALS.1.0.1
2023-11-21 20:23:15,065 [WARN] PackLoader:240 - Cannot read IP mode file for STMicroelectronics.X-CUBE-AI.7.0.0
2023-11-21 20:23:15,072 [WARN] PackLoader:240 - Cannot read IP mode file for STMicroelectronics.X-CUBE-AZRTOS-WB.1.1.0
2023-11-21 20:23:15,082 [WARN] PackLoader:240 - Cannot read IP mode file for STMicroelectronics.X-CUBE-AZRTOS-L5.1.0.0
2023-11-21 20:23:15,086 [WARN] PackLoader:240 - Cannot read IP mode file for STMicroelectronics.X-CUBE-EEPRMA1.3.1.0
2023-11-21 20:23:15,089 [WARN] PackLoader:240 - Cannot read IP mode file for STMicroelectronics.X-CUBE-GNSS1.5.2.0
2023-11-21 20:23:15,092 [WARN] PackLoader:240 - Cannot read IP mode file for STMicroelectronics.FP-ATR-ASTRA1.2.0.0
2023-11-21 20:23:15,093 [INFO] ThirdParty:978 - Integrity check success = true
2023-11-21 20:23:15,093 [INFO] IntegrityCheckThread:100 - exiting critical section [integrity check]
2023-11-21 20:23:15,093 [INFO] IntegrityCheckThread:103 - End integrity checks thread
2023-11-21 20:23:15,093 [INFO] ThirdParty:873 - entering critical section [close project]
2023-11-21 20:23:15,094 [INFO] ThirdParty:883 - exiting critical section [close project]
2023-11-21 20:23:15,096 [INFO] PinOutPanel:1499 - setPackage(No Configuration,No Configuration)
2023-11-21 20:23:15,099 [INFO] UtilMem:75 - Begin LoadConfig() Used Memory: 174539032 Bytes (268435456)
2023-11-21 20:23:15,112 [INFO] MicroXplorer:468 - Change Database Path : 
2023-11-21 20:23:15,112 [INFO] MicroXplorer:498 - Change Database Version : DB.6.0.92
2023-11-21 20:23:15,112 [INFO] OpenFileManager:308 - Change cursor
2023-11-21 20:23:15,136 [INFO] Mcu:1946 - Initializing MCU STM32F401R(D-E)Tx STM32F401RETx STM32F401RET6
2023-11-21 20:23:16,004 [INFO] Context:659 - Trying to add GPIOservice into a context  which must be forbidden
2023-11-21 20:23:16,403 [INFO] RtosManager:555 - Registered RTOS mode: class=CMSIS, group=RTOS, mode=CMSIS_V1, owner=FREERTOS
2023-11-21 20:23:16,403 [INFO] RtosManager:555 - Registered RTOS mode: class=CMSIS, group=RTOS2, mode=CMSIS_V2, owner=FREERTOS
2023-11-21 20:23:16,404 [INFO] RtosManager:555 - Registered RTOS mode: class=RTOS, group=Core, mode=CMSIS_V1, owner=FREERTOS
2023-11-21 20:23:16,404 [INFO] RtosManager:555 - Registered RTOS mode: class=RTOS, group=Core, mode=CMSIS_V2, owner=FREERTOS
2023-11-21 20:23:16,404 [WARN] ModelIntegratedComponent:184 - Missing modes for component STMicroelectronics:FreeRTOS:0.0.1:STMicroelectronics:RTOS:FreeRTOS:Core:::10.2.0:
2023-11-21 20:23:16,410 [WARN] ModelIntegratedComponent:63 - No mode defined for component null
2023-11-21 20:23:16,410 [WARN] ModelIntegratedComponent:63 - No mode defined for component null
2023-11-21 20:23:16,410 [WARN] ModelIntegratedComponent:63 - No mode defined for component null
2023-11-21 20:23:16,410 [WARN] ModelIntegratedComponent:63 - No mode defined for component null
2023-11-21 20:23:16,410 [WARN] ModelIntegratedComponent:63 - No mode defined for component null
2023-11-21 20:23:16,410 [WARN] ModelIntegratedComponent:63 - No mode defined for component null
2023-11-21 20:23:16,410 [WARN] ModelIntegratedComponent:63 - No mode defined for component null
2023-11-21 20:23:16,410 [WARN] ModelIntegratedComponent:63 - No mode defined for component null
2023-11-21 20:23:16,410 [WARN] ModelIntegratedComponent:63 - No mode defined for component null
2023-11-21 20:23:16,410 [WARN] ModelIntegratedComponent:63 - No mode defined for component null
2023-11-21 20:23:16,410 [WARN] ModelIntegratedComponent:63 - No mode defined for component null
2023-11-21 20:23:16,410 [WARN] ModelIntegratedComponent:63 - No mode defined for component null
2023-11-21 20:23:16,410 [WARN] ModelIntegratedComponent:63 - No mode defined for component null
2023-11-21 20:23:16,410 [WARN] ModelIntegratedComponent:63 - No mode defined for component null
2023-11-21 20:23:16,411 [WARN] ModelIntegratedComponent:63 - No mode defined for component null
2023-11-21 20:23:16,411 [WARN] ModelIntegratedComponent:63 - No mode defined for component null
2023-11-21 20:23:16,411 [WARN] ModelIntegratedComponent:63 - No mode defined for component null
2023-11-21 20:23:16,411 [WARN] ModelIntegratedComponent:63 - No mode defined for component null
2023-11-21 20:23:16,411 [WARN] ModelIntegratedComponent:63 - No mode defined for component null
2023-11-21 20:23:16,411 [WARN] ModelIntegratedComponent:63 - No mode defined for component null
2023-11-21 20:23:16,411 [WARN] ModelIntegratedComponent:63 - No mode defined for component null
2023-11-21 20:23:16,411 [WARN] ModelIntegratedComponent:63 - No mode defined for component null
2023-11-21 20:23:16,411 [WARN] ModelIntegratedComponent:63 - No mode defined for component null
2023-11-21 20:23:16,411 [WARN] ModelIntegratedComponent:63 - No mode defined for component null
2023-11-21 20:23:16,411 [WARN] ModelIntegratedComponent:63 - No mode defined for component null
2023-11-21 20:23:16,411 [WARN] ModelIntegratedComponent:63 - No mode defined for component null
2023-11-21 20:23:16,411 [WARN] ModelIntegratedComponent:63 - No mode defined for component null
2023-11-21 20:23:16,411 [WARN] ModelIntegratedComponent:63 - No mode defined for component null
2023-11-21 20:23:16,411 [WARN] ModelIntegratedComponent:63 - No mode defined for component null
2023-11-21 20:23:16,411 [WARN] ModelIntegratedComponent:63 - No mode defined for component null
2023-11-21 20:23:16,411 [WARN] ModelIntegratedComponent:63 - No mode defined for component null
2023-11-21 20:23:16,411 [WARN] ModelIntegratedComponent:63 - No mode defined for component null
2023-11-21 20:23:16,411 [WARN] ModelIntegratedComponent:63 - No mode defined for component null
2023-11-21 20:23:16,582 [INFO] ThirdPartyModel:298 - Start build external matchings
2023-11-21 20:23:17,970 [INFO] ThirdPartyModel:316 - End build external matchings
2023-11-21 20:23:17,999 [INFO] RtosManager:919 - Current active RTOS is FREERTOS [Cortex-M4NS]
2023-11-21 20:23:18,005 [INFO] ImportTextPane:194 - (OptionalMessage_ERROR) IP (RCC) : Parameter (RTCHSEDivFreq_Value) has invalid value (12500000)
2023-11-21 20:23:18,008 [WARN] IP:2114 - DEVICE_SERIAL0_CDC_FS not found: check if there is a RefParameter without a condition.
2023-11-21 20:23:18,008 [WARN] IP:2114 - DEVICE_SERIAL1_CDC_FS not found: check if there is a RefParameter without a condition.
2023-11-21 20:23:18,008 [WARN] IP:2114 - DEVICE_SERIAL2_CDC_FS not found: check if there is a RefParameter without a condition.
2023-11-21 20:23:18,167 [INFO] UtilMem:75 - End LoadConfig() Used Memory: 153689144 Bytes (478150656)
2023-11-21 20:23:18,247 [INFO] ApiDb:581 - Connected to CubeFinder SQLite database (C:\Users\Bence\.stmcufinder\plugins\mcufinder\mcu\cube-finder-db.db)
2023-11-21 20:23:18,291 [INFO] ApiDb:668 - CubeFinder database Data Model version=2.1
2023-11-21 20:23:18,291 [INFO] ApiDb:669 - CubeFinder database Configuration version=3.0.37
2023-11-21 20:23:18,292 [INFO] ApiDb:670 - CubeFinder database generation date=2023-10-13 (1697197505)
2023-11-21 20:23:18,292 [INFO] ApiDb:671 - CubeFinder database FW Pack versions=[FP-ATR-ASTRA1_V2.0.0, FP-SNS-FLIGHT1_V5.0.1, FP-SNS-FLIGHT1_V5.0.2, FP-SNS-MOTENV1_V4.3.1, FP-SNS-MOTENV1_V4.3.2, FP-SNS-SMARTAG2_V1.2.0, I-CUBE-ITTIADB_V8.6.3-1, STM32Cube_FW_C0_V1.1.0, STM32Cube_FW_F4_V1.27.1, STM32Cube_FW_F7_V1.17.0, STM32Cube_FW_G0_V1.6.1, STM32Cube_FW_G4_V1.5.1, STM32Cube_FW_H5_V0.5.1, STM32Cube_FW_H5_V1.1.1, STM32Cube_FW_H7_V1.11.0, STM32Cube_FW_L0_V1.12.2, STM32Cube_FW_L5_V1.5.0, STM32Cube_FW_U5_V1.3.0, STM32Cube_FW_U5_V1.3.0RC4, STM32Cube_FW_WBA_V1.0.0RC1, STM32Cube_FW_WBA_V1.1.0RC1, STM32Cube_FW_WBA_V1.1.1, STM32Cube_FW_WB_V1.15.0RC1, STM32Cube_FW_WB_V1.16.0, STM32Cube_FW_WB_V1.16.0RC2, STM32Cube_FW_WB_V1.17.3, STM32Cube_FW_WL_V1.3.0, X-CUBE-ALGOBUILD_V1.3.0, X-CUBE-ALS_V1.0.1, X-CUBE-AZRTOS-F4_V1.1.0, X-CUBE-AZRTOS-F7_V1.1.0, X-CUBE-AZRTOS-G0_V1.1.0, X-CUBE-AZRTOS-G4_V2.0.0, X-CUBE-AZRTOS-H7_V3.1.0, X-CUBE-AZRTOS-L4_V1.0.0, X-CUBE-AZRTOS-L4_V2.0.0, X-CUBE-AZRTOS-L5_V1.1.0, X-CUBE-AZRTOS-WB_V2.0.0, X-CUBE-AZRTOS-WL_V2.0.0, X-CUBE-BLE1_V7.0.0, X-CUBE-BLE2_V3.3.0, X-CUBE-BLEMGR_V2.0.0, X-CUBE-EEPRMA1_V4.1.0, X-CUBE-FREERTOS_V1.1.0, X-CUBE-GNSS1_V6.0.0, X-CUBE-MEMS1_V10.0.0, X-CUBE-MEMS1_V9.1.0, X-CUBE-MEMS1_V9.4.0, X-CUBE-MEMS1_V9.6.0, X-CUBE-NFC4_V3.0.0, X-CUBE-NFC7_V1.0.1, X-CUBE-SFXS2LP1_V4.0.0, X-CUBE-SUBG2_V5.0.0, X-CUBE-TOF1_V3.3.1]
2023-11-21 20:23:19,764 [INFO] ApiDb:240 - Found 323 in-development CPN: [B-G473E-ZEST1S, B-WB1M-WPAN1, B-WL5M-SUBG1, NUCLEO-C031C6, NUCLEO-H503RB, NUCLEO-H563ZI, NUCLEO-U545RE-Q, NUCLEO-U5A5ZJ-Q, NUCLEO-WBA52CG, STEVAL-PROTEUS1, STEVAL-SMARTAG2, STEVAL-STWINBX1, STM320518-EVAL, STM32C0116-DK, STM32C011D6Y3TR, STM32C011D6Y6TR, STM32C011F4P3, STM32C011F4P6, STM32C011F4U3, STM32C011F4U6TR, STM32C011F6P3, STM32C011F6P6, STM32C011F6U3, STM32C011F6U6TR, STM32C011J4M3, STM32C011J4M6, STM32C011J6M3, STM32C011J6M6, STM32C0316-DK, STM32C031C4T3, STM32C031C4T6, STM32C031C4U3, STM32C031C4U6, STM32C031C6T3, STM32C031C6T6, STM32C031C6U3, STM32C031C6U6, STM32C031F4P3, STM32C031F4P6, STM32C031F6P3, STM32C031F6P6, STM32C031G4U3, STM32C031G4U6, STM32C031G6U3, STM32C031G6U6, STM32C031K4T3, STM32C031K4T6, STM32C031K4U3, STM32C031K4U6, STM32C031K6T3, STM32C031K6T6, STM32C031K6U3, STM32C031K6U6, STM32G071K8TXN, STM32G071K8UXN, STM32G081GBU6N, STM32G081KBT6N, STM32G081KBUXN, STM32G0B1CCT6N, STM32G0B1KCT6, STM32G0B1NEY6TR, STM32G0B1RCT6N, STM32G0C1CCT6, STM32G0C1CCT6N, STM32G0C1CCU6N, STM32G0C1CET6N, STM32G0C1CEU6N, STM32G0C1KCT6, STM32G0C1NEY6TR, STM32G0C1RCI6N, STM32G0C1RCT6N, STM32G0C1REI6N, STM32G0C1RET6N, STM32G0C1VCI6, STM32G0C1VEI6, STM32G471CCT6, STM32G471CCU6, STM32G471CET3, STM32G471CET6, STM32G471CEU3, STM32G471CEU6, STM32G471MCT6, STM32G471MET3, STM32G471MET6, STM32G471MEY6TR, STM32G471QCT6, STM32G471QET3, STM32G471RCT6, STM32G471RET3, STM32G471RET6, STM32G471VCH6, STM32G471VCI6, STM32G471VCT6, STM32G471VEH3, STM32G471VEH6, STM32G471VEI3, STM32G471VEI6, STM32G471VET3, STM32G471VET6, STM32G474CCT6, STM32H503CBT6, STM32H503CBU6, STM32H503EBY6TR, STM32H503KBU6, STM32H503RBT6, STM32H562AGI6, STM32H562AII6, STM32H562IGK6, STM32H562IGT6, STM32H562IIK6, STM32H562IIT6, STM32H562RGT6, STM32H562RGV6, STM32H562RIT6, STM32H562RIV6, STM32H562VGT6, STM32H562VIT6, STM32H562ZGT6, STM32H562ZIT6, STM32H563AGI6, STM32H563AII3Q, STM32H563AII6, STM32H563IGK6, STM32H563IGT6, STM32H563IIK3Q, STM32H563IIK6, STM32H563IIT3Q, STM32H563IIT6, STM32H563MIY3QTR, STM32H563RGT6, STM32H563RGV6, STM32H563RIT6, STM32H563RIV6, STM32H563VGT6, STM32H563VIT3Q, STM32H563VIT6, STM32H563ZGT6, STM32H563ZIT3Q, STM32H563ZIT6, STM32H573AII3Q, STM32H573AII6, STM32H573I-DK, STM32H573IIK3Q, STM32H573IIK6, STM32H573IIT3Q, STM32H573IIT6, STM32H573MIY3QTR, STM32H573RIT6, STM32H573RIV6, STM32H573VIT3Q, STM32H573VIT6, STM32H573ZIT3Q, STM32H573ZIT6, STM32L4R5QGI6STR, STM32MP131AAE3, STM32MP131AAF3, STM32MP131AAG3, STM32MP131CAE3, STM32MP131CAF3, STM32MP131CAG3, STM32MP131DAE7, STM32MP131DAF7, STM32MP131DAG7, STM32MP131FAE7, STM32MP131FAF7, STM32MP131FAG7, STM32MP133AAE3, STM32MP133AAF3, STM32MP133AAG3, STM32MP133CAE3, STM32MP133CAF3, STM32MP133CAG3, STM32MP133DAE7, STM32MP133DAF7, STM32MP133DAG7, STM32MP133FAE7, STM32MP133FAF7, STM32MP133FAG7, STM32MP135AAE3, STM32MP135AAF3, STM32MP135AAG3, STM32MP135CAE3, STM32MP135CAF3, STM32MP135CAG3, STM32MP135DAE7, STM32MP135DAF7, STM32MP135DAG7, STM32MP135F-DK, STM32MP135FAE7, STM32MP135FAF7, STM32MP135FAF7T, STM32MP135FAF7U, STM32MP135FAG7, STM32U535CBT6, STM32U535CBT6Q, STM32U535CBU6, STM32U535CBU6Q, STM32U535CCT6, STM32U535CCT6Q, STM32U535CCU6, STM32U535CCU6Q, STM32U535CET6, STM32U535CET6Q, STM32U535CEU6, STM32U535CEU6Q, STM32U535JEY6QTR, STM32U535NCY6QTR, STM32U535NEY6QTR, STM32U535RBI6, STM32U535RBI6Q, STM32U535RBT6, STM32U535RBT6Q, STM32U535RCI6, STM32U535RCI6Q, STM32U535RCT6, STM32U535RCT6Q, STM32U535REI6, STM32U535REI6Q, STM32U535RET6, STM32U535RET6Q, STM32U535VCI6, STM32U535VCI6Q, STM32U535VCT6, STM32U535VCT6Q, STM32U535VEI6, STM32U535VEI6Q, STM32U535VET6, STM32U535VET6Q, STM32U545CET6, STM32U545CET6Q, STM32U545CEU6, STM32U545CEU6Q, STM32U545JEY6QTR, STM32U545NEY6QTR, STM32U545REI6, STM32U545REI6Q, STM32U545RET6, STM32U545RET6Q, STM32U545VEI6, STM32U545VEI6Q, STM32U545VET6, STM32U545VET6Q, STM32U595AIH6, STM32U595AIH6Q, STM32U595AJH6, STM32U595AJH6Q, STM32U595QII6, STM32U595QII6Q, STM32U595QJI6, STM32U595QJI6Q, STM32U595RIT6, STM32U595RIT6Q, STM32U595RJT6, STM32U595RJT6Q, STM32U595VIT6, STM32U595VIT6Q, STM32U595VJT6, STM32U595VJT6Q, STM32U595ZIT6, STM32U595ZIT6Q, STM32U595ZIY6QTR, STM32U595ZJT6, STM32U595ZJT6Q, STM32U595ZJY6QTR, STM32U599BJY6QTR, STM32U599NIH6Q, STM32U599NJH6Q, STM32U599VIT6Q, STM32U599VJT6, STM32U599VJT6Q, STM32U599ZIT6Q, STM32U599ZIY6QTR, STM32U599ZJT6Q, STM32U599ZJY6QTR, STM32U5A5AJH6, STM32U5A5AJH6Q, STM32U5A5QJI6, STM32U5A5QJI6Q, STM32U5A5RJT6, STM32U5A5RJT6Q, STM32U5A5VJT6, STM32U5A5VJT6Q, STM32U5A5ZJT6, STM32U5A5ZJT6Q, STM32U5A5ZJY6QTR, STM32U5A9BJY6QTR, STM32U5A9J-DK, STM32U5A9NJH6Q, STM32U5A9VJT6Q, STM32U5A9ZJT6Q, STM32U5A9ZJY6QTR, STM32U5F7VIT6, STM32U5F7VIT6Q, STM32U5F7VJT6, STM32U5F7VJT6Q, STM32U5F9BJY6QTR, STM32U5F9NJH6Q, STM32U5F9VIT6Q, STM32U5F9VJT6Q, STM32U5F9ZIJ6QTR, STM32U5F9ZIT6Q, STM32U5F9ZJJ6QTR, STM32U5F9ZJT6Q, STM32U5G7VJT6, STM32U5G7VJT6Q, STM32U5G9BJY6QTR, STM32U5G9J-DK1, STM32U5G9J-DK2, STM32U5G9NJH6Q, STM32U5G9VJT6Q, STM32U5G9ZJJ6QTR, STM32U5G9ZJT6Q, STM32WB1MMCH6, STM32WBA52CEU6, STM32WBA52CEU6T, STM32WBA52CGU6, STM32WBA52CGU6T, STM32WBA52KEU6, STM32WBA52KEU6T, STM32WBA52KGU6, STM32WBA52KGU6T, STM32WL5MOCH6, STM32WL5MOCH6TR]
2023-11-21 20:23:19,768 [INFO] DbMcus:217 - Found 3848 MCUs, 3848 are supported
2023-11-21 20:23:19,769 [INFO] ApiDb:423 - Load user favorites file C:\Users\Bence/.stm32cubeide/favorites.mcus.txt: 0 item(s)
2023-11-21 20:23:19,769 [INFO] ApiDb:427 - User favorites MCUs=[]
2023-11-21 20:23:19,769 [INFO] DbMcus:223 - Set 0 / 0 favorites MCUs
2023-11-21 20:23:20,004 [WARN] ThirdParty:833 - waiting for thirdparty lock release [change project]
2023-11-21 20:23:20,004 [INFO] ThirdParty:835 - entering critical section [change project]
2023-11-21 20:23:20,004 [INFO] ThirdParty:1030 - CMSIS Pack Vendor :STMicroelectronics USBPD 4.1
2023-11-21 20:23:20,004 [INFO] ThirdParty:1030 - CMSIS Pack Vendor :STMicroelectronics X-CUBE-GNSS1 6.0.0
2023-11-21 20:23:20,004 [INFO] ThirdParty:1030 - CMSIS Pack Vendor :STMicroelectronics USB_HOST 2.0.0
2023-11-21 20:23:20,004 [INFO] ThirdParty:1030 - CMSIS Pack Vendor :STMicroelectronics X-CUBE-AZRTOS-F4 1.1.0
2023-11-21 20:23:20,004 [INFO] ThirdParty:1030 - CMSIS Pack Vendor :STMicroelectronics LIBJPEG 8.0.0
2023-11-21 20:23:20,004 [INFO] ThirdParty:1030 - CMSIS Pack Vendor :STMicroelectronics X-CUBE-SMBUS 2.1.0
2023-11-21 20:23:20,004 [INFO] ThirdParty:1030 - CMSIS Pack Vendor :STMicroelectronics X-CUBE-AZRTOS-F7 1.1.0
2023-11-21 20:23:20,004 [INFO] ThirdParty:1030 - CMSIS Pack Vendor :STMicroelectronics X-CUBE-AZRTOS-L5 2.0.0
2023-11-21 20:23:20,004 [INFO] ThirdParty:1030 - CMSIS Pack Vendor :STMicroelectronics USB_DEVICE 2.0.0
2023-11-21 20:23:20,005 [INFO] ThirdParty:1030 - CMSIS Pack Vendor :STMicroelectronics X-CUBE-MEMS1 9.6.0
2023-11-21 20:23:20,005 [INFO] ThirdParty:1030 - CMSIS Pack Vendor :STMicroelectronics X-CUBE-EEPRMA1 4.2.0
2023-11-21 20:23:20,005 [INFO] ThirdParty:1030 - CMSIS Pack Vendor :ITTIA_DB I-CUBE-ITTIADB 8.8.0
2023-11-21 20:23:20,005 [INFO] ThirdParty:1030 - CMSIS Pack Vendor :STMicroelectronics FP-SNS-MOTENV1 4.3.2
2023-11-21 20:23:20,005 [INFO] ThirdParty:1030 - CMSIS Pack Vendor :STMicroelectronics FP-SNS-MOTENV1 4.3.1
2023-11-21 20:23:20,005 [INFO] ThirdParty:1030 - CMSIS Pack Vendor :STMicroelectronics FP-SNS-FLIGHT1 5.0.1
2023-11-21 20:23:20,005 [INFO] ThirdParty:1030 - CMSIS Pack Vendor :STMicroelectronics X-CUBE-BLE1 6.2.4
2023-11-21 20:23:20,005 [INFO] ThirdParty:1030 - CMSIS Pack Vendor :STMicroelectronics FreeRTOS 0.0.1
2023-11-21 20:23:20,005 [INFO] ThirdParty:1030 - CMSIS Pack Vendor :emotas I-CUBE-CANOPEN 1.1.3
2023-11-21 20:23:20,005 [INFO] ThirdParty:1030 - CMSIS Pack Vendor :STMicroelectronics X-CUBE-BLEMGR 2.0.0
2023-11-21 20:23:20,005 [INFO] ThirdParty:1030 - CMSIS Pack Vendor :STMicroelectronics X-CUBE-BLE1 6.2.1
2023-11-21 20:23:20,005 [INFO] ThirdParty:1030 - CMSIS Pack Vendor :STMicroelectronics X-CUBE-BLE1 6.2.2
2023-11-21 20:23:20,005 [INFO] ThirdParty:1030 - CMSIS Pack Vendor :STMicroelectronics FP-SNS-FLIGHT1 5.0.2
2023-11-21 20:23:20,005 [INFO] ThirdParty:1030 - CMSIS Pack Vendor :STMicroelectronics X-CUBE-BLE2 3.2.2
2023-11-21 20:23:20,005 [INFO] ThirdParty:1030 - CMSIS Pack Vendor :STMicroelectronics X-CUBE-NFC4 2.0.3
2023-11-21 20:23:20,005 [INFO] ThirdParty:1030 - CMSIS Pack Vendor :wolfSSL I-CUBE-wolfSSL 4.8.0
2023-11-21 20:23:20,005 [INFO] ThirdParty:1030 - CMSIS Pack Vendor :STMicroelectronics X-CUBE-AZRTOS-H7 3.1.0
2023-11-21 20:23:20,005 [INFO] ThirdParty:1030 - CMSIS Pack Vendor :STMicroelectronics PDM2PCM 3.3.0
2023-11-21 20:23:20,005 [INFO] ThirdParty:1030 - CMSIS Pack Vendor :STMicroelectronics X-CUBE-SFXS2LP1 3.1.0
2023-11-21 20:23:20,005 [INFO] ThirdParty:1030 - CMSIS Pack Vendor :STMicroelectronics X-CUBE-DISPLAY 3.0.0
2023-11-21 20:23:20,005 [INFO] ThirdParty:1030 - CMSIS Pack Vendor :STMicroelectronics X-CUBE-AZRTOS-F4 1.0.0
2023-11-21 20:23:20,005 [INFO] ThirdParty:1030 - CMSIS Pack Vendor :STMicroelectronics X-CUBE-BLE1 7.0.0
2023-11-21 20:23:20,005 [INFO] ThirdParty:1030 - CMSIS Pack Vendor :STMicroelectronics X-CUBE-TOF1 2.0.0
2023-11-21 20:23:20,005 [INFO] ThirdParty:1030 - CMSIS Pack Vendor :STMicroelectronics HAL Drivers 0.0.0
2023-11-21 20:23:20,005 [INFO] ThirdParty:1030 - CMSIS Pack Vendor :STMicroelectronics X-CUBE-NFC7 1.0.1
2023-11-21 20:23:20,005 [INFO] ThirdParty:1030 - CMSIS Pack Vendor :STMicroelectronics MBEDTLS 2.14.1
2023-11-21 20:23:20,005 [INFO] ThirdParty:1030 - CMSIS Pack Vendor :STMicroelectronics X-CUBE-NFC7 1.0.0
2023-11-21 20:23:20,006 [INFO] ThirdParty:1030 - CMSIS Pack Vendor :STMicroelectronics X-CUBE-TOUCHGFX 4.22.1
2023-11-21 20:23:20,006 [INFO] ThirdParty:1030 - CMSIS Pack Vendor :STMicroelectronics X-CUBE-SUBG2 4.2.0
2023-11-21 20:23:20,006 [INFO] ThirdParty:1030 - CMSIS Pack Vendor :STMicroelectronics X-CUBE-NFC6 3.0.0
2023-11-21 20:23:20,006 [INFO] ThirdParty:1030 - CMSIS Pack Vendor :STMicroelectronics X-CUBE-EEPRMA1 4.1.0
2023-11-21 20:23:20,006 [INFO] ThirdParty:1030 - CMSIS Pack Vendor :STMicroelectronics FP-SNS-SMARTAG2 1.2.0
2023-11-21 20:23:20,006 [INFO] ThirdParty:1030 - CMSIS Pack Vendor :STMicroelectronics X-CUBE-AZRTOS-WL 2.0.0
2023-11-21 20:23:20,006 [INFO] ThirdParty:1030 - CMSIS Pack Vendor :STMicroelectronics X-CUBE-ALGOBUILD 1.2.1
2023-11-21 20:23:20,006 [INFO] ThirdParty:1030 - CMSIS Pack Vendor :STMicroelectronics X-CUBE-DISPLAY 1.0.0
2023-11-21 20:23:20,006 [INFO] ThirdParty:1030 - CMSIS Pack Vendor :STMicroelectronics USB_DEVICE 1.0.0
2023-11-21 20:23:20,006 [INFO] ThirdParty:1030 - CMSIS Pack Vendor :STMicroelectronics X-CUBE-AI 8.1.0
2023-11-21 20:23:20,006 [INFO] ThirdParty:1030 - CMSIS Pack Vendor :STMicroelectronics X-CUBE-AZRTOS-L4 2.0.0
2023-11-21 20:23:20,006 [INFO] ThirdParty:1030 - CMSIS Pack Vendor :STMicroelectronics ThreadX 0.0.2
2023-11-21 20:23:20,006 [INFO] ThirdParty:1030 - CMSIS Pack Vendor :WES I-CUBE-Cesium 1.3.0
2023-11-21 20:23:20,006 [INFO] ThirdParty:1030 - CMSIS Pack Vendor :STMicroelectronics lwIP 2.1.2
2023-11-21 20:23:20,006 [INFO] ThirdParty:1030 - CMSIS Pack Vendor :STMicroelectronics X-CUBE-SFXS2LP1 4.0.0
2023-11-21 20:23:20,006 [INFO] ThirdParty:1030 - CMSIS Pack Vendor :STMicroelectronics X-CUBE-BLE2 3.3.0
2023-11-21 20:23:20,006 [INFO] ThirdParty:1030 - CMSIS Pack Vendor :STMicroelectronics PDM2PCM 3.2.0
2023-11-21 20:23:20,006 [INFO] ThirdParty:1030 - CMSIS Pack Vendor :STMicroelectronics X-CUBE-TOUCHGFX 4.18.0
2023-11-21 20:23:20,006 [INFO] ThirdParty:1030 - CMSIS Pack Vendor :STMicroelectronics X-CUBE-ISPU 1.1.0
2023-11-21 20:23:20,006 [INFO] ThirdParty:1030 - CMSIS Pack Vendor :RoweBots I-CUBE-UNISONRTOS 5.5.0-4
2023-11-21 20:23:20,006 [INFO] ThirdParty:1030 - CMSIS Pack Vendor :STMicroelectronics USB_DEVICE 3.0.0
2023-11-21 20:23:20,006 [INFO] ThirdParty:1030 - CMSIS Pack Vendor :STMicroelectronics X-CUBE-AZRTOS-WB 2.0.0
2023-11-21 20:23:20,006 [INFO] ThirdParty:1030 - CMSIS Pack Vendor :STMicroelectronics X-CUBE-FREERTOS 1.0.1
2023-11-21 20:23:20,006 [INFO] ThirdParty:1030 - CMSIS Pack Vendor :STMicroelectronics X-CUBE-MEMS1 9.0.0
2023-11-21 20:23:20,006 [INFO] ThirdParty:1030 - CMSIS Pack Vendor :STMicroelectronics X-CUBE-TOUCHGFX 4.21.4
2023-11-21 20:23:20,006 [INFO] ThirdParty:1030 - CMSIS Pack Vendor :STMicroelectronics X-CUBE-ALGOBUILD 1.3.0
2023-11-21 20:23:20,006 [INFO] ThirdParty:1030 - CMSIS Pack Vendor :STMicroelectronics X-CUBE-AZRTOS-L5 1.1.0
2023-11-21 20:23:20,006 [INFO] ThirdParty:1030 - CMSIS Pack Vendor :STMicroelectronics X-CUBE-AZRTOS-G0 1.1.0
2023-11-21 20:23:20,007 [INFO] ThirdParty:1030 - CMSIS Pack Vendor :STMicroelectronics X-CUBE-AI 8.0.1
2023-11-21 20:23:20,007 [INFO] ThirdParty:1030 - CMSIS Pack Vendor :STMicroelectronics X-CUBE-NFC4 3.0.0
2023-11-21 20:23:20,007 [INFO] ThirdParty:1030 - CMSIS Pack Vendor :SEGGER I-CUBE-embOS 1.2.0
2023-11-21 20:23:20,007 [INFO] ThirdParty:1030 - CMSIS Pack Vendor :STMicroelectronics X-CUBE-SUBG2 5.0.0
2023-11-21 20:23:20,007 [INFO] ThirdParty:1030 - CMSIS Pack Vendor :STMicroelectronics STM32_WPAN 1.0.0
2023-11-21 20:23:20,007 [INFO] ThirdParty:1030 - CMSIS Pack Vendor :STMicroelectronics lwIP 2.0.3
2023-11-21 20:23:20,007 [INFO] ThirdParty:1030 - CMSIS Pack Vendor :STMicroelectronics USB_HOST 1.0.0
2023-11-21 20:23:20,007 [INFO] ThirdParty:1030 - CMSIS Pack Vendor :STMicroelectronics X-CUBE-TOF1 3.3.1
2023-11-21 20:23:20,007 [INFO] ThirdParty:1030 - CMSIS Pack Vendor :STMicroelectronics X-CUBE-AZRTOS-G4 2.0.0
2023-11-21 20:23:20,007 [INFO] ThirdParty:1030 - CMSIS Pack Vendor :STMicroelectronics X-CUBE-TOUCHGFX 4.17.0
2023-11-21 20:23:20,007 [INFO] ThirdParty:1030 - CMSIS Pack Vendor :STMicroelectronics PDM2PCM 3.1.0
2023-11-21 20:23:20,007 [INFO] ThirdParty:1030 - CMSIS Pack Vendor :STMicroelectronics X-CUBE-TOF1 3.3.0
2023-11-21 20:23:20,007 [INFO] ThirdParty:1030 - CMSIS Pack Vendor :Infineon AIROC-Wi-Fi-Bluetooth-STM32 1.5.1
2023-11-21 20:23:20,007 [INFO] ThirdParty:1030 - CMSIS Pack Vendor :STMicroelectronics X-CUBE-BLEMGR 3.0.0
2023-11-21 20:23:20,007 [INFO] ThirdParty:1030 - CMSIS Pack Vendor :STMicroelectronics FP-SNS-MOTENVWB1 1.3.0
2023-11-21 20:23:20,007 [INFO] ThirdParty:1030 - CMSIS Pack Vendor :STMicroelectronics X-CUBE-AZRTOS-H7 2.0.0
2023-11-21 20:23:20,007 [INFO] ThirdParty:1030 - CMSIS Pack Vendor :STMicroelectronics FP-ATR-SIGFOX1 3.2.0
2023-11-21 20:23:20,007 [INFO] ThirdParty:1030 - CMSIS Pack Vendor :STMicroelectronics X-CUBE-AZRTOS-G4 1.0.0
2023-11-21 20:23:20,007 [INFO] ThirdParty:1030 - CMSIS Pack Vendor :STMicroelectronics X-CUBE-AZRTOS-L4 1.0.0
2023-11-21 20:23:20,007 [INFO] ThirdParty:1030 - CMSIS Pack Vendor :STMicroelectronics MBEDTLS 2.16.2
2023-11-21 20:23:20,007 [INFO] ThirdParty:1030 - CMSIS Pack Vendor :STMicroelectronics X-CUBE-MEMS1 10.0.0
2023-11-21 20:23:20,007 [INFO] ThirdParty:1030 - CMSIS Pack Vendor :STMicroelectronics X-CUBE-FREERTOS 1.1.0
2023-11-21 20:23:20,007 [INFO] ThirdParty:1030 - CMSIS Pack Vendor :STMicroelectronics X-CUBE-AZRTOS-F7 1.0.0
2023-11-21 20:23:20,007 [INFO] ThirdParty:1030 - CMSIS Pack Vendor :STMicroelectronics X-CUBE-AZRTOS-WL 1.0.0
2023-11-21 20:23:20,007 [INFO] ThirdParty:1030 - CMSIS Pack Vendor :STMicroelectronics X-CUBE-MEMS1 9.1.0
2023-11-21 20:23:20,007 [INFO] ThirdParty:1030 - CMSIS Pack Vendor :portGmbH I-Cube-SoM-uGOAL 1.1.0
2023-11-21 20:23:20,008 [INFO] ThirdParty:1030 - CMSIS Pack Vendor :STMicroelectronics X-CUBE-ALS 1.0.1
2023-11-21 20:23:20,008 [INFO] ThirdParty:1030 - CMSIS Pack Vendor :STMicroelectronics X-CUBE-AI 7.0.0
2023-11-21 20:23:20,008 [INFO] ThirdParty:1030 - CMSIS Pack Vendor :STMicroelectronics ThreadX 1.0.0
2023-11-21 20:23:20,008 [INFO] ThirdParty:1030 - CMSIS Pack Vendor :STMicroelectronics X-CUBE-AZRTOS-WB 1.1.0
2023-11-21 20:23:20,008 [INFO] ThirdParty:1030 - CMSIS Pack Vendor :SEGGER I-CUBE-embOS 1.3.1
2023-11-21 20:23:20,008 [INFO] ThirdParty:1030 - CMSIS Pack Vendor :STMicroelectronics X-CUBE-AZRTOS-L5 1.0.0
2023-11-21 20:23:20,008 [INFO] ThirdParty:1030 - CMSIS Pack Vendor :STMicroelectronics X-CUBE-EEPRMA1 3.1.0
2023-11-21 20:23:20,008 [INFO] ThirdParty:1030 - CMSIS Pack Vendor :STMicroelectronics X-CUBE-GNSS1 5.2.0
2023-11-21 20:23:20,008 [INFO] ThirdParty:1030 - CMSIS Pack Vendor :STMicroelectronics FP-ATR-ASTRA1 2.0.0
2023-11-21 20:23:20,008 [INFO] ThirdParty:1030 - CMSIS Pack Vendor :STMicroelectronics X-CUBE-DISPLAY 2.0.0
2023-11-21 20:23:20,008 [INFO] ThirdParty:841 - exiting critical section [change project]
2023-11-21 20:23:20,240 [INFO] PinOutPanel:1499 - setPackage(No Configuration,No Configuration)
2023-11-21 20:23:20,241 [INFO] PinOutPanel:1499 - setPackage(STM32F401RETx,LQFP64)
2023-11-21 20:23:20,565 [INFO] UtilMem:75 - Before build in PCC Used Memory: 381503552 Bytes (478150656)
2023-11-21 20:23:21,087 [INFO] UtilMem:75 - After build in PCC Used Memory: 227493328 Bytes (478150656)
2023-11-21 20:23:21,167 [INFO] ApiDbMcu:507 - Load IP Config File for FREERTOS
2023-11-21 20:23:21,210 [INFO] ApiDbMcu:507 - Load IP Config File for USB_DEVICE
2023-11-21 20:23:21,232 [INFO] IPUIPlugin:80 - create IPUIPlugin
2023-11-21 20:23:21,232 [INFO] IPUIPlugin:80 - create IPUIPlugin
2023-11-21 20:23:21,232 [INFO] IPUIPlugin:80 - create IPUIPlugin
2023-11-21 20:23:21,232 [INFO] IPUIPlugin:80 - create IPUIPlugin
2023-11-21 20:23:21,232 [INFO] IPUIPlugin:80 - create IPUIPlugin
2023-11-21 20:23:21,232 [INFO] IPUIPlugin:80 - create IPUIPlugin
2023-11-21 20:23:21,232 [INFO] IPUIPlugin:80 - create IPUIPlugin
2023-11-21 20:23:21,233 [INFO] IPUIPlugin:80 - create IPUIPlugin
2023-11-21 20:23:21,233 [INFO] IPUIPlugin:80 - create IPUIPlugin
2023-11-21 20:23:21,233 [INFO] IPUIPlugin:80 - create IPUIPlugin
2023-11-21 20:23:21,233 [INFO] IPUIPlugin:80 - create IPUIPlugin
2023-11-21 20:23:21,233 [INFO] IPUIPlugin:80 - create IPUIPlugin
2023-11-21 20:23:21,233 [INFO] IPUIPlugin:80 - create IPUIPlugin
2023-11-21 20:23:21,233 [INFO] IPUIPlugin:80 - create IPUIPlugin
2023-11-21 20:23:21,233 [INFO] IPUIPlugin:80 - create IPUIPlugin
2023-11-21 20:23:21,233 [INFO] IPUIPlugin:80 - create IPUIPlugin
2023-11-21 20:23:21,234 [INFO] IPUIPlugin:80 - create IPUIPlugin
2023-11-21 20:23:21,234 [INFO] IPUIPlugin:80 - create IPUIPlugin
2023-11-21 20:23:21,234 [INFO] IPUIPlugin:80 - create IPUIPlugin
2023-11-21 20:23:21,234 [INFO] IPUIPlugin:80 - create IPUIPlugin
2023-11-21 20:23:21,234 [INFO] IPUIPlugin:80 - create IPUIPlugin
2023-11-21 20:23:21,234 [INFO] IPUIPlugin:80 - create IPUIPlugin
2023-11-21 20:23:21,234 [INFO] IPUIPlugin:80 - create IPUIPlugin
2023-11-21 20:23:21,234 [INFO] IPUIPlugin:80 - create IPUIPlugin
2023-11-21 20:23:21,235 [INFO] IPUIPlugin:80 - create IPUIPlugin
2023-11-21 20:23:21,235 [INFO] IPUIPlugin:80 - create IPUIPlugin
2023-11-21 20:23:21,235 [INFO] IPUIPlugin:80 - create IPUIPlugin
2023-11-21 20:23:21,235 [INFO] IPUIPlugin:80 - create IPUIPlugin
2023-11-21 20:23:21,236 [INFO] IPUIPlugin:80 - create IPUIPlugin
2023-11-21 20:23:21,236 [INFO] IPUIPlugin:80 - create IPUIPlugin
2023-11-21 20:23:21,236 [INFO] IPUIPlugin:80 - create IPUIPlugin
2023-11-21 20:23:21,236 [INFO] IPUIPlugin:80 - create IPUIPlugin
2023-11-21 20:23:21,236 [INFO] IPUIPlugin:80 - create IPUIPlugin
2023-11-21 20:23:21,236 [INFO] IPUIPlugin:80 - create IPUIPlugin
2023-11-21 20:23:21,237 [INFO] IPUIPlugin:80 - create IPUIPlugin
2023-11-21 20:23:21,237 [INFO] IPUIPlugin:80 - create IPUIPlugin
2023-11-21 20:23:21,237 [INFO] IPUIPlugin:80 - create IPUIPlugin
2023-11-21 20:23:21,237 [INFO] IPUIPlugin:80 - create IPUIPlugin
2023-11-21 20:23:21,250 [INFO] ApiDbMcu:507 - Load IP Config File for PDM2PCM
2023-11-21 20:23:21,278 [WARN] FreeRTOS:1023 - Null or empty value: should not occur! (nothing added to the table)
2023-11-21 20:23:21,416 [INFO] CADModel:165 - CPN selected for project levelSTM32F401RET6
2023-11-21 20:23:21,416 [INFO] CADModel:114 - Register for checkConnection events
2023-11-21 20:23:21,418 [INFO] RtosManager:697 - Active RTOS found at IOC load: FREERTOS [Cortex-M4NS]
2023-11-21 20:23:21,462 [INFO] OpenFileManager:328 - Restore cursor
2023-11-21 20:23:21,589 [WARN] IP:2114 - DEVICE_SERIAL0_CDC_FS not found: check if there is a RefParameter without a condition.
2023-11-21 20:23:21,589 [WARN] IP:2114 - DEVICE_SERIAL1_CDC_FS not found: check if there is a RefParameter without a condition.
2023-11-21 20:23:21,589 [WARN] IP:2114 - DEVICE_SERIAL2_CDC_FS not found: check if there is a RefParameter without a condition.
2023-11-21 20:23:21,590 [WARN] IP:2114 - DEVICE_SERIAL0_CDC_FS not found: check if there is a RefParameter without a condition.
2023-11-21 20:23:21,590 [WARN] IP:2114 - DEVICE_SERIAL1_CDC_FS not found: check if there is a RefParameter without a condition.
2023-11-21 20:23:21,590 [WARN] IP:2114 - DEVICE_SERIAL2_CDC_FS not found: check if there is a RefParameter without a condition.
2023-11-21 20:23:33,324 [ERROR] LogOutputStream:75 - [STDERR_REDIRECT] SLF4J: Failed to load class "org.slf4j.impl.StaticLoggerBinder".
2023-11-21 20:23:33,325 [ERROR] LogOutputStream:75 - [STDERR_REDIRECT] SLF4J: Defaulting to no-operation (NOP) logger implementation
2023-11-21 20:23:33,326 [ERROR] LogOutputStream:75 - [STDERR_REDIRECT] SLF4J: See http://www.slf4j.org/codes.html#StaticLoggerBinder for further details.
2023-11-21 20:24:49,861 [INFO] UtilMem:75 - End SaveConfig() Used Memory: 603975128 Bytes (942669824)
2023-11-21 20:24:50,170 [INFO] BlockDiagram:2759 - set Specific Code input for plugin: SPI
2023-11-21 20:24:50,170 [INFO] BlockDiagram:2759 - set Specific Code input for plugin: USB_OTG_FS
2023-11-21 20:24:50,170 [INFO] BlockDiagram:2759 - set Specific Code input for plugin: NVIC
2023-11-21 20:24:50,170 [INFO] BlockDiagram:2759 - set Specific Code input for plugin: FREERTOS
2023-11-21 20:24:50,170 [INFO] BlockDiagram:2759 - set Specific Code input for plugin: TIM1_8
2023-11-21 20:24:50,170 [INFO] BlockDiagram:2759 - set Specific Code input for plugin: USB_DEVICE
2023-11-21 20:24:50,170 [INFO] BlockDiagram:2759 - set Specific Code input for plugin: SYS
2023-11-21 20:24:50,170 [INFO] BlockDiagram:2759 - set Specific Code input for plugin: GPIO
2023-11-21 20:24:50,170 [INFO] BlockDiagram:2759 - set Specific Code input for plugin: RCC
2023-11-21 20:24:50,171 [INFO] CodeGenerator:799 - code generatio: config db path: H:\STM32CubeIDE_1.13.2\STM32CubeIDE\plugins\com.st.stm32cube.common.mx_6.9.2.202309101412\\db\
2023-11-21 20:24:50,190 [WARN] IP:2114 - DEVICE_SERIAL0_CDC_FS not found: check if there is a RefParameter without a condition.
2023-11-21 20:24:50,190 [WARN] IP:2114 - DEVICE_SERIAL1_CDC_FS not found: check if there is a RefParameter without a condition.
2023-11-21 20:24:50,190 [WARN] IP:2114 - DEVICE_SERIAL2_CDC_FS not found: check if there is a RefParameter without a condition.
2023-11-21 20:24:50,429 [INFO] CodeEngine:255 - oldGeneratedFile, H:\WS\Telemanipulator_2023\v1\MXTmpFiles\license.tmp_save
2023-11-21 20:24:50,696 [INFO] CodeEngine:279 - Generated code: H:\WS\Telemanipulator_2023\v1\MXTmpFiles\license.tmp
2023-11-21 20:24:50,765 [INFO] CodeEngine:255 - oldGeneratedFile, H:\WS\Telemanipulator_2023\v1\MXTmpFiles\gpio.tmp_save
2023-11-21 20:24:50,884 [INFO] CodeEngine:279 - Generated code: H:\WS\Telemanipulator_2023\v1\MXTmpFiles\gpio.tmp
2023-11-21 20:24:50,955 [WARN] IPConfigManager:2937 - Warning: the RefConfig PWREx_EnableUSBVoltageDetector is not available in your config.xml file
2023-11-21 20:24:50,964 [INFO] CodeEngine:255 - oldGeneratedFile, H:\WS\Telemanipulator_2023\v1\MXTmpFiles\usb_otg_fs_vars.tmp_save
2023-11-21 20:24:51,041 [INFO] CodeEngine:279 - Generated code: H:\WS\Telemanipulator_2023\v1\MXTmpFiles\usb_otg_fs_vars.tmp
2023-11-21 20:24:51,051 [INFO] CodeEngine:255 - oldGeneratedFile, H:\WS\Telemanipulator_2023\v1\MXTmpFiles\usb_otg_fs_inc.tmp_save
2023-11-21 20:24:51,112 [INFO] CodeEngine:279 - Generated code: H:\WS\Telemanipulator_2023\v1\MXTmpFiles\usb_otg_fs_inc.tmp
2023-11-21 20:24:51,125 [INFO] CodeEngine:255 - oldGeneratedFile, H:\WS\Telemanipulator_2023\v1\MXTmpFiles\usb_otg_fs_HalInit.tmp_save
2023-11-21 20:24:51,211 [INFO] CodeEngine:279 - Generated code: H:\WS\Telemanipulator_2023\v1\MXTmpFiles\usb_otg_fs_HalInit.tmp
2023-11-21 20:24:51,219 [INFO] CodeEngine:255 - oldGeneratedFile, H:\WS\Telemanipulator_2023\v1\MXTmpFiles\usb_otg_fs_Msp.tmp_save
2023-11-21 20:24:51,311 [INFO] CodeEngine:279 - Generated code: H:\WS\Telemanipulator_2023\v1\MXTmpFiles\usb_otg_fs_Msp.tmp
2023-11-21 20:24:51,564 [INFO] Middleware:1439 - No code input for Bsp Dependency
2023-11-21 20:24:51,573 [INFO] CodeEngine:255 - oldGeneratedFile, H:\WS\Telemanipulator_2023\v1\MXTmpFiles\rtos_inc.tmp_save
2023-11-21 20:24:51,644 [INFO] CodeEngine:279 - Generated code: H:\WS\Telemanipulator_2023\v1\MXTmpFiles\rtos_inc.tmp
2023-11-21 20:24:51,651 [INFO] CodeEngine:255 - oldGeneratedFile, H:\WS\Telemanipulator_2023\v1\MXTmpFiles\rtos_vars.tmp_save
2023-11-21 20:24:51,711 [INFO] CodeEngine:279 - Generated code: H:\WS\Telemanipulator_2023\v1\MXTmpFiles\rtos_vars.tmp
2023-11-21 20:24:51,717 [INFO] CodeEngine:255 - oldGeneratedFile, H:\WS\Telemanipulator_2023\v1\MXTmpFiles\rtos_pfp.tmp_save
2023-11-21 20:24:51,772 [INFO] CodeEngine:279 - Generated code: H:\WS\Telemanipulator_2023\v1\MXTmpFiles\rtos_pfp.tmp
2023-11-21 20:24:51,779 [INFO] CodeEngine:255 - oldGeneratedFile, H:\WS\Telemanipulator_2023\v1\MXTmpFiles\rtos_obj_creat.tmp_save
2023-11-21 20:24:51,835 [INFO] CodeEngine:279 - Generated code: H:\WS\Telemanipulator_2023\v1\MXTmpFiles\rtos_obj_creat.tmp
2023-11-21 20:24:51,841 [INFO] CodeEngine:255 - oldGeneratedFile, H:\WS\Telemanipulator_2023\v1\MXTmpFiles\rtos_kernelStart.tmp_save
2023-11-21 20:24:51,889 [INFO] CodeEngine:279 - Generated code: H:\WS\Telemanipulator_2023\v1\MXTmpFiles\rtos_kernelStart.tmp
2023-11-21 20:24:51,896 [INFO] CodeEngine:255 - oldGeneratedFile, H:\WS\Telemanipulator_2023\v1\MXTmpFiles\rtos_default_thread.tmp_save
2023-11-21 20:24:51,950 [INFO] CodeEngine:279 - Generated code: H:\WS\Telemanipulator_2023\v1\MXTmpFiles\rtos_default_thread.tmp
2023-11-21 20:24:51,957 [INFO] CodeEngine:255 - oldGeneratedFile, H:\WS\Telemanipulator_2023\v1\MXTmpFiles\rtos_threads.tmp_save
2023-11-21 20:24:52,013 [INFO] CodeEngine:279 - Generated code: H:\WS\Telemanipulator_2023\v1\MXTmpFiles\rtos_threads.tmp
2023-11-21 20:24:52,026 [INFO] Middleware:1439 - No code input for Bsp Dependency
2023-11-21 20:24:52,031 [INFO] Middleware:1439 - No code input for Bsp Dependency
2023-11-21 20:24:52,036 [INFO] CodeEngine:255 - oldGeneratedFile, H:\WS\Telemanipulator_2023\v1\MXTmpFiles\rtos_inc.tmp_save
2023-11-21 20:24:52,096 [INFO] CodeEngine:279 - Generated code: H:\WS\Telemanipulator_2023\v1\MXTmpFiles\rtos_inc.tmp
2023-11-21 20:24:52,098 [INFO] CodeEngine:255 - oldGeneratedFile, H:\WS\Telemanipulator_2023\v1\MXTmpFiles\rtos_vars.tmp_save
2023-11-21 20:24:52,141 [INFO] CodeEngine:279 - Generated code: H:\WS\Telemanipulator_2023\v1\MXTmpFiles\rtos_vars.tmp
2023-11-21 20:24:52,143 [INFO] CodeEngine:255 - oldGeneratedFile, H:\WS\Telemanipulator_2023\v1\MXTmpFiles\rtos_pfp.tmp_save
2023-11-21 20:24:52,185 [INFO] CodeEngine:279 - Generated code: H:\WS\Telemanipulator_2023\v1\MXTmpFiles\rtos_pfp.tmp
2023-11-21 20:24:52,192 [INFO] CodeEngine:255 - oldGeneratedFile, H:\WS\Telemanipulator_2023\v1\MXTmpFiles\rtos_obj_creat.tmp_save
2023-11-21 20:24:52,235 [INFO] CodeEngine:279 - Generated code: H:\WS\Telemanipulator_2023\v1\MXTmpFiles\rtos_obj_creat.tmp
2023-11-21 20:24:52,238 [INFO] CodeEngine:255 - oldGeneratedFile, H:\WS\Telemanipulator_2023\v1\MXTmpFiles\rtos_kernelStart.tmp_save
2023-11-21 20:24:52,280 [INFO] CodeEngine:279 - Generated code: H:\WS\Telemanipulator_2023\v1\MXTmpFiles\rtos_kernelStart.tmp
2023-11-21 20:24:52,282 [INFO] CodeEngine:255 - oldGeneratedFile, H:\WS\Telemanipulator_2023\v1\MXTmpFiles\rtos_default_thread.tmp_save
2023-11-21 20:24:52,324 [INFO] CodeEngine:279 - Generated code: H:\WS\Telemanipulator_2023\v1\MXTmpFiles\rtos_default_thread.tmp
2023-11-21 20:24:52,326 [INFO] CodeEngine:255 - oldGeneratedFile, H:\WS\Telemanipulator_2023\v1\MXTmpFiles\rtos_threads.tmp_save
2023-11-21 20:24:52,367 [INFO] CodeEngine:279 - Generated code: H:\WS\Telemanipulator_2023\v1\MXTmpFiles\rtos_threads.tmp
2023-11-21 20:24:52,380 [INFO] CodeEngine:255 - oldGeneratedFile, H:\WS\Telemanipulator_2023\v1\Core\Inc\FreeRTOSConfig.h_save
2023-11-21 20:24:52,461 [INFO] CodeEngine:279 - Generated code: H:\WS\Telemanipulator_2023\v1\Core\Inc\FreeRTOSConfig.h
2023-11-21 20:24:52,475 [INFO] CodeEngine:255 - oldGeneratedFile, H:\WS\Telemanipulator_2023\v1\Core\Src\freertos.c_save
2023-11-21 20:24:52,544 [INFO] CodeEngine:279 - Generated code: H:\WS\Telemanipulator_2023\v1\Core\Src\freertos.c
2023-11-21 20:24:52,553 [INFO] Middleware:1439 - No code input for Bsp Dependency
2023-11-21 20:24:52,567 [INFO] CodeEngine:255 - oldGeneratedFile, H:\WS\Telemanipulator_2023\v1\USB_DEVICE\App\usb_device.c_save
2023-11-21 20:24:52,634 [INFO] CodeEngine:279 - Generated code: H:\WS\Telemanipulator_2023\v1\USB_DEVICE\App\usb_device.c
2023-11-21 20:24:52,647 [INFO] CodeEngine:255 - oldGeneratedFile, H:\WS\Telemanipulator_2023\v1\USB_DEVICE\App\usb_device.h_save
2023-11-21 20:24:52,705 [INFO] CodeEngine:279 - Generated code: H:\WS\Telemanipulator_2023\v1\USB_DEVICE\App\usb_device.h
2023-11-21 20:24:52,718 [INFO] CodeEngine:255 - oldGeneratedFile, H:\WS\Telemanipulator_2023\v1\USB_DEVICE\Target\usbd_conf.h_save
2023-11-21 20:24:52,786 [INFO] CodeEngine:279 - Generated code: H:\WS\Telemanipulator_2023\v1\USB_DEVICE\Target\usbd_conf.h
2023-11-21 20:24:52,799 [INFO] CodeEngine:255 - oldGeneratedFile, H:\WS\Telemanipulator_2023\v1\USB_DEVICE\Target\usbd_conf.c_save
2023-11-21 20:24:52,875 [INFO] CodeEngine:279 - Generated code: H:\WS\Telemanipulator_2023\v1\USB_DEVICE\Target\usbd_conf.c
2023-11-21 20:24:52,887 [INFO] CodeEngine:255 - oldGeneratedFile, H:\WS\Telemanipulator_2023\v1\USB_DEVICE\App\usbd_desc.h_save
2023-11-21 20:24:52,942 [INFO] CodeEngine:279 - Generated code: H:\WS\Telemanipulator_2023\v1\USB_DEVICE\App\usbd_desc.h
2023-11-21 20:24:52,954 [INFO] CodeEngine:255 - oldGeneratedFile, H:\WS\Telemanipulator_2023\v1\USB_DEVICE\App\usbd_desc.c_save
2023-11-21 20:24:53,019 [INFO] CodeEngine:279 - Generated code: H:\WS\Telemanipulator_2023\v1\USB_DEVICE\App\usbd_desc.c
2023-11-21 20:24:53,031 [INFO] CodeEngine:255 - oldGeneratedFile, H:\WS\Telemanipulator_2023\v1\USB_DEVICE\App\usbd_cdc_if.h_save
2023-11-21 20:24:53,084 [INFO] CodeEngine:279 - Generated code: H:\WS\Telemanipulator_2023\v1\USB_DEVICE\App\usbd_cdc_if.h
2023-11-21 20:24:53,096 [INFO] CodeEngine:255 - oldGeneratedFile, H:\WS\Telemanipulator_2023\v1\USB_DEVICE\App\usbd_cdc_if.c_save
2023-11-21 20:24:53,160 [INFO] CodeEngine:279 - Generated code: H:\WS\Telemanipulator_2023\v1\USB_DEVICE\App\usbd_cdc_if.c
2023-11-21 20:24:53,177 [INFO] CodeEngine:255 - oldGeneratedFile, H:\WS\Telemanipulator_2023\v1\Core\Src\stm32f4xx_it.c_save
2023-11-21 20:24:53,249 [INFO] CodeEngine:279 - Generated code: H:\WS\Telemanipulator_2023\v1\Core\Src\stm32f4xx_it.c
2023-11-21 20:24:53,261 [INFO] CodeEngine:255 - oldGeneratedFile, H:\WS\Telemanipulator_2023\v1\Core\Inc\stm32f4xx_it.h_save
2023-11-21 20:24:53,316 [INFO] CodeEngine:279 - Generated code: H:\WS\Telemanipulator_2023\v1\Core\Inc\stm32f4xx_it.h
2023-11-21 20:24:53,334 [INFO] CodeEngine:255 - oldGeneratedFile, H:\WS\Telemanipulator_2023\v1\Core\Src\stm32f4xx_hal_msp.c_save
2023-11-21 20:24:53,413 [INFO] CodeEngine:279 - Generated code: H:\WS\Telemanipulator_2023\v1\Core\Src\stm32f4xx_hal_msp.c
2023-11-21 20:24:53,420 [INFO] CodeEngine:255 - oldGeneratedFile, H:\WS\Telemanipulator_2023\v1\MXTmpFiles\system.tmp_save
2023-11-21 20:24:53,468 [INFO] CodeEngine:279 - Generated code: H:\WS\Telemanipulator_2023\v1\MXTmpFiles\system.tmp
2023-11-21 20:24:53,480 [INFO] CodeEngine:255 - oldGeneratedFile, H:\WS\Telemanipulator_2023\v1\Core\Src\stm32f4xx_hal_timebase_tim.c_save
2023-11-21 20:24:53,541 [INFO] CodeEngine:279 - Generated code: H:\WS\Telemanipulator_2023\v1\Core\Src\stm32f4xx_hal_timebase_tim.c
2023-11-21 20:24:53,556 [INFO] CodeEngine:311 - oldGeneratedFile, H:\WS\Telemanipulator_2023\v1\Core\Inc\stm32f4xx_hal_conf.h_save
2023-11-21 20:24:53,625 [INFO] CodeEngine:335 - Generated code: H:\WS\Telemanipulator_2023\v1\Core\Inc\stm32f4xx_hal_conf.h
2023-11-21 20:24:53,660 [WARN] IPConfigManager:3431 - IP not found : TIM
2023-11-21 20:24:53,660 [WARN] CodeGenerator:3764 - IP not found : null
2023-11-21 20:24:53,674 [INFO] CodeEngine:255 - oldGeneratedFile, H:\WS\Telemanipulator_2023\v1\Core\Inc\main.h_save
2023-11-21 20:24:53,748 [INFO] CodeEngine:279 - Generated code: H:\WS\Telemanipulator_2023\v1\Core\Inc\main.h
2023-11-21 20:24:53,763 [INFO] CodeEngine:255 - oldGeneratedFile, H:\WS\Telemanipulator_2023\v1\Core\Src\main.c_save
2023-11-21 20:24:53,895 [INFO] CodeEngine:279 - Generated code: H:\WS\Telemanipulator_2023\v1\Core\Src\main.c
2023-11-21 20:24:54,381 [INFO] ProjectBuilder:3064 - Time for Copy HAL[1] : 216mS.
2023-11-21 20:24:54,388 [INFO] ProjectBuilder:4404 - Project Generator version: 4.1.0
2023-11-21 20:24:54,589 [INFO] ConfigFileManager:1457 - The Die is : DIE433
2023-11-21 20:24:54,603 [INFO] ApiDbMcu:507 - Load IP Config File for FATFS
2023-11-21 20:24:54,613 [INFO] ApiDbMcu:507 - Load IP Config File for LIBJPEG
2023-11-21 20:24:54,654 [INFO] ApiDbMcu:507 - Load IP Config File for MBEDTLS
2023-11-21 20:24:54,668 [INFO] ApiDbMcu:507 - Load IP Config File for USB_HOST
2023-11-21 20:24:55,382 [INFO] LogOutputStream:77 - [STDOUT_REDIRECT] 
2023-11-21 20:24:56,476 [INFO] ProjectBuilder:4626 - Time for Generating toolchain IDE Files: 2088mS.
2023-11-21 20:24:56,477 [INFO] ProjectBuilder:2935 - Time for Copy CMSIS : 0mS.
2023-11-21 20:24:56,480 [INFO] ProjectBuilder:2935 - Time for Copy CMSIS : 0mS.
2023-11-21 20:25:26,195 [WARN] IP:2114 - DEVICE_SERIAL0_CDC_FS not found: check if there is a RefParameter without a condition.
2023-11-21 20:25:26,195 [WARN] IP:2114 - DEVICE_SERIAL1_CDC_FS not found: check if there is a RefParameter without a condition.
2023-11-21 20:25:26,195 [WARN] IP:2114 - DEVICE_SERIAL2_CDC_FS not found: check if there is a RefParameter without a condition.
2023-11-21 20:25:26,196 [WARN] IP:2114 - DEVICE_SERIAL0_CDC_FS not found: check if there is a RefParameter without a condition.
2023-11-21 20:25:26,196 [WARN] IP:2114 - DEVICE_SERIAL1_CDC_FS not found: check if there is a RefParameter without a condition.
2023-11-21 20:25:26,196 [WARN] IP:2114 - DEVICE_SERIAL2_CDC_FS not found: check if there is a RefParameter without a condition.
2023-11-21 20:25:30,266 [INFO] NvicIntPanel:101 - NVIC parent = com.st.microxplorer.plugins.ip.nvic.MultiNvicIntPanel[,0,0,0x0,invalid,layout=javax.swing.BoxLayout,alignmentX=0.0,alignmentY=0.0,border=,flags=9,maximumSize=,minimumSize=,preferredSize=]
2023-11-21 20:25:34,149 [INFO] NvicIntPanel:101 - NVIC parent = com.st.microxplorer.plugins.ip.nvic.MultiNvicIntPanel[,0,0,0x0,invalid,layout=javax.swing.BoxLayout,alignmentX=0.0,alignmentY=0.0,border=,flags=9,maximumSize=,minimumSize=,preferredSize=]
2023-11-21 20:25:43,304 [INFO] UtilMem:75 - End SaveConfig() Used Memory: 838930896 Bytes (1073741824)
2023-11-21 20:25:44,447 [INFO] UtilMem:75 - End SaveConfig() Used Memory: 884404608 Bytes (1073741824)
2023-11-21 20:25:44,593 [INFO] BlockDiagram:2759 - set Specific Code input for plugin: SPI
2023-11-21 20:25:44,593 [INFO] BlockDiagram:2759 - set Specific Code input for plugin: USB_OTG_FS
2023-11-21 20:25:44,593 [INFO] BlockDiagram:2759 - set Specific Code input for plugin: NVIC
2023-11-21 20:25:44,593 [INFO] BlockDiagram:2759 - set Specific Code input for plugin: FREERTOS
2023-11-21 20:25:44,593 [INFO] BlockDiagram:2759 - set Specific Code input for plugin: TIM1_8
2023-11-21 20:25:44,593 [INFO] BlockDiagram:2759 - set Specific Code input for plugin: USB_DEVICE
2023-11-21 20:25:44,593 [INFO] BlockDiagram:2759 - set Specific Code input for plugin: SYS
2023-11-21 20:25:44,594 [INFO] BlockDiagram:2759 - set Specific Code input for plugin: GPIO
2023-11-21 20:25:44,594 [INFO] BlockDiagram:2759 - set Specific Code input for plugin: RCC
2023-11-21 20:25:44,594 [INFO] CodeGenerator:799 - code generatio: config db path: H:\STM32CubeIDE_1.13.2\STM32CubeIDE\plugins\com.st.stm32cube.common.mx_6.9.2.202309101412\\db\
2023-11-21 20:25:44,604 [WARN] IP:2114 - DEVICE_SERIAL0_CDC_FS not found: check if there is a RefParameter without a condition.
2023-11-21 20:25:44,605 [WARN] IP:2114 - DEVICE_SERIAL1_CDC_FS not found: check if there is a RefParameter without a condition.
2023-11-21 20:25:44,605 [WARN] IP:2114 - DEVICE_SERIAL2_CDC_FS not found: check if there is a RefParameter without a condition.
2023-11-21 20:25:44,691 [INFO] CodeEngine:255 - oldGeneratedFile, H:\WS\Telemanipulator_2023\v1\MXTmpFiles\license.tmp_save
2023-11-21 20:25:44,765 [INFO] CodeEngine:279 - Generated code: H:\WS\Telemanipulator_2023\v1\MXTmpFiles\license.tmp
2023-11-21 20:25:44,784 [INFO] CodeEngine:255 - oldGeneratedFile, H:\WS\Telemanipulator_2023\v1\MXTmpFiles\gpio.tmp_save
2023-11-21 20:25:44,865 [INFO] CodeEngine:279 - Generated code: H:\WS\Telemanipulator_2023\v1\MXTmpFiles\gpio.tmp
2023-11-21 20:25:44,898 [WARN] IPConfigManager:2937 - Warning: the RefConfig PWREx_EnableUSBVoltageDetector is not available in your config.xml file
2023-11-21 20:25:44,902 [INFO] CodeEngine:255 - oldGeneratedFile, H:\WS\Telemanipulator_2023\v1\MXTmpFiles\usb_otg_fs_vars.tmp_save
2023-11-21 20:25:44,967 [INFO] CodeEngine:279 - Generated code: H:\WS\Telemanipulator_2023\v1\MXTmpFiles\usb_otg_fs_vars.tmp
2023-11-21 20:25:44,969 [INFO] CodeEngine:255 - oldGeneratedFile, H:\WS\Telemanipulator_2023\v1\MXTmpFiles\usb_otg_fs_inc.tmp_save
2023-11-21 20:25:45,016 [INFO] CodeEngine:279 - Generated code: H:\WS\Telemanipulator_2023\v1\MXTmpFiles\usb_otg_fs_inc.tmp
2023-11-21 20:25:45,018 [INFO] CodeEngine:255 - oldGeneratedFile, H:\WS\Telemanipulator_2023\v1\MXTmpFiles\usb_otg_fs_HalInit.tmp_save
2023-11-21 20:25:45,079 [INFO] CodeEngine:279 - Generated code: H:\WS\Telemanipulator_2023\v1\MXTmpFiles\usb_otg_fs_HalInit.tmp
2023-11-21 20:25:45,081 [INFO] CodeEngine:255 - oldGeneratedFile, H:\WS\Telemanipulator_2023\v1\MXTmpFiles\usb_otg_fs_Msp.tmp_save
2023-11-21 20:25:45,144 [INFO] CodeEngine:279 - Generated code: H:\WS\Telemanipulator_2023\v1\MXTmpFiles\usb_otg_fs_Msp.tmp
2023-11-21 20:25:45,330 [INFO] Middleware:1439 - No code input for Bsp Dependency
2023-11-21 20:25:45,333 [INFO] CodeEngine:255 - oldGeneratedFile, H:\WS\Telemanipulator_2023\v1\MXTmpFiles\rtos_inc.tmp_save
2023-11-21 20:25:45,399 [INFO] CodeEngine:279 - Generated code: H:\WS\Telemanipulator_2023\v1\MXTmpFiles\rtos_inc.tmp
2023-11-21 20:25:45,400 [INFO] CodeEngine:255 - oldGeneratedFile, H:\WS\Telemanipulator_2023\v1\MXTmpFiles\rtos_vars.tmp_save
2023-11-21 20:25:45,442 [INFO] CodeEngine:279 - Generated code: H:\WS\Telemanipulator_2023\v1\MXTmpFiles\rtos_vars.tmp
2023-11-21 20:25:45,443 [INFO] CodeEngine:255 - oldGeneratedFile, H:\WS\Telemanipulator_2023\v1\MXTmpFiles\rtos_pfp.tmp_save
2023-11-21 20:25:45,487 [INFO] CodeEngine:279 - Generated code: H:\WS\Telemanipulator_2023\v1\MXTmpFiles\rtos_pfp.tmp
2023-11-21 20:25:45,489 [INFO] CodeEngine:255 - oldGeneratedFile, H:\WS\Telemanipulator_2023\v1\MXTmpFiles\rtos_obj_creat.tmp_save
2023-11-21 20:25:45,539 [INFO] CodeEngine:279 - Generated code: H:\WS\Telemanipulator_2023\v1\MXTmpFiles\rtos_obj_creat.tmp
2023-11-21 20:25:45,541 [INFO] CodeEngine:255 - oldGeneratedFile, H:\WS\Telemanipulator_2023\v1\MXTmpFiles\rtos_kernelStart.tmp_save
2023-11-21 20:25:45,580 [INFO] CodeEngine:279 - Generated code: H:\WS\Telemanipulator_2023\v1\MXTmpFiles\rtos_kernelStart.tmp
2023-11-21 20:25:45,582 [INFO] CodeEngine:255 - oldGeneratedFile, H:\WS\Telemanipulator_2023\v1\MXTmpFiles\rtos_default_thread.tmp_save
2023-11-21 20:25:45,626 [INFO] CodeEngine:279 - Generated code: H:\WS\Telemanipulator_2023\v1\MXTmpFiles\rtos_default_thread.tmp
2023-11-21 20:25:45,628 [INFO] CodeEngine:255 - oldGeneratedFile, H:\WS\Telemanipulator_2023\v1\MXTmpFiles\rtos_threads.tmp_save
2023-11-21 20:25:45,676 [INFO] CodeEngine:279 - Generated code: H:\WS\Telemanipulator_2023\v1\MXTmpFiles\rtos_threads.tmp
2023-11-21 20:25:45,683 [INFO] Middleware:1439 - No code input for Bsp Dependency
2023-11-21 20:25:45,688 [INFO] Middleware:1439 - No code input for Bsp Dependency
2023-11-21 20:25:45,691 [INFO] CodeEngine:255 - oldGeneratedFile, H:\WS\Telemanipulator_2023\v1\MXTmpFiles\rtos_inc.tmp_save
2023-11-21 20:25:45,750 [INFO] CodeEngine:279 - Generated code: H:\WS\Telemanipulator_2023\v1\MXTmpFiles\rtos_inc.tmp
2023-11-21 20:25:45,752 [INFO] CodeEngine:255 - oldGeneratedFile, H:\WS\Telemanipulator_2023\v1\MXTmpFiles\rtos_vars.tmp_save
2023-11-21 20:25:45,793 [INFO] CodeEngine:279 - Generated code: H:\WS\Telemanipulator_2023\v1\MXTmpFiles\rtos_vars.tmp
2023-11-21 20:25:45,796 [INFO] CodeEngine:255 - oldGeneratedFile, H:\WS\Telemanipulator_2023\v1\MXTmpFiles\rtos_pfp.tmp_save
2023-11-21 20:25:45,836 [INFO] CodeEngine:279 - Generated code: H:\WS\Telemanipulator_2023\v1\MXTmpFiles\rtos_pfp.tmp
2023-11-21 20:25:45,843 [INFO] CodeEngine:255 - oldGeneratedFile, H:\WS\Telemanipulator_2023\v1\MXTmpFiles\rtos_obj_creat.tmp_save
2023-11-21 20:25:45,904 [INFO] CodeEngine:279 - Generated code: H:\WS\Telemanipulator_2023\v1\MXTmpFiles\rtos_obj_creat.tmp
2023-11-21 20:25:45,907 [INFO] CodeEngine:255 - oldGeneratedFile, H:\WS\Telemanipulator_2023\v1\MXTmpFiles\rtos_kernelStart.tmp_save
2023-11-21 20:25:45,961 [INFO] CodeEngine:279 - Generated code: H:\WS\Telemanipulator_2023\v1\MXTmpFiles\rtos_kernelStart.tmp
2023-11-21 20:25:45,963 [INFO] CodeEngine:255 - oldGeneratedFile, H:\WS\Telemanipulator_2023\v1\MXTmpFiles\rtos_default_thread.tmp_save
2023-11-21 20:25:46,003 [INFO] CodeEngine:279 - Generated code: H:\WS\Telemanipulator_2023\v1\MXTmpFiles\rtos_default_thread.tmp
2023-11-21 20:25:46,005 [INFO] CodeEngine:255 - oldGeneratedFile, H:\WS\Telemanipulator_2023\v1\MXTmpFiles\rtos_threads.tmp_save
2023-11-21 20:25:46,045 [INFO] CodeEngine:279 - Generated code: H:\WS\Telemanipulator_2023\v1\MXTmpFiles\rtos_threads.tmp
2023-11-21 20:25:46,054 [INFO] CodeEngine:255 - oldGeneratedFile, H:\WS\Telemanipulator_2023\v1\Core\Inc\FreeRTOSConfig.h_save
2023-11-21 20:25:46,106 [INFO] CodeEngine:279 - Generated code: H:\WS\Telemanipulator_2023\v1\Core\Inc\FreeRTOSConfig.h
2023-11-21 20:25:46,114 [INFO] CodeEngine:255 - oldGeneratedFile, H:\WS\Telemanipulator_2023\v1\Core\Src\freertos.c_save
2023-11-21 20:25:46,158 [INFO] CodeEngine:279 - Generated code: H:\WS\Telemanipulator_2023\v1\Core\Src\freertos.c
2023-11-21 20:25:46,164 [INFO] Middleware:1439 - No code input for Bsp Dependency
2023-11-21 20:25:46,173 [INFO] CodeEngine:255 - oldGeneratedFile, H:\WS\Telemanipulator_2023\v1\USB_DEVICE\App\usb_device.c_save
2023-11-21 20:25:46,228 [INFO] CodeEngine:279 - Generated code: H:\WS\Telemanipulator_2023\v1\USB_DEVICE\App\usb_device.c
2023-11-21 20:25:46,230 [INFO] CodeEngine:255 - oldGeneratedFile, H:\WS\Telemanipulator_2023\v1\USB_DEVICE\App\usb_device.h_save
2023-11-21 20:25:46,280 [INFO] CodeEngine:279 - Generated code: H:\WS\Telemanipulator_2023\v1\USB_DEVICE\App\usb_device.h
2023-11-21 20:25:46,282 [INFO] CodeEngine:255 - oldGeneratedFile, H:\WS\Telemanipulator_2023\v1\USB_DEVICE\Target\usbd_conf.h_save
2023-11-21 20:25:46,329 [INFO] CodeEngine:279 - Generated code: H:\WS\Telemanipulator_2023\v1\USB_DEVICE\Target\usbd_conf.h
2023-11-21 20:25:46,336 [INFO] CodeEngine:255 - oldGeneratedFile, H:\WS\Telemanipulator_2023\v1\USB_DEVICE\Target\usbd_conf.c_save
2023-11-21 20:25:46,398 [INFO] CodeEngine:279 - Generated code: H:\WS\Telemanipulator_2023\v1\USB_DEVICE\Target\usbd_conf.c
2023-11-21 20:25:46,406 [INFO] CodeEngine:255 - oldGeneratedFile, H:\WS\Telemanipulator_2023\v1\USB_DEVICE\App\usbd_desc.h_save
2023-11-21 20:25:46,447 [INFO] CodeEngine:279 - Generated code: H:\WS\Telemanipulator_2023\v1\USB_DEVICE\App\usbd_desc.h
2023-11-21 20:25:46,454 [INFO] CodeEngine:255 - oldGeneratedFile, H:\WS\Telemanipulator_2023\v1\USB_DEVICE\App\usbd_desc.c_save
2023-11-21 20:25:46,514 [INFO] CodeEngine:279 - Generated code: H:\WS\Telemanipulator_2023\v1\USB_DEVICE\App\usbd_desc.c
2023-11-21 20:25:46,521 [INFO] CodeEngine:255 - oldGeneratedFile, H:\WS\Telemanipulator_2023\v1\USB_DEVICE\App\usbd_cdc_if.h_save
2023-11-21 20:25:46,567 [INFO] CodeEngine:279 - Generated code: H:\WS\Telemanipulator_2023\v1\USB_DEVICE\App\usbd_cdc_if.h
2023-11-21 20:25:46,575 [INFO] CodeEngine:255 - oldGeneratedFile, H:\WS\Telemanipulator_2023\v1\USB_DEVICE\App\usbd_cdc_if.c_save
2023-11-21 20:25:46,633 [INFO] CodeEngine:279 - Generated code: H:\WS\Telemanipulator_2023\v1\USB_DEVICE\App\usbd_cdc_if.c
2023-11-21 20:25:46,644 [INFO] CodeEngine:255 - oldGeneratedFile, H:\WS\Telemanipulator_2023\v1\Core\Src\stm32f4xx_it.c_save
2023-11-21 20:25:46,702 [INFO] CodeEngine:279 - Generated code: H:\WS\Telemanipulator_2023\v1\Core\Src\stm32f4xx_it.c
2023-11-21 20:25:46,704 [INFO] CodeEngine:255 - oldGeneratedFile, H:\WS\Telemanipulator_2023\v1\Core\Inc\stm32f4xx_it.h_save
2023-11-21 20:25:46,746 [INFO] CodeEngine:279 - Generated code: H:\WS\Telemanipulator_2023\v1\Core\Inc\stm32f4xx_it.h
2023-11-21 20:25:46,757 [INFO] CodeEngine:255 - oldGeneratedFile, H:\WS\Telemanipulator_2023\v1\Core\Src\stm32f4xx_hal_msp.c_save
2023-11-21 20:25:46,821 [INFO] CodeEngine:279 - Generated code: H:\WS\Telemanipulator_2023\v1\Core\Src\stm32f4xx_hal_msp.c
2023-11-21 20:25:46,823 [INFO] CodeEngine:255 - oldGeneratedFile, H:\WS\Telemanipulator_2023\v1\MXTmpFiles\system.tmp_save
2023-11-21 20:25:46,863 [INFO] CodeEngine:279 - Generated code: H:\WS\Telemanipulator_2023\v1\MXTmpFiles\system.tmp
2023-11-21 20:25:46,870 [INFO] CodeEngine:255 - oldGeneratedFile, H:\WS\Telemanipulator_2023\v1\Core\Src\stm32f4xx_hal_timebase_tim.c_save
2023-11-21 20:25:46,913 [INFO] CodeEngine:279 - Generated code: H:\WS\Telemanipulator_2023\v1\Core\Src\stm32f4xx_hal_timebase_tim.c
2023-11-21 20:25:46,922 [INFO] CodeEngine:311 - oldGeneratedFile, H:\WS\Telemanipulator_2023\v1\Core\Inc\stm32f4xx_hal_conf.h_save
2023-11-21 20:25:46,993 [INFO] CodeEngine:335 - Generated code: H:\WS\Telemanipulator_2023\v1\Core\Inc\stm32f4xx_hal_conf.h
2023-11-21 20:25:47,019 [WARN] IPConfigManager:3431 - IP not found : TIM
2023-11-21 20:25:47,019 [WARN] CodeGenerator:3764 - IP not found : null
2023-11-21 20:25:47,028 [INFO] CodeEngine:255 - oldGeneratedFile, H:\WS\Telemanipulator_2023\v1\Core\Inc\main.h_save
2023-11-21 20:25:47,084 [INFO] CodeEngine:279 - Generated code: H:\WS\Telemanipulator_2023\v1\Core\Inc\main.h
2023-11-21 20:25:47,091 [INFO] CodeEngine:255 - oldGeneratedFile, H:\WS\Telemanipulator_2023\v1\Core\Src\main.c_save
2023-11-21 20:25:47,191 [INFO] CodeEngine:279 - Generated code: H:\WS\Telemanipulator_2023\v1\Core\Src\main.c
2023-11-21 20:25:47,612 [INFO] ProjectBuilder:3064 - Time for Copy HAL[1] : 155mS.
2023-11-21 20:25:47,616 [INFO] ProjectBuilder:4404 - Project Generator version: 4.1.0
2023-11-21 20:25:47,783 [INFO] ConfigFileManager:1457 - The Die is : DIE433
2023-11-21 20:25:48,788 [INFO] ProjectBuilder:4626 - Time for Generating toolchain IDE Files: 1172mS.
2023-11-21 20:25:48,789 [INFO] ProjectBuilder:2935 - Time for Copy CMSIS : 1mS.
2023-11-21 20:25:48,792 [INFO] ProjectBuilder:2935 - Time for Copy CMSIS : 0mS.
