2023-11-26 18:09:47,135 [INFO] Activator:176 - 


2023-11-26 18:09:47,139 [INFO] Activator:177 - !SESSION log4j initialized
2023-11-26 18:09:48,945 [INFO] LogOutputStream:77 - [STDOUT_REDIRECT] 
2023-11-26 18:09:50,415 [INFO] ApplicationProperties:184 - Using Application install path: H:\STM32CubeIDE_1.13.2\STM32CubeIDE\plugins\com.st.stm32cube.common.mx_6.9.2.202309101412
2023-11-26 18:09:50,426 [INFO] DbMcusXml:78 - Set database path to: H:\STM32CubeIDE_1.13.2\STM32CubeIDE\plugins\com.st.stm32cube.common.mx_6.9.2.202309101412\\db\/mcu/
2023-11-26 18:09:50,426 [INFO] ApiDb:274 - Set plugin database path to: H:\STM32CubeIDE_1.13.2\STM32CubeIDE\plugins\com.st.stm32cube.common.mx_6.9.2.202309101412\\db\/plugins/boardmanager/
2023-11-26 18:09:50,427 [WARN] ApiDb:259 - Overriding images path with different value:  => H:\STM32CubeIDE_1.13.2\STM32CubeIDE\plugins\com.st.stm32cube.common.mx_6.9.2.202309101412\\db\/plugins/mcufinder/images/
2023-11-26 18:09:50,432 [INFO] ApiDb:250 - Set database path to: C:\Users\Bence\.stmcufinder\plugins\mcufinder//mcu/
2023-11-26 18:09:50,433 [INFO] DbMcusAds:125 - Set database path to: C:\Users\Bence\.stmcufinder\plugins\mcufinder//mcu/
2023-11-26 18:09:50,435 [INFO] CrossReferenceDbSqlite:203 - Set database path to: C:\Users\Bence\.stmcufinder\plugins\mcufinder//mcu/cs/
2023-11-26 18:09:50,509 [INFO] RulesReader:64 - Compatibility file has been processed (293 Rules)
2023-11-26 18:09:50,562 [INFO] DbMcusXml:78 - Set database path to: H:\STM32CubeIDE_1.13.2\STM32CubeIDE\plugins\com.st.stm32cube.common.mx_6.9.2.202309101412\\db\/mcu/
2023-11-26 18:09:50,563 [INFO] ApiDb:274 - Set plugin database path to: H:\STM32CubeIDE_1.13.2\STM32CubeIDE\plugins\com.st.stm32cube.common.mx_6.9.2.202309101412\\db\/plugins/boardmanager/
2023-11-26 18:09:50,563 [INFO] ApiDb:261 - Set plugin images path to: H:\STM32CubeIDE_1.13.2\STM32CubeIDE\plugins\com.st.stm32cube.common.mx_6.9.2.202309101412\\db\/plugins/mcufinder/images/
2023-11-26 18:09:50,563 [WARN] DbFile:41 - Overriding database path with different value: C:\Users\Bence\.stmcufinder\plugins\mcufinder/ => C:\Users\Bence\.stmcufinder\plugins\mcufinder
2023-11-26 18:09:50,563 [INFO] ApiDb:250 - Set database path to: C:\Users\Bence\.stmcufinder\plugins\mcufinder//mcu/
2023-11-26 18:09:50,563 [WARN] DbFile:41 - Overriding database path with different value: C:\Users\Bence\.stmcufinder\plugins\mcufinder/ => C:\Users\Bence\.stmcufinder\plugins\mcufinder
2023-11-26 18:09:50,563 [INFO] DbMcusAds:125 - Set database path to: C:\Users\Bence\.stmcufinder\plugins\mcufinder//mcu/
2023-11-26 18:09:50,563 [WARN] DbFile:41 - Overriding database path with different value: C:\Users\Bence\.stmcufinder\plugins\mcufinder/ => C:\Users\Bence\.stmcufinder\plugins\mcufinder
2023-11-26 18:09:50,563 [WARN] DbFile:41 - Overriding database path with different value: C:\Users\Bence\.stmcufinder\plugins\mcufinder/ => C:\Users\Bence\.stmcufinder\plugins\mcufinder
2023-11-26 18:09:50,563 [INFO] CrossReferenceDbSqlite:203 - Set database path to: C:\Users\Bence\.stmcufinder\plugins\mcufinder//mcu/cs/
2023-11-26 18:09:50,610 [INFO] MainPanel:262 - HeapMemory: 268435456
2023-11-26 18:09:50,657 [INFO] DbMcusXml:78 - Set database path to: H:\STM32CubeIDE_1.13.2\STM32CubeIDE\plugins\com.st.stm32cube.common.mx_6.9.2.202309101412\\db\/mcu/
2023-11-26 18:09:50,657 [INFO] ApiDb:274 - Set plugin database path to: H:\STM32CubeIDE_1.13.2\STM32CubeIDE\plugins\com.st.stm32cube.common.mx_6.9.2.202309101412\\db\/plugins/boardmanager/
2023-11-26 18:09:50,657 [INFO] ApiDb:261 - Set plugin images path to: H:\STM32CubeIDE_1.13.2\STM32CubeIDE\plugins\com.st.stm32cube.common.mx_6.9.2.202309101412\\db\/plugins/mcufinder/images/
2023-11-26 18:09:50,657 [WARN] DbFile:41 - Overriding database path with different value: C:\Users\Bence\.stmcufinder\plugins\mcufinder/ => C:\Users\Bence\.stmcufinder\plugins\mcufinder
2023-11-26 18:09:50,657 [INFO] ApiDb:250 - Set database path to: C:\Users\Bence\.stmcufinder\plugins\mcufinder//mcu/
2023-11-26 18:09:50,657 [WARN] DbFile:41 - Overriding database path with different value: C:\Users\Bence\.stmcufinder\plugins\mcufinder/ => C:\Users\Bence\.stmcufinder\plugins\mcufinder
2023-11-26 18:09:50,657 [INFO] DbMcusAds:125 - Set database path to: C:\Users\Bence\.stmcufinder\plugins\mcufinder//mcu/
2023-11-26 18:09:50,657 [WARN] DbFile:41 - Overriding database path with different value: C:\Users\Bence\.stmcufinder\plugins\mcufinder/ => C:\Users\Bence\.stmcufinder\plugins\mcufinder
2023-11-26 18:09:50,658 [WARN] DbFile:41 - Overriding database path with different value: C:\Users\Bence\.stmcufinder\plugins\mcufinder/ => C:\Users\Bence\.stmcufinder\plugins\mcufinder
2023-11-26 18:09:50,658 [INFO] CrossReferenceDbSqlite:203 - Set database path to: C:\Users\Bence\.stmcufinder\plugins\mcufinder//mcu/cs/
2023-11-26 18:09:50,668 [INFO] ApplicationProperties:184 - Using Application install path: H:\STM32CubeIDE_1.13.2\STM32CubeIDE\plugins\com.st.stm32cube.common.mx_6.9.2.202309101412
2023-11-26 18:09:50,669 [INFO] PluginManage:196 - Search for loadable plugins [exclusion list=, ]
2023-11-26 18:09:50,670 [INFO] PluginManage:310 - Check plugin analytics
2023-11-26 18:09:50,788 [INFO] AnalyticsPlugin:253 - Accepted Software Licenses: 
2023-11-26 18:09:50,788 [INFO] AnalyticsPlugin:255 - Accepted CMSIS Pack Licenses: 
2023-11-26 18:09:50,789 [INFO] AnalyticsPlugin:257 - Accepted Firmware Licenses: FW.F4.1.27.0
2023-11-26 18:09:50,790 [INFO] PluginManage:359 - Loaded plugin analytics (category:tool,tabindex:-1)
2023-11-26 18:09:50,791 [INFO] PluginManage:310 - Check plugin cadmodel
2023-11-26 18:09:50,793 [INFO] CADModel:105 - Init CAD model plugin
2023-11-26 18:09:50,793 [INFO] PluginManage:359 - Loaded plugin cadmodel (category:power,tabindex:5)
2023-11-26 18:09:50,794 [INFO] PluginManage:310 - Check plugin clock
2023-11-26 18:09:50,800 [INFO] PluginManage:359 - Loaded plugin clock (category:base,tabindex:2)
2023-11-26 18:09:50,800 [INFO] PluginManage:310 - Check plugin ddr
2023-11-26 18:09:50,801 [INFO] PluginManage:359 - Loaded plugin ddr (category:tool,tabindex:6)
2023-11-26 18:09:50,801 [INFO] PluginManage:310 - Check plugin filemanager
2023-11-26 18:09:50,890 [INFO] PluginManage:359 - Loaded plugin filemanager (category:base,tabindex:10)
2023-11-26 18:09:50,890 [INFO] PluginManage:310 - Check plugin ipmanager
2023-11-26 18:09:50,895 [INFO] PluginManage:359 - Loaded plugin ipmanager (category:base,tabindex:5)
2023-11-26 18:09:50,895 [INFO] PluginManage:310 - Check plugin lpbam
2023-11-26 18:09:50,901 [INFO] PluginManage:359 - Loaded plugin lpbam (category:base,tabindex:0)
2023-11-26 18:09:50,901 [INFO] PluginManage:310 - Check plugin memorymap
2023-11-26 18:09:50,909 [INFO] PluginManage:359 - Loaded plugin memorymap (category:base,tabindex:4)
2023-11-26 18:09:50,909 [INFO] PluginManage:310 - Check plugin pinoutandconfiguration
2023-11-26 18:09:50,914 [INFO] PluginManage:359 - Loaded plugin pinoutandconfiguration (category:base,tabindex:1)
2023-11-26 18:09:50,914 [INFO] PluginManage:310 - Check plugin pinoutconfig
2023-11-26 18:09:50,975 [WARN] SupportedApi:132 - Cannot load RTOS API schema: s4s-elt-must-match.1: The content of 'definitions' must match (annotation?, (simpleType | complexType)?, (unique | key | keyref)*)). A problem was found starting at: attribute.
2023-11-26 18:09:51,090 [INFO] PluginManage:359 - Loaded plugin pinoutconfig (category:base,tabindex:0)
2023-11-26 18:09:51,090 [INFO] PluginManage:310 - Check plugin power
2023-11-26 18:09:51,096 [INFO] PluginManage:359 - Loaded plugin power (category:power,tabindex:4)
2023-11-26 18:09:51,096 [INFO] PluginManage:310 - Check plugin projectmanager
2023-11-26 18:09:51,106 [INFO] PluginManage:359 - Loaded plugin projectmanager (category:projectmanager,tabindex:3)
2023-11-26 18:09:51,106 [INFO] PluginManage:310 - Check plugin thirdparty
2023-11-26 18:09:51,193 [INFO] PluginManage:359 - Loaded plugin thirdparty (category:base,tabindex:-1)
2023-11-26 18:09:51,193 [WARN] IntegrityCheckThread:84 - waiting for thirdparty lock release [integrity check]
2023-11-26 18:09:51,193 [INFO] PluginManage:310 - Check plugin tools
2023-11-26 18:09:51,193 [INFO] IntegrityCheckThread:86 - entering critical section [integrity check]
2023-11-26 18:09:51,194 [INFO] ThirdPartyUpdaterWithRetryManager:70 - Updater plugin not ready yet. [1/15]
2023-11-26 18:09:51,195 [INFO] PluginManage:359 - Loaded plugin tools (category:base,tabindex:7)
2023-11-26 18:09:51,195 [INFO] PluginManage:310 - Check plugin tutovideos
2023-11-26 18:09:51,310 [INFO] PluginManage:359 - Loaded plugin tutovideos (category:base,tabindex:-1)
2023-11-26 18:09:51,310 [INFO] PluginManage:310 - Check plugin updater
2023-11-26 18:09:51,317 [INFO] PluginManage:359 - Loaded plugin updater (category:base,tabindex:12)
2023-11-26 18:09:51,317 [INFO] PluginManage:310 - Check plugin userauth
2023-11-26 18:09:51,320 [INFO] UserAuth:113 - Init User Auth plugin
2023-11-26 18:09:51,320 [INFO] PluginManage:359 - Loaded plugin userauth (category:base,tabindex:14)
2023-11-26 18:09:51,320 [INFO] PluginManage:283 - PluginManage : Loaded plugins [17]
2023-11-26 18:09:51,453 [INFO] PinOutPanel:1499 - setPackage(No Configuration,No Configuration)
2023-11-26 18:09:51,528 [INFO] CADModel:165 - CPN selected for project level
2023-11-26 18:09:51,528 [INFO] CADModel:114 - Register for checkConnection events
2023-11-26 18:09:51,538 [INFO] IPUIPlugin:80 - create IPUIPlugin
2023-11-26 18:09:51,538 [INFO] PluginManager:220 - loadIPPluginJar : add adc
2023-11-26 18:09:51,540 [INFO] IPUIPlugin:80 - create IPUIPlugin
2023-11-26 18:09:51,540 [INFO] PluginManager:220 - loadIPPluginJar : add aes
2023-11-26 18:09:51,541 [INFO] IPUIPlugin:80 - create IPUIPlugin
2023-11-26 18:09:51,541 [INFO] PluginManager:220 - loadIPPluginJar : add can
2023-11-26 18:09:51,542 [INFO] IPUIPlugin:80 - create IPUIPlugin
2023-11-26 18:09:51,542 [INFO] PluginManager:220 - loadIPPluginJar : add comp
2023-11-26 18:09:51,544 [INFO] IPUIPlugin:80 - create IPUIPlugin
2023-11-26 18:09:51,544 [INFO] PluginManager:220 - loadIPPluginJar : add cryp
2023-11-26 18:09:51,545 [INFO] IPUIPlugin:80 - create IPUIPlugin
2023-11-26 18:09:51,545 [INFO] PluginManager:220 - loadIPPluginJar : add dfsdm
2023-11-26 18:09:51,549 [INFO] IPUIPlugin:80 - create IPUIPlugin
2023-11-26 18:09:51,549 [INFO] PluginManager:220 - loadIPPluginJar : add dma
2023-11-26 18:09:51,551 [INFO] IPUIPlugin:80 - create IPUIPlugin
2023-11-26 18:09:51,551 [INFO] PluginManager:220 - loadIPPluginJar : add dma3
2023-11-26 18:09:51,552 [INFO] IPUIPlugin:80 - create IPUIPlugin
2023-11-26 18:09:51,552 [INFO] PluginManager:220 - loadIPPluginJar : add fatfs
2023-11-26 18:09:51,555 [INFO] IPUIPlugin:80 - create IPUIPlugin
2023-11-26 18:09:51,555 [INFO] PluginManager:220 - loadIPPluginJar : add fmc
2023-11-26 18:09:51,558 [INFO] IPUIPlugin:80 - create IPUIPlugin
2023-11-26 18:09:51,558 [INFO] PluginManager:220 - loadIPPluginJar : add freertos
2023-11-26 18:09:51,559 [INFO] IPUIPlugin:80 - create IPUIPlugin
2023-11-26 18:09:51,559 [INFO] PluginManager:220 - loadIPPluginJar : add genericplugin
2023-11-26 18:09:51,561 [INFO] IPUIPlugin:80 - create IPUIPlugin
2023-11-26 18:09:51,561 [INFO] PluginManager:220 - loadIPPluginJar : add gfxmmu
2023-11-26 18:09:51,564 [INFO] IPUIPlugin:80 - create IPUIPlugin
2023-11-26 18:09:51,564 [INFO] PluginManager:220 - loadIPPluginJar : add gic
2023-11-26 18:09:51,566 [INFO] IPUIPlugin:80 - create IPUIPlugin
2023-11-26 18:09:51,567 [INFO] PluginManager:220 - loadIPPluginJar : add gpio
2023-11-26 18:09:51,568 [INFO] IPUIPlugin:80 - create IPUIPlugin
2023-11-26 18:09:51,569 [INFO] PluginManager:220 - loadIPPluginJar : add gtzc
2023-11-26 18:09:51,570 [INFO] IPUIPlugin:80 - create IPUIPlugin
2023-11-26 18:09:51,570 [INFO] PluginManager:220 - loadIPPluginJar : add hash
2023-11-26 18:09:51,572 [INFO] IPUIPlugin:80 - create IPUIPlugin
2023-11-26 18:09:51,572 [INFO] PluginManager:220 - loadIPPluginJar : add i2c
2023-11-26 18:09:51,573 [INFO] IPUIPlugin:80 - create IPUIPlugin
2023-11-26 18:09:51,573 [INFO] PluginManager:220 - loadIPPluginJar : add i2s
2023-11-26 18:09:51,575 [INFO] IPUIPlugin:80 - create IPUIPlugin
2023-11-26 18:09:51,575 [INFO] PluginManager:220 - loadIPPluginJar : add i3c
2023-11-26 18:09:51,577 [INFO] IPUIPlugin:80 - create IPUIPlugin
2023-11-26 18:09:51,577 [INFO] PluginManager:220 - loadIPPluginJar : add ipddr
2023-11-26 18:09:51,582 [INFO] IPUIPlugin:80 - create IPUIPlugin
2023-11-26 18:09:51,582 [INFO] PluginManager:220 - loadIPPluginJar : add linkedlist
2023-11-26 18:09:51,583 [INFO] IPUIPlugin:80 - create IPUIPlugin
2023-11-26 18:09:51,583 [INFO] PluginManager:220 - loadIPPluginJar : add lorawan
2023-11-26 18:09:51,584 [INFO] IPUIPlugin:80 - create IPUIPlugin
2023-11-26 18:09:51,585 [INFO] PluginManager:220 - loadIPPluginJar : add ltdc
2023-11-26 18:09:51,589 [INFO] IPUIPlugin:80 - create IPUIPlugin
2023-11-26 18:09:51,589 [INFO] PluginManager:220 - loadIPPluginJar : add mdma
2023-11-26 18:09:51,592 [INFO] IPUIPlugin:80 - create IPUIPlugin
2023-11-26 18:09:51,592 [INFO] PluginManager:220 - loadIPPluginJar : add nvic
2023-11-26 18:09:51,594 [INFO] IPUIPlugin:80 - create IPUIPlugin
2023-11-26 18:09:51,594 [INFO] PluginManager:220 - loadIPPluginJar : add opamp
2023-11-26 18:09:51,596 [INFO] IPUIPlugin:80 - create IPUIPlugin
2023-11-26 18:09:51,596 [INFO] PluginManager:220 - loadIPPluginJar : add openamp
2023-11-26 18:09:51,598 [INFO] IPUIPlugin:80 - create IPUIPlugin
2023-11-26 18:09:51,598 [INFO] PluginManager:220 - loadIPPluginJar : add pdm2pcm
2023-11-26 18:09:51,602 [INFO] IPUIPlugin:80 - create IPUIPlugin
2023-11-26 18:09:51,604 [INFO] PluginManager:220 - loadIPPluginJar : add plateformsettings
2023-11-26 18:09:51,605 [INFO] IPUIPlugin:80 - create IPUIPlugin
2023-11-26 18:09:51,605 [INFO] PluginManager:220 - loadIPPluginJar : add quadspi
2023-11-26 18:09:51,607 [INFO] IPUIPlugin:80 - create IPUIPlugin
2023-11-26 18:09:51,607 [INFO] PluginManager:220 - loadIPPluginJar : add resmgrutility
2023-11-26 18:09:51,609 [INFO] IPUIPlugin:80 - create IPUIPlugin
2023-11-26 18:09:51,609 [INFO] PluginManager:220 - loadIPPluginJar : add sai
2023-11-26 18:09:51,610 [INFO] IPUIPlugin:80 - create IPUIPlugin
2023-11-26 18:09:51,611 [INFO] PluginManager:220 - loadIPPluginJar : add spi
2023-11-26 18:09:51,614 [INFO] IPUIPlugin:80 - create IPUIPlugin
2023-11-26 18:09:51,614 [INFO] PluginManager:220 - loadIPPluginJar : add stm32_wpan
2023-11-26 18:09:51,615 [INFO] IPUIPlugin:80 - create IPUIPlugin
2023-11-26 18:09:51,615 [INFO] PluginManager:220 - loadIPPluginJar : add tim
2023-11-26 18:09:51,617 [INFO] IPUIPlugin:80 - create IPUIPlugin
2023-11-26 18:09:51,617 [INFO] PluginManager:220 - loadIPPluginJar : add touchsensing
2023-11-26 18:09:51,618 [INFO] IPUIPlugin:80 - create IPUIPlugin
2023-11-26 18:09:51,618 [INFO] PluginManager:220 - loadIPPluginJar : add tracer_emb
2023-11-26 18:09:51,619 [INFO] IPUIPlugin:80 - create IPUIPlugin
2023-11-26 18:09:51,619 [INFO] PluginManager:220 - loadIPPluginJar : add ts
2023-11-26 18:09:51,620 [INFO] IPUIPlugin:80 - create IPUIPlugin
2023-11-26 18:09:51,620 [INFO] PluginManager:220 - loadIPPluginJar : add tsc
2023-11-26 18:09:51,621 [INFO] IPUIPlugin:80 - create IPUIPlugin
2023-11-26 18:09:51,621 [INFO] PluginManager:220 - loadIPPluginJar : add ucpd
2023-11-26 18:09:51,623 [INFO] IPUIPlugin:80 - create IPUIPlugin
2023-11-26 18:09:51,623 [INFO] PluginManager:220 - loadIPPluginJar : add usart
2023-11-26 18:09:51,625 [INFO] IPUIPlugin:80 - create IPUIPlugin
2023-11-26 18:09:51,625 [INFO] PluginManager:220 - loadIPPluginJar : add usbx
2023-11-26 18:09:51,732 [INFO] CADModel:165 - CPN selected for project level
2023-11-26 18:09:51,732 [INFO] CADModel:114 - Register for checkConnection events
2023-11-26 18:09:51,732 [FATAL] Updater:308 - Updater called before beeing initialized
2023-11-26 18:09:51,732 [ERROR] CADModel:125 - Updater not yet initialized, retry later 
2023-11-26 18:09:51,822 [INFO] CADModel:165 - CPN selected for project level
2023-11-26 18:09:51,822 [INFO] CADModel:114 - Register for checkConnection events
2023-11-26 18:09:51,822 [FATAL] Updater:308 - Updater called before beeing initialized
2023-11-26 18:09:51,822 [ERROR] CADModel:125 - Updater not yet initialized, retry later 
2023-11-26 18:09:51,825 [FATAL] Updater:308 - Updater called before beeing initialized
2023-11-26 18:09:51,901 [FATAL] Updater:308 - Updater called before beeing initialized
2023-11-26 18:09:51,906 [INFO] DbMcusAds:53 - JSON generation date=Tue Mar 07 09:50:55 CET 2023 (1678179055335)
2023-11-26 18:09:51,906 [FATAL] Updater:308 - Updater called before beeing initialized
2023-11-26 18:09:51,931 [WARN] DetailPanel:346 - Failed to get advertising image, set to default
2023-11-26 18:09:52,004 [FATAL] Updater:308 - Updater called before beeing initialized
2023-11-26 18:09:52,005 [FATAL] Updater:308 - Updater called before beeing initialized
2023-11-26 18:09:52,005 [FATAL] Updater:308 - Updater called before beeing initialized
2023-11-26 18:09:52,005 [WARN] DetailPanel:346 - Failed to get advertising image, set to default
2023-11-26 18:09:52,006 [FATAL] Updater:308 - Updater called before beeing initialized
2023-11-26 18:09:52,033 [ERROR] Updater:1120 - MainUpdater not yet initialized. External WinMGr cannot be set.
2023-11-26 18:09:52,034 [INFO] Updater:1056 - Updater Version found : 6.9.2
2023-11-26 18:09:52,046 [INFO] ApplicationProperties:184 - Using Application install path: H:\STM32CubeIDE_1.13.2\STM32CubeIDE\plugins\com.st.stm32cube.common.mx_6.9.2.202309101412
2023-11-26 18:09:52,124 [INFO] MainUpdater:2868 - connection check result : 10
2023-11-26 18:09:52,124 [INFO] MainUpdater:285 - Updater Check For Update Now.
2023-11-26 18:09:52,124 [INFO] MicroXplorer:498 - Change Database Version : DB.6.0.92
2023-11-26 18:09:52,130 [INFO] McuFinderGlobals:63 - Set McuFinder mode to 2 (CubeIDE integrated)
2023-11-26 18:09:52,131 [INFO] UserAuth:179 - activating auth plugin
2023-11-26 18:09:52,132 [INFO] UserAuth:393 - Internet connection configuration mode: 1
2023-11-26 18:09:52,140 [INFO] JxBrowserEngine:151 - Initiate JxBrowser Engine with user profile folder
2023-11-26 18:09:52,276 [INFO] CheckServerUpdateThread:120 - End of CheckServer Thread
2023-11-26 18:09:53,100 [INFO] WebApp:157 - Instantiating new browser for Auth
2023-11-26 18:09:53,489 [INFO] WebApp:753 - Register for checkConnection events
2023-11-26 18:09:53,489 [INFO] WebApp:390 - Apply proxy settings
2023-11-26 18:09:53,489 [INFO] WebApp:475 - Chromium requires no authentication
2023-11-26 18:09:53,497 [INFO] WebApp:418 - Direct internet connection detected
2023-11-26 18:09:53,613 [INFO] WebApp:188 - Starting web application
2023-11-26 18:09:53,613 [INFO] WebApp:520 - Web application path used H:\STM32CubeIDE_1.13.2\STM32CubeIDE\plugins\com.st.stm32cube.common.mx_6.9.2.202309101412\db\plugins\mcufinder\reactClient1\index.html
2023-11-26 18:09:54,287 [WARN] PackLoader:240 - Cannot read IP mode file for STMicroelectronics.X-CUBE-SMBUS.2.1.0
2023-11-26 18:09:54,311 [WARN] PackLoader:240 - Cannot read IP mode file for STMicroelectronics.X-CUBE-AZRTOS-F7.1.1.0
2023-11-26 18:09:54,320 [WARN] PackLoader:240 - Cannot read IP mode file for STMicroelectronics.FP-SNS-MOTENV1.4.3.2
2023-11-26 18:09:54,325 [ERROR] RealEvaluatedCondition:428 - Found unsupported composite condition: CLASS='Data Exchange' GROUP='STM32_MetaDataManager'
2023-11-26 18:09:54,325 [ERROR] RealEvaluatedCondition:428 - Found unsupported composite condition: CLASS='Data Exchange' GROUP='STM32_MetaDataManager'
2023-11-26 18:09:54,326 [WARN] PackLoader:240 - Cannot read IP mode file for STMicroelectronics.FP-SNS-MOTENV1.4.3.1
2023-11-26 18:09:54,331 [WARN] PackLoader:240 - Cannot read IP mode file for STMicroelectronics.FP-SNS-FLIGHT1.5.0.1
2023-11-26 18:09:54,336 [WARN] PackLoader:240 - Cannot read IP mode file for STMicroelectronics.X-CUBE-BLE1.6.2.4
2023-11-26 18:09:54,340 [WARN] PackLoader:240 - Cannot read IP mode file for STMicroelectronics.X-CUBE-BLE1.6.2.1
2023-11-26 18:09:54,344 [WARN] PackLoader:240 - Cannot read IP mode file for STMicroelectronics.X-CUBE-BLE1.6.2.2
2023-11-26 18:09:54,347 [WARN] PackLoader:240 - Cannot read IP mode file for STMicroelectronics.FP-SNS-FLIGHT1.5.0.2
2023-11-26 18:09:54,351 [WARN] PackLoader:240 - Cannot read IP mode file for STMicroelectronics.X-CUBE-BLE2.3.2.2
2023-11-26 18:09:54,357 [WARN] PackLoader:240 - Cannot read IP mode file for STMicroelectronics.X-CUBE-DISPLAY.3.0.0
2023-11-26 18:09:54,364 [WARN] PackLoader:240 - Cannot read IP mode file for STMicroelectronics.X-CUBE-BLE1.7.0.0
2023-11-26 18:09:54,368 [WARN] PackLoader:240 - Cannot read IP mode file for STMicroelectronics.X-CUBE-TOUCHGFX.4.22.1
2023-11-26 18:09:54,377 [WARN] PackLoader:240 - Cannot read IP mode file for STMicroelectronics.X-CUBE-SUBG2.4.2.0
2023-11-26 18:09:54,388 [WARN] PackLoader:240 - Cannot read IP mode file for STMicroelectronics.FP-SNS-SMARTAG2.1.2.0
2023-11-26 18:09:54,397 [INFO] LogOutputStream:77 - [STDOUT_REDIRECT] 1 : Invalid condition id : UX_CORESTACK_Condition cause : null
2023-11-26 18:09:54,398 [INFO] LogOutputStream:77 - [STDOUT_REDIRECT] 1 : Invalid condition id : UX_CORESTACK_Condition cause : null
2023-11-26 18:09:54,399 [INFO] LogOutputStream:77 - [STDOUT_REDIRECT] 1 : Invalid condition id : UX_CORESTACK_Condition cause : null
2023-11-26 18:09:54,400 [INFO] LogOutputStream:77 - [STDOUT_REDIRECT] 1 : Invalid condition id : UX_CORESTACK_Condition cause : null
2023-11-26 18:09:54,402 [INFO] LogOutputStream:77 - [STDOUT_REDIRECT] 1 : Invalid condition id : UX_CORESTACK_Condition cause : null
2023-11-26 18:09:54,405 [WARN] PackLoader:240 - Cannot read IP mode file for STMicroelectronics.X-CUBE-AZRTOS-WL.2.0.0
2023-11-26 18:09:54,425 [WARN] PackLoader:240 - Cannot read IP mode file for STMicroelectronics.X-CUBE-ALGOBUILD.1.2.1
2023-11-26 18:09:54,437 [WARN] PackLoader:240 - Cannot read IP mode file for WES.I-CUBE-Cesium.1.3.0
2023-11-26 18:09:54,455 [WARN] PackLoader:240 - Cannot read IP mode file for STMicroelectronics.X-CUBE-BLE2.3.3.0
2023-11-26 18:09:54,463 [WARN] PackLoader:240 - Cannot read IP mode file for STMicroelectronics.X-CUBE-TOUCHGFX.4.18.0
2023-11-26 18:09:54,471 [WARN] PackLoader:240 - Cannot read IP mode file for STMicroelectronics.X-CUBE-TOUCHGFX.4.21.4
2023-11-26 18:09:54,480 [WARN] PackLoader:240 - Cannot read IP mode file for STMicroelectronics.X-CUBE-ALGOBUILD.1.3.0
2023-11-26 18:09:54,502 [WARN] PackLoader:240 - Cannot read IP mode file for STMicroelectronics.X-CUBE-AZRTOS-G0.1.1.0
2023-11-26 18:09:54,512 [WARN] PackLoader:240 - Cannot read IP mode file for STMicroelectronics.X-CUBE-NFC4.3.0.0
2023-11-26 18:09:54,546 [WARN] PackLoader:240 - Cannot read IP mode file for SEGGER.I-CUBE-embOS.1.2.0
2023-11-26 18:09:54,574 [WARN] PackLoader:240 - Cannot read IP mode file for STMicroelectronics.X-CUBE-TOUCHGFX.4.17.0
2023-11-26 18:09:54,585 [WARN] PackLoader:240 - Cannot read IP mode file for STMicroelectronics.X-CUBE-BLEMGR.3.0.0
2023-11-26 18:09:54,607 [WARN] PackLoader:240 - Cannot read IP mode file for STMicroelectronics.X-CUBE-AZRTOS-H7.2.0.0
2023-11-26 18:09:54,617 [WARN] PackLoader:240 - Cannot read IP mode file for STMicroelectronics.FP-ATR-SIGFOX1.3.2.0
2023-11-26 18:09:54,660 [WARN] PackLoader:240 - Cannot read IP mode file for SEGGER.I-CUBE-embOS.1.3.1
2023-11-26 18:09:54,692 [WARN] PackLoader:240 - Cannot read IP mode file for STMicroelectronics.X-CUBE-DISPLAY.2.0.0
2023-11-26 18:09:54,701 [WARN] PackLoader:240 - Cannot read IP mode file for STMicroelectronics.X-CUBE-GNSS1.6.0.0
2023-11-26 18:09:54,721 [WARN] PackLoader:240 - Cannot read IP mode file for STMicroelectronics.X-CUBE-AZRTOS-F4.1.1.0
2023-11-26 18:09:54,742 [WARN] PackLoader:240 - Cannot read IP mode file for STMicroelectronics.X-CUBE-AZRTOS-L5.2.0.0
2023-11-26 18:09:54,776 [WARN] PackLoader:240 - Cannot read IP mode file for STMicroelectronics.X-CUBE-MEMS1.9.6.0
2023-11-26 18:09:54,883 [WARN] PackLoader:240 - Cannot read IP mode file for STMicroelectronics.X-CUBE-EEPRMA1.4.2.0
2023-11-26 18:09:54,892 [WARN] PackLoader:240 - Cannot read IP mode file for ITTIA_DB.I-CUBE-ITTIADB.8.8.0
2023-11-26 18:09:54,902 [WARN] PackLoader:240 - Cannot read IP mode file for emotas.I-CUBE-CANOPEN.1.1.3
2023-11-26 18:09:54,912 [WARN] PackLoader:240 - Cannot read IP mode file for STMicroelectronics.X-CUBE-BLEMGR.2.0.0
2023-11-26 18:09:54,922 [WARN] PackLoader:240 - Cannot read IP mode file for STMicroelectronics.X-CUBE-NFC4.2.0.3
2023-11-26 18:09:54,931 [WARN] PackLoader:240 - Cannot read IP mode file for wolfSSL.I-CUBE-wolfSSL.4.8.0
2023-11-26 18:09:54,950 [WARN] ConditionMgr:438 - getConditionDescription Invalid condition id : UX DEVICE CLASS RTOS Condition cause : null
2023-11-26 18:09:54,950 [WARN] ConditionMgr:438 - getConditionDescription Invalid condition id : UX DEVICE CLASS RTOS Condition cause : null
2023-11-26 18:09:54,952 [WARN] PackLoader:240 - Cannot read IP mode file for STMicroelectronics.X-CUBE-AZRTOS-H7.3.1.0
2023-11-26 18:09:54,953 [WARN] ConditionMgr:1039 - genDependencies : Invalid condition id : UX DEVICE CLASS RTOS Condition cause : null
2023-11-26 18:09:54,953 [WARN] ConditionMgr:1039 - genDependencies : Invalid condition id : UX DEVICE CLASS RTOS Condition cause : null
2023-11-26 18:09:54,953 [WARN] ConditionMgr:1039 - genDependencies : Invalid condition id : UX DEVICE CLASS RTOS Condition cause : null
2023-11-26 18:09:54,953 [WARN] ConditionMgr:1039 - genDependencies : Invalid condition id : UX DEVICE CLASS RTOS Condition cause : null
2023-11-26 18:09:54,954 [WARN] ConditionMgr:1039 - genDependencies : Invalid condition id : UX DEVICE CLASS RTOS Condition cause : null
2023-11-26 18:09:54,964 [WARN] PackLoader:240 - Cannot read IP mode file for STMicroelectronics.X-CUBE-SFXS2LP1.3.1.0
2023-11-26 18:09:54,983 [WARN] PackLoader:240 - Cannot read IP mode file for STMicroelectronics.X-CUBE-AZRTOS-F4.1.0.0
2023-11-26 18:09:54,993 [WARN] PackLoader:240 - Cannot read IP mode file for STMicroelectronics.X-CUBE-TOF1.2.0.0
2023-11-26 18:09:55,002 [WARN] PackLoader:240 - Cannot read IP mode file for STMicroelectronics.X-CUBE-NFC7.1.0.1
2023-11-26 18:09:55,011 [WARN] PackLoader:240 - Cannot read IP mode file for STMicroelectronics.X-CUBE-NFC7.1.0.0
2023-11-26 18:09:55,021 [WARN] PackLoader:240 - Cannot read IP mode file for STMicroelectronics.X-CUBE-NFC6.3.0.0
2023-11-26 18:09:55,030 [WARN] PackLoader:240 - Cannot read IP mode file for STMicroelectronics.X-CUBE-EEPRMA1.4.1.0
2023-11-26 18:09:55,038 [WARN] PackLoader:240 - Cannot read IP mode file for STMicroelectronics.X-CUBE-DISPLAY.1.0.0
2023-11-26 18:09:55,046 [WARN] PackLoader:240 - Cannot read IP mode file for STMicroelectronics.X-CUBE-AI.8.1.0
2023-11-26 18:09:55,065 [WARN] ConditionMgr:438 - getConditionDescription Invalid condition id : LAN8742 Phy interface Condition cause : null
2023-11-26 18:09:55,065 [WARN] PackLoader:240 - Cannot read IP mode file for STMicroelectronics.X-CUBE-AZRTOS-L4.2.0.0
2023-11-26 18:09:55,066 [WARN] ConditionMgr:1039 - genDependencies : Invalid condition id : LAN8742 Phy interface Condition cause : null
2023-11-26 18:09:55,066 [WARN] ConditionMgr:1039 - genDependencies : Invalid condition id : LAN8742 Phy interface Condition cause : null
2023-11-26 18:09:55,066 [WARN] ConditionMgr:1039 - genDependencies : Invalid condition id : LAN8742 Phy interface Condition cause : null
2023-11-26 18:09:55,077 [WARN] PackLoader:240 - Cannot read IP mode file for STMicroelectronics.X-CUBE-SFXS2LP1.4.0.0
2023-11-26 18:09:55,085 [WARN] PackLoader:240 - Cannot read IP mode file for STMicroelectronics.X-CUBE-ISPU.1.1.0
2023-11-26 18:09:55,095 [WARN] PackLoader:240 - Cannot read IP mode file for RoweBots.I-CUBE-UNISONRTOS.5.5.0-4
2023-11-26 18:09:55,112 [WARN] ConditionMgr:438 - getConditionDescription Invalid condition id : UX DEVICE CLASS RTOS Condition cause : null
2023-11-26 18:09:55,112 [WARN] ConditionMgr:438 - getConditionDescription Invalid condition id : UX DEVICE CLASS RTOS Condition cause : null
2023-11-26 18:09:55,113 [WARN] PackLoader:240 - Cannot read IP mode file for STMicroelectronics.X-CUBE-AZRTOS-WB.2.0.0
2023-11-26 18:09:55,114 [WARN] ConditionMgr:1039 - genDependencies : Invalid condition id : UX DEVICE CLASS RTOS Condition cause : null
2023-11-26 18:09:55,114 [WARN] ConditionMgr:1039 - genDependencies : Invalid condition id : UX DEVICE CLASS RTOS Condition cause : null
2023-11-26 18:09:55,114 [WARN] ConditionMgr:1039 - genDependencies : Invalid condition id : UX DEVICE CLASS RTOS Condition cause : null
2023-11-26 18:09:55,114 [WARN] ConditionMgr:1039 - genDependencies : Invalid condition id : UX DEVICE CLASS RTOS Condition cause : null
2023-11-26 18:09:55,114 [WARN] ConditionMgr:1039 - genDependencies : Invalid condition id : UX DEVICE CLASS RTOS Condition cause : null
2023-11-26 18:09:55,122 [WARN] PackLoader:240 - Cannot read IP mode file for STMicroelectronics.X-CUBE-FREERTOS.1.0.1
2023-11-26 18:09:55,153 [WARN] PackLoader:240 - Cannot read IP mode file for STMicroelectronics.X-CUBE-MEMS1.9.0.0
2023-11-26 18:09:55,222 [WARN] PackLoader:240 - Cannot read IP mode file for STMicroelectronics.X-CUBE-AZRTOS-L5.1.1.0
2023-11-26 18:09:55,231 [WARN] PackLoader:240 - Cannot read IP mode file for STMicroelectronics.X-CUBE-AI.8.0.1
2023-11-26 18:09:55,244 [WARN] PackLoader:240 - Cannot read IP mode file for STMicroelectronics.X-CUBE-SUBG2.5.0.0
2023-11-26 18:09:55,259 [WARN] PackLoader:240 - Cannot read IP mode file for STMicroelectronics.X-CUBE-TOF1.3.3.1
2023-11-26 18:09:55,280 [WARN] PackLoader:240 - Cannot read IP mode file for STMicroelectronics.X-CUBE-AZRTOS-G4.2.0.0
2023-11-26 18:09:55,294 [WARN] PackLoader:240 - Cannot read IP mode file for STMicroelectronics.X-CUBE-TOF1.3.3.0
2023-11-26 18:09:55,315 [WARN] PackLoader:240 - Cannot read IP mode file for Infineon.AIROC-Wi-Fi-Bluetooth-STM32.1.5.1
2023-11-26 18:09:55,324 [WARN] PackLoader:240 - Cannot read IP mode file for STMicroelectronics.FP-SNS-MOTENVWB1.1.3.0
2023-11-26 18:09:55,340 [WARN] PackLoader:240 - Cannot read IP mode file for STMicroelectronics.X-CUBE-AZRTOS-G4.1.0.0
2023-11-26 18:09:55,359 [WARN] PackLoader:240 - Cannot read IP mode file for STMicroelectronics.X-CUBE-AZRTOS-L4.1.0.0
2023-11-26 18:09:55,391 [WARN] PackLoader:240 - Cannot read IP mode file for STMicroelectronics.X-CUBE-MEMS1.10.0.0
2023-11-26 18:09:55,467 [WARN] PackLoader:240 - Cannot read IP mode file for STMicroelectronics.X-CUBE-FREERTOS.1.1.0
2023-11-26 18:09:55,485 [WARN] PackLoader:240 - Cannot read IP mode file for STMicroelectronics.X-CUBE-AZRTOS-F7.1.0.0
2023-11-26 18:09:55,499 [WARN] PackLoader:240 - Cannot read IP mode file for STMicroelectronics.X-CUBE-AZRTOS-WL.1.0.0
2023-11-26 18:09:55,528 [WARN] PackLoader:240 - Cannot read IP mode file for STMicroelectronics.X-CUBE-MEMS1.9.1.0
2023-11-26 18:09:55,591 [WARN] PackLoader:240 - Cannot read IP mode file for portGmbH.I-Cube-SoM-uGOAL.1.1.0
2023-11-26 18:09:55,600 [WARN] PackLoader:240 - Cannot read IP mode file for STMicroelectronics.X-CUBE-ALS.1.0.1
2023-11-26 18:09:55,608 [WARN] PackLoader:240 - Cannot read IP mode file for STMicroelectronics.X-CUBE-AI.7.0.0
2023-11-26 18:09:55,628 [WARN] PackLoader:240 - Cannot read IP mode file for STMicroelectronics.X-CUBE-AZRTOS-WB.1.1.0
2023-11-26 18:09:55,647 [WARN] PackLoader:240 - Cannot read IP mode file for STMicroelectronics.X-CUBE-AZRTOS-L5.1.0.0
2023-11-26 18:09:55,657 [WARN] PackLoader:240 - Cannot read IP mode file for STMicroelectronics.X-CUBE-EEPRMA1.3.1.0
2023-11-26 18:09:55,665 [WARN] PackLoader:240 - Cannot read IP mode file for STMicroelectronics.X-CUBE-GNSS1.5.2.0
2023-11-26 18:09:55,674 [WARN] PackLoader:240 - Cannot read IP mode file for STMicroelectronics.FP-ATR-ASTRA1.2.0.0
2023-11-26 18:09:55,687 [WARN] PackLoader:240 - Cannot read IP mode file for STMicroelectronics.X-CUBE-TOF1.3.4.0
2023-11-26 18:09:55,693 [INFO] ThirdParty:978 - Integrity check success = true
2023-11-26 18:09:55,693 [INFO] IntegrityCheckThread:100 - exiting critical section [integrity check]
2023-11-26 18:09:55,693 [INFO] IntegrityCheckThread:103 - End integrity checks thread
